[ 2014-06-03T21:19:53+08:00 ] 127.0.0.1 /bidan/bieggs/index.php
INFO: 6 notice6 notice6.html 1400474580 
INFO: 5 notice5 notice5.html 1400474480 
INFO: 4 notice4 notice4.html 1400474380 
INFO: 3 notice3 notice3.html 1400474280 
INFO: 2 notice2 notice2.html 1400474199 
INFO: 1 notice1 notice1.html 1400474180 
INFO: ------------------------
INFO: 6 eg-6 prize6 33,560,000 1 
INFO: 5 eg-5 prize5 55,560,000 0 
INFO: 4 eg-4 prize4 3,560,000 0 
INFO: 3 eg-3 prize3 2,560,000 0 
INFO: 2 eg-2 prize2 1,560,000 0 
INFO: 1 eg-1 prize1 560,000 0 
INFO: ------------------------

[ 2014-06-03T21:20:00+08:00 ] ERR: (ThinkException) 无法加载模块:ad
[ 2014-06-03T21:20:23+08:00 ] ERR: (ThinkException) 无法加载模块:images
[ 2014-06-03T21:20:43+08:00 ] ERR: (ThinkException) 无法加载模块:ad
[ 2014-06-03T21:25:45+08:00 ] ERR: (ThinkException) 无法加载模块:ad
[ 2014-06-03T21:25:50+08:00 ] ERR: (ThinkException) 无法加载模块:images
[ 2014-06-03T21:45:39+08:00 ] ERR: (ThinkException) 无法加载模块:user
