[ 2014-06-10T12:38:54+08:00 ] ERR: (ThinkException) цЧац│ХхКаш╜╜цибхЭЧ:Index
[ 2014-06-10T12:38:58+08:00 ] ERR: (ThinkException) ╙╔╙┌─┐▒ъ╝╞╦у╗·╗¤╝л╛▄╛°гм╬▐╖и┴м╜╙бг

[ 2014-06-10T13:10:31+08:00 ] 127.0.0.1 /bidan/bieggs/index
INFO: 3 хЕ│ф║ОхЫвш┤нш┐ФхИйчЪДчЫ╕хЕ│хЕмхСК notice3.html 1400474280 
INFO: 2 члпхНИчЛВцмвя╝МчЩ╗х╜ХцЬЙхеЦ notice2.html 1400474199 
INFO: 1 хЕ│ф║ОчФицИ╖щжЦцмбхЕСхеЦчЪДчЫ╕хЕ│щЧощвШ notice1.html 1400474180 
INFO: ------------------------
INFO: 2 чммф╕Ах▒КцпФчЙ╣х╕БхдзхеЦш╡Ы 1400474056 
INFO: 1 щжЦхЖ▓щАБхдзчд╝ 1400473645 
INFO: ------------------------
INFO: 6 eg-6 prize6 33,560,000 1 
INFO: 5 eg-5 prize5 55,560,000 0 
INFO: 4 eg-4 prize4 3,560,000 0 
INFO: 3 eg-3 prize3 2,560,000 0 
INFO: 2 eg-2 prize2 1,560,000 0 
INFO: 1 eg-1 prize1 560,000 0 
INFO: ------------------------

[ 2014-06-10T13:10:31+08:00 ] ERR: (ThinkException) цЧац│ХхКаш╜╜цибхЭЧ:inc
[ 2014-06-10T13:10:32+08:00 ] ERR: (ThinkException) цЧац│ХхКаш╜╜цибхЭЧ:Public
[ 2014-06-10T13:10:32+08:00 ] ERR: (ThinkException) цЧац│ХхКаш╜╜цибхЭЧ:Public
[ 2014-06-10T13:10:32+08:00 ] ERR: (ThinkException) цЧац│ХхКаш╜╜цибхЭЧ:Public
[ 2014-06-10T13:11:12+08:00 ] ERR: (ThinkException) цЧац│ХхКаш╜╜цибхЭЧ:images
[ 2014-06-10T13:11:13+08:00 ] ERR: (ThinkException) цЧац│ХхКаш╜╜цибхЭЧ:Public
[ 2014-06-10T13:24:32+08:00 ] ERR: (ThinkException) цЧац│ХхКаш╜╜цибхЭЧ:images
[ 2014-06-10T13:24:32+08:00 ] ERR: (ThinkException) цЧац│ХхКаш╜╜цибхЭЧ:images
[ 2014-06-10T13:25:19+08:00 ] ERR: (ThinkException) цЧац│ХхКаш╜╜цибхЭЧ:images
[ 2014-06-10T13:25:19+08:00 ] ERR: (ThinkException) цЧац│ХхКаш╜╜цибхЭЧ:images
[ 2014-06-10T13:33:22+08:00 ] ERR: (ThinkException) цЧац│ХхКаш╜╜цибхЭЧ:images
[ 2014-06-10T13:33:23+08:00 ] ERR: (ThinkException) цЧац│ХхКаш╜╜цибхЭЧ:images
[ 2014-06-10T13:34:12+08:00 ] ERR: (ThinkException) цЧац│ХхКаш╜╜цибхЭЧ:images
[ 2014-06-10T13:34:12+08:00 ] ERR: (ThinkException) цЧац│ХхКаш╜╜цибхЭЧ:Public
[ 2014-06-10T13:34:12+08:00 ] ERR: (ThinkException) цЧац│ХхКаш╜╜цибхЭЧ:images
[ 2014-06-10T13:34:27+08:00 ] ERR: (ThinkException) цЧац│ХхКаш╜╜цибхЭЧ:images
[ 2014-06-10T13:34:27+08:00 ] ERR: (ThinkException) цЧац│ХхКаш╜╜цибхЭЧ:Public
[ 2014-06-10T13:34:27+08:00 ] ERR: (ThinkException) цЧац│ХхКаш╜╜цибхЭЧ:images
[ 2014-06-10T13:37:26+08:00 ] ERR: (ThinkException) цЧац│ХхКаш╜╜цибхЭЧ:images
[ 2014-06-10T13:37:26+08:00 ] ERR: (ThinkException) цЧац│ХхКаш╜╜цибхЭЧ:images
[ 2014-06-10T13:37:26+08:00 ] ERR: (ThinkException) цЧац│ХхКаш╜╜цибхЭЧ:images
[ 2014-06-10T13:49:52+08:00 ] ERR: (ThinkException) цЧац│ХхКаш╜╜цибхЭЧ:images
[ 2014-06-10T13:49:52+08:00 ] ERR: (ThinkException) цЧац│ХхКаш╜╜цибхЭЧ:images
[ 2014-06-10T14:02:22+08:00 ] ERR: (ThinkException) цЧац│ХхКаш╜╜цибхЭЧ:images
[ 2014-06-10T14:02:22+08:00 ] ERR: (ThinkException) цЧац│ХхКаш╜╜цибхЭЧ:images
[ 2014-06-10T14:02:22+08:00 ] ERR: (ThinkException) цЧац│ХхКаш╜╜цибхЭЧ:Public
[ 2014-06-10T14:02:38+08:00 ] 127.0.0.1 /bidan/bieggs/index
INFO: 3 хЕ│ф║ОхЫвш┤нш┐ФхИйчЪДчЫ╕хЕ│хЕмхСК notice3.html 1400474280 
INFO: 2 члпхНИчЛВцмвя╝МчЩ╗х╜ХцЬЙхеЦ notice2.html 1400474199 
INFO: 1 хЕ│ф║ОчФицИ╖щжЦцмбхЕСхеЦчЪДчЫ╕хЕ│щЧощвШ notice1.html 1400474180 
INFO: ------------------------
INFO: 2 чммф╕Ах▒КцпФчЙ╣х╕БхдзхеЦш╡Ы 1400474056 
INFO: 1 щжЦхЖ▓щАБхдзчд╝ 1400473645 
INFO: ------------------------
INFO: 6 eg-6 prize6 33,560,000 1 
INFO: 5 eg-5 prize5 55,560,000 0 
INFO: 4 eg-4 prize4 3,560,000 0 
INFO: 3 eg-3 prize3 2,560,000 0 
INFO: 2 eg-2 prize2 1,560,000 0 
INFO: 1 eg-1 prize1 560,000 0 
INFO: ------------------------

[ 2014-06-10T14:02:38+08:00 ] ERR: (ThinkException) цЧац│ХхКаш╜╜цибхЭЧ:inc
[ 2014-06-10T14:02:39+08:00 ] ERR: (ThinkException) цЧац│ХхКаш╜╜цибхЭЧ:Public
[ 2014-06-10T14:02:39+08:00 ] ERR: (ThinkException) цЧац│ХхКаш╜╜цибхЭЧ:inc
[ 2014-06-10T14:02:39+08:00 ] ERR: (ThinkException) цЧац│ХхКаш╜╜цибхЭЧ:Public
[ 2014-06-10T14:02:39+08:00 ] ERR: (ThinkException) цЧац│ХхКаш╜╜цибхЭЧ:Public
[ 2014-06-10T14:02:52+08:00 ] ERR: (ThinkException) цЧац│ХхКаш╜╜цибхЭЧ:images
[ 2014-06-10T14:02:52+08:00 ] ERR: (ThinkException) цЧац│ХхКаш╜╜цибхЭЧ:images
[ 2014-06-10T14:03:54+08:00 ] ERR: (ThinkException) цЧац│ХхКаш╜╜цибхЭЧ:images
[ 2014-06-10T14:03:54+08:00 ] ERR: (ThinkException) цЧац│ХхКаш╜╜цибхЭЧ:images
[ 2014-06-10T14:03:54+08:00 ] ERR: (ThinkException) цЧац│ХхКаш╜╜цибхЭЧ:Public
[ 2014-06-10T14:04:42+08:00 ] ERR: (ThinkException) цЧац│ХхКаш╜╜цибхЭЧ:images
[ 2014-06-10T14:04:42+08:00 ] ERR: (ThinkException) цЧац│ХхКаш╜╜цибхЭЧ:images
[ 2014-06-10T14:04:42+08:00 ] ERR: (ThinkException) цЧац│ХхКаш╜╜цибхЭЧ:Public
[ 2014-06-10T14:05:00+08:00 ] ERR: (ThinkException) цЧац│ХхКаш╜╜цибхЭЧ:images
[ 2014-06-10T14:05:01+08:00 ] ERR: (ThinkException) цЧац│ХхКаш╜╜цибхЭЧ:images
[ 2014-06-10T14:05:01+08:00 ] ERR: (ThinkException) цЧац│ХхКаш╜╜цибхЭЧ:Public
[ 2014-06-10T14:05:22+08:00 ] ERR: (ThinkException) цЧац│ХхКаш╜╜цибхЭЧ:images
[ 2014-06-10T14:05:22+08:00 ] ERR: (ThinkException) цЧац│ХхКаш╜╜цибхЭЧ:images
[ 2014-06-10T14:05:22+08:00 ] ERR: (ThinkException) цЧац│ХхКаш╜╜цибхЭЧ:Public
[ 2014-06-10T14:06:12+08:00 ] ERR: (ThinkException) цЧац│ХхКаш╜╜цибхЭЧ:images
[ 2014-06-10T14:06:12+08:00 ] ERR: (ThinkException) цЧац│ХхКаш╜╜цибхЭЧ:images
[ 2014-06-10T14:06:12+08:00 ] ERR: (ThinkException) цЧац│ХхКаш╜╜цибхЭЧ:Public
[ 2014-06-10T14:09:48+08:00 ] ERR: (ThinkException) цЧац│ХхКаш╜╜цибхЭЧ:images
[ 2014-06-10T14:09:48+08:00 ] ERR: (ThinkException) цЧац│ХхКаш╜╜цибхЭЧ:images
[ 2014-06-10T14:09:48+08:00 ] ERR: (ThinkException) цЧац│ХхКаш╜╜цибхЭЧ:Public
[ 2014-06-10T14:09:52+08:00 ] ERR: (ThinkException) цЧац│ХхКаш╜╜цибхЭЧ:images
[ 2014-06-10T14:09:52+08:00 ] ERR: (ThinkException) цЧац│ХхКаш╜╜цибхЭЧ:images
[ 2014-06-10T14:13:44+08:00 ] ERR: (ThinkException) цЧац│ХхКаш╜╜цибхЭЧ:images
[ 2014-06-10T14:13:44+08:00 ] ERR: (ThinkException) цЧац│ХхКаш╜╜цибхЭЧ:images
[ 2014-06-10T14:13:44+08:00 ] ERR: (ThinkException) цЧац│ХхКаш╜╜цибхЭЧ:Public
[ 2014-06-10T14:14:05+08:00 ] ERR: (ThinkException) цЧац│ХхКаш╜╜цибхЭЧ:images
[ 2014-06-10T14:14:05+08:00 ] ERR: (ThinkException) цЧац│ХхКаш╜╜цибхЭЧ:images
[ 2014-06-10T14:14:31+08:00 ] ERR: (ThinkException) цЧац│ХхКаш╜╜цибхЭЧ:images
[ 2014-06-10T14:14:31+08:00 ] ERR: (ThinkException) цЧац│ХхКаш╜╜цибхЭЧ:images
[ 2014-06-10T14:14:31+08:00 ] ERR: (ThinkException) цЧац│ХхКаш╜╜цибхЭЧ:Public
[ 2014-06-10T14:14:40+08:00 ] ERR: (ThinkException) цЧац│ХхКаш╜╜цибхЭЧ:images
[ 2014-06-10T14:14:40+08:00 ] ERR: (ThinkException) цЧац│ХхКаш╜╜цибхЭЧ:images
[ 2014-06-10T14:14:40+08:00 ] ERR: (ThinkException) цЧац│ХхКаш╜╜цибхЭЧ:Public
[ 2014-06-10T14:14:49+08:00 ] ERR: (ThinkException) цЧац│ХхКаш╜╜цибхЭЧ:images
[ 2014-06-10T14:14:49+08:00 ] ERR: (ThinkException) цЧац│ХхКаш╜╜цибхЭЧ:images
[ 2014-06-10T14:14:49+08:00 ] ERR: (ThinkException) цЧац│ХхКаш╜╜цибхЭЧ:Public
[ 2014-06-10T14:15:03+08:00 ] ERR: (ThinkException) цЧац│ХхКаш╜╜цибхЭЧ:images
[ 2014-06-10T14:15:03+08:00 ] ERR: (ThinkException) цЧац│ХхКаш╜╜цибхЭЧ:images
[ 2014-06-10T14:15:03+08:00 ] ERR: (ThinkException) цЧац│ХхКаш╜╜цибхЭЧ:Public
[ 2014-06-10T15:56:42+08:00 ] ERR: (ThinkException) цЧац│ХхКаш╜╜цибхЭЧ:images
[ 2014-06-10T15:56:42+08:00 ] ERR: (ThinkException) цЧац│ХхКаш╜╜цибхЭЧ:images
[ 2014-06-10T15:56:42+08:00 ] ERR: (ThinkException) цЧац│ХхКаш╜╜цибхЭЧ:images
[ 2014-06-10T15:56:42+08:00 ] ERR: (ThinkException) цЧац│ХхКаш╜╜цибхЭЧ:Public
[ 2014-06-10T15:57:18+08:00 ] ERR: (ThinkException) цЧац│ХхКаш╜╜цибхЭЧ:images
[ 2014-06-10T15:57:18+08:00 ] ERR: (ThinkException) цЧац│ХхКаш╜╜цибхЭЧ:images
[ 2014-06-10T15:57:18+08:00 ] ERR: (ThinkException) цЧац│ХхКаш╜╜цибхЭЧ:Public
[ 2014-06-10T15:58:33+08:00 ] ERR: (ThinkException) цЧац│ХхКаш╜╜цибхЭЧ:images
[ 2014-06-10T15:58:33+08:00 ] ERR: (ThinkException) цЧац│ХхКаш╜╜цибхЭЧ:images
[ 2014-06-10T15:58:35+08:00 ] ERR: (ThinkException) цЧац│ХхКаш╜╜цибхЭЧ:images
[ 2014-06-10T15:58:35+08:00 ] ERR: (ThinkException) цЧац│ХхКаш╜╜цибхЭЧ:images
[ 2014-06-10T15:58:49+08:00 ] ERR: (ThinkException) цЧац│ХхКаш╜╜цибхЭЧ:images
[ 2014-06-10T15:58:49+08:00 ] ERR: (ThinkException) цЧац│ХхКаш╜╜цибхЭЧ:images
[ 2014-06-10T15:58:50+08:00 ] ERR: (ThinkException) цЧац│ХхКаш╜╜цибхЭЧ:images
[ 2014-06-10T15:58:50+08:00 ] ERR: (ThinkException) цЧац│ХхКаш╜╜цибхЭЧ:images
[ 2014-06-10T15:59:19+08:00 ] ERR: (ThinkException) цЧац│ХхКаш╜╜цибхЭЧ:images
[ 2014-06-10T15:59:19+08:00 ] ERR: (ThinkException) цЧац│ХхКаш╜╜цибхЭЧ:images
[ 2014-06-10T16:02:56+08:00 ] ERR: (ThinkException) цЧац│ХхКаш╜╜цибхЭЧ:images
[ 2014-06-10T16:02:56+08:00 ] ERR: (ThinkException) цЧац│ХхКаш╜╜цибхЭЧ:images
[ 2014-06-10T16:02:56+08:00 ] ERR: (ThinkException) цЧац│ХхКаш╜╜цибхЭЧ:Public
[ 2014-06-10T16:02:59+08:00 ] ERR: (ThinkException) цЧац│ХхКаш╜╜цибхЭЧ:images
[ 2014-06-10T16:02:59+08:00 ] ERR: (ThinkException) цЧац│ХхКаш╜╜цибхЭЧ:images
[ 2014-06-10T16:03:33+08:00 ] ERR: (ThinkException) цЧац│ХхКаш╜╜цибхЭЧ:images
[ 2014-06-10T16:03:33+08:00 ] ERR: (ThinkException) цЧац│ХхКаш╜╜цибхЭЧ:images
[ 2014-06-10T16:03:51+08:00 ] ERR: (ThinkException) цЧац│ХхКаш╜╜цибхЭЧ:images
[ 2014-06-10T16:03:51+08:00 ] ERR: (ThinkException) цЧац│ХхКаш╜╜цибхЭЧ:images
[ 2014-06-10T16:04:01+08:00 ] ERR: (ThinkException) цЧац│ХхКаш╜╜цибхЭЧ:images
[ 2014-06-10T16:04:01+08:00 ] ERR: (ThinkException) цЧац│ХхКаш╜╜цибхЭЧ:images
[ 2014-06-10T16:04:57+08:00 ] ERR: (ThinkException) цЧац│ХхКаш╜╜цибхЭЧ:images
[ 2014-06-10T16:04:57+08:00 ] ERR: (ThinkException) цЧац│ХхКаш╜╜цибхЭЧ:images
[ 2014-06-10T16:06:01+08:00 ] ERR: (ThinkException) цЧац│ХхКаш╜╜цибхЭЧ:images
[ 2014-06-10T16:06:01+08:00 ] ERR: (ThinkException) цЧац│ХхКаш╜╜цибхЭЧ:images
[ 2014-06-10T16:06:51+08:00 ] ERR: (ThinkException) цЧац│ХхКаш╜╜цибхЭЧ:images
[ 2014-06-10T16:06:51+08:00 ] ERR: (ThinkException) цЧац│ХхКаш╜╜цибхЭЧ:images
[ 2014-06-10T16:06:51+08:00 ] ERR: (ThinkException) цЧац│ХхКаш╜╜цибхЭЧ:Public
[ 2014-06-10T16:06:52+08:00 ] ERR: (ThinkException) цЧац│ХхКаш╜╜цибхЭЧ:images
[ 2014-06-10T16:06:52+08:00 ] ERR: (ThinkException) цЧац│ХхКаш╜╜цибхЭЧ:images
[ 2014-06-10T16:06:53+08:00 ] ERR: (ThinkException) цЧац│ХхКаш╜╜цибхЭЧ:images
[ 2014-06-10T16:06:53+08:00 ] ERR: (ThinkException) цЧац│ХхКаш╜╜цибхЭЧ:images
[ 2014-06-10T16:06:54+08:00 ] ERR: (ThinkException) цЧац│ХхКаш╜╜цибхЭЧ:images
[ 2014-06-10T16:06:54+08:00 ] ERR: (ThinkException) цЧац│ХхКаш╜╜цибхЭЧ:images
[ 2014-06-10T16:06:54+08:00 ] ERR: (ThinkException) цЧац│ХхКаш╜╜цибхЭЧ:images
[ 2014-06-10T16:06:54+08:00 ] ERR: (ThinkException) цЧац│ХхКаш╜╜цибхЭЧ:images
[ 2014-06-10T16:08:46+08:00 ] ERR: (ThinkException) цЧац│ХхКаш╜╜цибхЭЧ:images
[ 2014-06-10T16:08:46+08:00 ] ERR: (ThinkException) цЧац│ХхКаш╜╜цибхЭЧ:images
[ 2014-06-10T16:08:46+08:00 ] ERR: (ThinkException) цЧац│ХхКаш╜╜цибхЭЧ:Public
[ 2014-06-10T16:09:14+08:00 ] ERR: (ThinkException) цЧац│ХхКаш╜╜цибхЭЧ:images
[ 2014-06-10T16:09:14+08:00 ] ERR: (ThinkException) цЧац│ХхКаш╜╜цибхЭЧ:images
[ 2014-06-10T16:09:14+08:00 ] ERR: (ThinkException) цЧац│ХхКаш╜╜цибхЭЧ:Public
[ 2014-06-10T16:17:30+08:00 ] ERR: (ThinkException) цЧац│ХхКаш╜╜цибхЭЧ:images
[ 2014-06-10T16:17:30+08:00 ] ERR: (ThinkException) цЧац│ХхКаш╜╜цибхЭЧ:images
[ 2014-06-10T16:17:30+08:00 ] ERR: (ThinkException) цЧац│ХхКаш╜╜цибхЭЧ:Public
[ 2014-06-10T16:27:32+08:00 ] ERR: (ThinkException) цЧац│ХхКаш╜╜цибхЭЧ:images
[ 2014-06-10T16:27:32+08:00 ] ERR: (ThinkException) цЧац│ХхКаш╜╜цибхЭЧ:images
[ 2014-06-10T16:27:32+08:00 ] ERR: (ThinkException) цЧац│ХхКаш╜╜цибхЭЧ:Public
[ 2014-06-10T16:27:32+08:00 ] ERR: (ThinkException) цЧац│ХхКаш╜╜цибхЭЧ:Public
[ 2014-06-10T16:27:34+08:00 ] ERR: (ThinkException) цЧац│ХхКаш╜╜цибхЭЧ:images
[ 2014-06-10T16:27:34+08:00 ] ERR: (ThinkException) цЧац│ХхКаш╜╜цибхЭЧ:images
[ 2014-06-10T16:27:35+08:00 ] ERR: (ThinkException) цЧац│ХхКаш╜╜цибхЭЧ:images
[ 2014-06-10T16:27:35+08:00 ] ERR: (ThinkException) цЧац│ХхКаш╜╜цибхЭЧ:images
[ 2014-06-10T16:27:36+08:00 ] ERR: (ThinkException) цЧац│ХхКаш╜╜цибхЭЧ:images
[ 2014-06-10T16:27:36+08:00 ] ERR: (ThinkException) цЧац│ХхКаш╜╜цибхЭЧ:images
[ 2014-06-10T16:27:37+08:00 ] ERR: (ThinkException) цЧац│ХхКаш╜╜цибхЭЧ:images
[ 2014-06-10T16:27:37+08:00 ] ERR: (ThinkException) цЧац│ХхКаш╜╜цибхЭЧ:images
[ 2014-06-10T16:27:58+08:00 ] ERR: (ThinkException) цЧац│ХхКаш╜╜цибхЭЧ:images
[ 2014-06-10T16:27:58+08:00 ] ERR: (ThinkException) цЧац│ХхКаш╜╜цибхЭЧ:images
[ 2014-06-10T16:27:58+08:00 ] ERR: (ThinkException) цЧац│ХхКаш╜╜цибхЭЧ:Public
[ 2014-06-10T16:27:58+08:00 ] ERR: (ThinkException) цЧац│ХхКаш╜╜цибхЭЧ:Public
[ 2014-06-10T16:28:07+08:00 ] ERR: (ThinkException) цЧац│ХхКаш╜╜цибхЭЧ:images
[ 2014-06-10T16:28:07+08:00 ] ERR: (ThinkException) цЧац│ХхКаш╜╜цибхЭЧ:images
[ 2014-06-10T16:28:07+08:00 ] ERR: (ThinkException) цЧац│ХхКаш╜╜цибхЭЧ:Public
[ 2014-06-10T16:28:07+08:00 ] ERR: (ThinkException) цЧац│ХхКаш╜╜цибхЭЧ:Public
[ 2014-06-10T16:28:09+08:00 ] ERR: (ThinkException) цЧац│ХхКаш╜╜цибхЭЧ:images
[ 2014-06-10T16:28:09+08:00 ] ERR: (ThinkException) цЧац│ХхКаш╜╜цибхЭЧ:images
[ 2014-06-10T16:28:09+08:00 ] ERR: (ThinkException) цЧац│ХхКаш╜╜цибхЭЧ:images
[ 2014-06-10T16:28:09+08:00 ] ERR: (ThinkException) цЧац│ХхКаш╜╜цибхЭЧ:images
[ 2014-06-10T16:28:10+08:00 ] ERR: (ThinkException) цЧац│ХхКаш╜╜цибхЭЧ:images
[ 2014-06-10T16:28:10+08:00 ] ERR: (ThinkException) цЧац│ХхКаш╜╜цибхЭЧ:images
[ 2014-06-10T16:43:47+08:00 ] ERR: (ThinkException) цЧац│ХхКаш╜╜цибхЭЧ:images
[ 2014-06-10T16:43:47+08:00 ] ERR: (ThinkException) цЧац│ХхКаш╜╜цибхЭЧ:images
[ 2014-06-10T16:43:47+08:00 ] ERR: (ThinkException) цЧац│ХхКаш╜╜цибхЭЧ:Public
[ 2014-06-10T16:43:47+08:00 ] ERR: (ThinkException) цЧац│ХхКаш╜╜цибхЭЧ:Public
[ 2014-06-10T16:43:48+08:00 ] ERR: (ThinkException) цЧац│ХхКаш╜╜цибхЭЧ:images
[ 2014-06-10T16:43:48+08:00 ] ERR: (ThinkException) цЧац│ХхКаш╜╜цибхЭЧ:images
[ 2014-06-10T16:43:48+08:00 ] ERR: (ThinkException) цЧац│ХхКаш╜╜цибхЭЧ:Public
[ 2014-06-10T16:43:48+08:00 ] ERR: (ThinkException) цЧац│ХхКаш╜╜цибхЭЧ:Public
[ 2014-06-10T16:45:03+08:00 ] ERR: (ThinkException) цЧац│ХхКаш╜╜цибхЭЧ:images
[ 2014-06-10T16:45:03+08:00 ] ERR: (ThinkException) цЧац│ХхКаш╜╜цибхЭЧ:images
[ 2014-06-10T16:45:03+08:00 ] ERR: (ThinkException) цЧац│ХхКаш╜╜цибхЭЧ:Public
[ 2014-06-10T16:47:34+08:00 ] ERR: (ThinkException) цЧац│ХхКаш╜╜цибхЭЧ:images
[ 2014-06-10T16:47:34+08:00 ] ERR: (ThinkException) цЧац│ХхКаш╜╜цибхЭЧ:images
[ 2014-06-10T16:47:34+08:00 ] ERR: (ThinkException) цЧац│ХхКаш╜╜цибхЭЧ:Public
[ 2014-06-10T16:47:44+08:00 ] ERR: (ThinkException) цЧац│ХхКаш╜╜цибхЭЧ:images
[ 2014-06-10T16:47:44+08:00 ] ERR: (ThinkException) цЧац│ХхКаш╜╜цибхЭЧ:images
[ 2014-06-10T16:47:44+08:00 ] ERR: (ThinkException) цЧац│ХхКаш╜╜цибхЭЧ:Public
[ 2014-06-10T16:47:51+08:00 ] ERR: (ThinkException) цЧац│ХхКаш╜╜цибхЭЧ:images
[ 2014-06-10T16:47:51+08:00 ] ERR: (ThinkException) цЧац│ХхКаш╜╜цибхЭЧ:images
[ 2014-06-10T16:47:51+08:00 ] ERR: (ThinkException) цЧац│ХхКаш╜╜цибхЭЧ:Public
[ 2014-06-10T16:48:42+08:00 ] ERR: (ThinkException) цЧац│ХхКаш╜╜цибхЭЧ:images
[ 2014-06-10T16:48:42+08:00 ] ERR: (ThinkException) цЧац│ХхКаш╜╜цибхЭЧ:images
[ 2014-06-10T16:48:44+08:00 ] ERR: (ThinkException) цЧац│ХхКаш╜╜цибхЭЧ:images
[ 2014-06-10T16:48:44+08:00 ] ERR: (ThinkException) цЧац│ХхКаш╜╜цибхЭЧ:images
[ 2014-06-10T16:48:51+08:00 ] ERR: (ThinkException) цЧац│ХхКаш╜╜цибхЭЧ:images
[ 2014-06-10T16:48:51+08:00 ] ERR: (ThinkException) цЧац│ХхКаш╜╜цибхЭЧ:images
[ 2014-06-10T16:49:15+08:00 ] ERR: (ThinkException) цЧац│ХхКаш╜╜цибхЭЧ:images
[ 2014-06-10T16:49:15+08:00 ] ERR: (ThinkException) цЧац│ХхКаш╜╜цибхЭЧ:images
[ 2014-06-10T16:50:25+08:00 ] ERR: (ThinkException) цЧац│ХхКаш╜╜цибхЭЧ:images
[ 2014-06-10T16:50:25+08:00 ] ERR: (ThinkException) цЧац│ХхКаш╜╜цибхЭЧ:images
[ 2014-06-10T16:50:25+08:00 ] ERR: (ThinkException) цЧац│ХхКаш╜╜цибхЭЧ:Public
[ 2014-06-10T16:51:01+08:00 ] ERR: (ThinkException) цЧац│ХхКаш╜╜цибхЭЧ:images
[ 2014-06-10T16:51:01+08:00 ] ERR: (ThinkException) цЧац│ХхКаш╜╜цибхЭЧ:images
[ 2014-06-10T16:51:01+08:00 ] ERR: (ThinkException) цЧац│ХхКаш╜╜цибхЭЧ:Public
[ 2014-06-10T16:51:09+08:00 ] ERR: (ThinkException) цЧац│ХхКаш╜╜цибхЭЧ:images
[ 2014-06-10T16:51:09+08:00 ] ERR: (ThinkException) цЧац│ХхКаш╜╜цибхЭЧ:images
[ 2014-06-10T16:52:42+08:00 ] ERR: (ThinkException) цЧац│ХхКаш╜╜цибхЭЧ:images
[ 2014-06-10T16:52:43+08:00 ] ERR: (ThinkException) цЧац│ХхКаш╜╜цибхЭЧ:images
[ 2014-06-10T16:52:43+08:00 ] ERR: (ThinkException) цЧац│ХхКаш╜╜цибхЭЧ:Public
[ 2014-06-10T16:53:44+08:00 ] ERR: (ThinkException) цЧац│ХхКаш╜╜цибхЭЧ:images
[ 2014-06-10T16:53:44+08:00 ] ERR: (ThinkException) цЧац│ХхКаш╜╜цибхЭЧ:images
[ 2014-06-10T16:53:44+08:00 ] ERR: (ThinkException) цЧац│ХхКаш╜╜цибхЭЧ:Public
[ 2014-06-10T16:53:46+08:00 ] ERR: (ThinkException) цЧац│ХхКаш╜╜цибхЭЧ:images
[ 2014-06-10T16:53:46+08:00 ] ERR: (ThinkException) цЧац│ХхКаш╜╜цибхЭЧ:images
[ 2014-06-10T16:53:47+08:00 ] ERR: (ThinkException) цЧац│ХхКаш╜╜цибхЭЧ:images
[ 2014-06-10T16:53:47+08:00 ] ERR: (ThinkException) цЧац│ХхКаш╜╜цибхЭЧ:images
[ 2014-06-10T16:53:54+08:00 ] ERR: (ThinkException) цЧац│ХхКаш╜╜цибхЭЧ:images
[ 2014-06-10T16:53:55+08:00 ] ERR: (ThinkException) цЧац│ХхКаш╜╜цибхЭЧ:images
[ 2014-06-10T16:53:55+08:00 ] ERR: (ThinkException) цЧац│ХхКаш╜╜цибхЭЧ:Public
[ 2014-06-10T16:54:05+08:00 ] ERR: (ThinkException) цЧац│ХхКаш╜╜цибхЭЧ:images
[ 2014-06-10T16:54:05+08:00 ] ERR: (ThinkException) цЧац│ХхКаш╜╜цибхЭЧ:images
[ 2014-06-10T16:54:05+08:00 ] ERR: (ThinkException) цЧац│ХхКаш╜╜цибхЭЧ:Public
[ 2014-06-10T16:54:24+08:00 ] ERR: (ThinkException) цЧац│ХхКаш╜╜цибхЭЧ:images
[ 2014-06-10T16:54:24+08:00 ] ERR: (ThinkException) цЧац│ХхКаш╜╜цибхЭЧ:images
[ 2014-06-10T16:54:24+08:00 ] ERR: (ThinkException) цЧац│ХхКаш╜╜цибхЭЧ:Public
[ 2014-06-10T16:54:36+08:00 ] ERR: (ThinkException) цЧац│ХхКаш╜╜цибхЭЧ:images
[ 2014-06-10T16:54:36+08:00 ] ERR: (ThinkException) цЧац│ХхКаш╜╜цибхЭЧ:images
[ 2014-06-10T16:54:36+08:00 ] ERR: (ThinkException) цЧац│ХхКаш╜╜цибхЭЧ:Public
[ 2014-06-10T16:55:12+08:00 ] ERR: (ThinkException) цЧац│ХхКаш╜╜цибхЭЧ:images
[ 2014-06-10T16:55:12+08:00 ] ERR: (ThinkException) цЧац│ХхКаш╜╜цибхЭЧ:images
[ 2014-06-10T16:55:12+08:00 ] ERR: (ThinkException) цЧац│ХхКаш╜╜цибхЭЧ:Public
[ 2014-06-10T16:55:13+08:00 ] ERR: (ThinkException) цЧац│ХхКаш╜╜цибхЭЧ:images
[ 2014-06-10T16:55:13+08:00 ] ERR: (ThinkException) цЧац│ХхКаш╜╜цибхЭЧ:images
[ 2014-06-10T16:55:14+08:00 ] ERR: (ThinkException) цЧац│ХхКаш╜╜цибхЭЧ:images
[ 2014-06-10T16:55:14+08:00 ] ERR: (ThinkException) цЧац│ХхКаш╜╜цибхЭЧ:images
[ 2014-06-10T16:55:15+08:00 ] ERR: (ThinkException) цЧац│ХхКаш╜╜цибхЭЧ:images
[ 2014-06-10T16:55:15+08:00 ] ERR: (ThinkException) цЧац│ХхКаш╜╜цибхЭЧ:images
[ 2014-06-10T16:55:40+08:00 ] ERR: (ThinkException) цЧац│ХхКаш╜╜цибхЭЧ:images
[ 2014-06-10T16:55:40+08:00 ] ERR: (ThinkException) цЧац│ХхКаш╜╜цибхЭЧ:images
[ 2014-06-10T16:55:40+08:00 ] ERR: (ThinkException) цЧац│ХхКаш╜╜цибхЭЧ:Public
[ 2014-06-10T16:55:42+08:00 ] ERR: (ThinkException) цЧац│ХхКаш╜╜цибхЭЧ:images
[ 2014-06-10T16:55:42+08:00 ] ERR: (ThinkException) цЧац│ХхКаш╜╜цибхЭЧ:images
[ 2014-06-10T16:56:03+08:00 ] ERR: (ThinkException) цЧац│ХхКаш╜╜цибхЭЧ:images
[ 2014-06-10T16:56:03+08:00 ] ERR: (ThinkException) цЧац│ХхКаш╜╜цибхЭЧ:images
[ 2014-06-10T16:56:03+08:00 ] ERR: (ThinkException) цЧац│ХхКаш╜╜цибхЭЧ:Public
[ 2014-06-10T16:58:11+08:00 ] ERR: (ThinkException) цЧац│ХхКаш╜╜цибхЭЧ:images
[ 2014-06-10T16:58:11+08:00 ] ERR: (ThinkException) цЧац│ХхКаш╜╜цибхЭЧ:images
[ 2014-06-10T16:58:11+08:00 ] ERR: (ThinkException) цЧац│ХхКаш╜╜цибхЭЧ:Public
[ 2014-06-10T16:58:21+08:00 ] ERR: (ThinkException) цЧац│ХхКаш╜╜цибхЭЧ:images
[ 2014-06-10T16:58:21+08:00 ] ERR: (ThinkException) цЧац│ХхКаш╜╜цибхЭЧ:images
[ 2014-06-10T16:58:21+08:00 ] ERR: (ThinkException) цЧац│ХхКаш╜╜цибхЭЧ:Public
[ 2014-06-10T16:58:22+08:00 ] ERR: (ThinkException) цЧац│ХхКаш╜╜цибхЭЧ:images
[ 2014-06-10T16:58:22+08:00 ] ERR: (ThinkException) цЧац│ХхКаш╜╜цибхЭЧ:images
[ 2014-06-10T17:00:20+08:00 ] ERR: (ThinkException) цЧац│ХхКаш╜╜цибхЭЧ:images
[ 2014-06-10T17:00:20+08:00 ] ERR: (ThinkException) цЧац│ХхКаш╜╜цибхЭЧ:images
[ 2014-06-10T17:01:05+08:00 ] ERR: (ThinkException) цЧац│ХхКаш╜╜цибхЭЧ:images
[ 2014-06-10T17:01:05+08:00 ] ERR: (ThinkException) цЧац│ХхКаш╜╜цибхЭЧ:images
[ 2014-06-10T17:05:09+08:00 ] ERR: (ThinkException) цЧац│ХхКаш╜╜цибхЭЧ:images
[ 2014-06-10T17:05:09+08:00 ] ERR: (ThinkException) цЧац│ХхКаш╜╜цибхЭЧ:images
[ 2014-06-10T17:05:39+08:00 ] ERR: (ThinkException) цЧац│ХхКаш╜╜цибхЭЧ:images
[ 2014-06-10T17:05:39+08:00 ] ERR: (ThinkException) цЧац│ХхКаш╜╜цибхЭЧ:images
[ 2014-06-10T17:05:39+08:00 ] ERR: (ThinkException) цЧац│ХхКаш╜╜цибхЭЧ:Public
[ 2014-06-10T17:09:58+08:00 ] ERR: (ThinkException) цЧац│ХхКаш╜╜цибхЭЧ:Public
[ 2014-06-10T17:09:58+08:00 ] ERR: (ThinkException) цЧац│ХхКаш╜╜цибхЭЧ:images
[ 2014-06-10T17:09:58+08:00 ] ERR: (ThinkException) цЧац│ХхКаш╜╜цибхЭЧ:images
[ 2014-06-10T17:12:29+08:00 ] ERR: (ThinkException) цЧац│ХхКаш╜╜цибхЭЧ:images
[ 2014-06-10T17:12:29+08:00 ] ERR: (ThinkException) цЧац│ХхКаш╜╜цибхЭЧ:images
[ 2014-06-10T17:12:29+08:00 ] ERR: (ThinkException) цЧац│ХхКаш╜╜цибхЭЧ:Public
[ 2014-06-10T17:13:10+08:00 ] ERR: (ThinkException) цЧац│ХхКаш╜╜цибхЭЧ:images
[ 2014-06-10T17:13:10+08:00 ] ERR: (ThinkException) цЧац│ХхКаш╜╜цибхЭЧ:images
[ 2014-06-10T17:13:10+08:00 ] ERR: (ThinkException) цЧац│ХхКаш╜╜цибхЭЧ:Public
[ 2014-06-10T17:14:12+08:00 ] ERR: (ThinkException) цЧац│ХхКаш╜╜цибхЭЧ:images
[ 2014-06-10T17:14:12+08:00 ] ERR: (ThinkException) цЧац│ХхКаш╜╜цибхЭЧ:images
[ 2014-06-10T17:14:12+08:00 ] ERR: (ThinkException) цЧац│ХхКаш╜╜цибхЭЧ:Public
[ 2014-06-10T17:14:25+08:00 ] ERR: (ThinkException) цЧац│ХхКаш╜╜цибхЭЧ:images
[ 2014-06-10T17:14:25+08:00 ] ERR: (ThinkException) цЧац│ХхКаш╜╜цибхЭЧ:images
[ 2014-06-10T17:14:25+08:00 ] ERR: (ThinkException) цЧац│ХхКаш╜╜цибхЭЧ:Public
[ 2014-06-10T17:14:34+08:00 ] ERR: (ThinkException) цЧац│ХхКаш╜╜цибхЭЧ:images
[ 2014-06-10T17:14:34+08:00 ] ERR: (ThinkException) цЧац│ХхКаш╜╜цибхЭЧ:images
[ 2014-06-10T17:14:34+08:00 ] ERR: (ThinkException) цЧац│ХхКаш╜╜цибхЭЧ:Public
[ 2014-06-10T17:18:16+08:00 ] ERR: (ThinkException) цЧац│ХхКаш╜╜цибхЭЧ:images
[ 2014-06-10T17:18:16+08:00 ] ERR: (ThinkException) цЧац│ХхКаш╜╜цибхЭЧ:images
[ 2014-06-10T17:18:16+08:00 ] ERR: (ThinkException) цЧац│ХхКаш╜╜цибхЭЧ:Public
[ 2014-06-10T17:18:17+08:00 ] ERR: (ThinkException) цЧац│ХхКаш╜╜цибхЭЧ:images
[ 2014-06-10T17:18:17+08:00 ] ERR: (ThinkException) цЧац│ХхКаш╜╜цибхЭЧ:images
[ 2014-06-10T17:18:18+08:00 ] ERR: (ThinkException) цЧац│ХхКаш╜╜цибхЭЧ:images
[ 2014-06-10T17:18:18+08:00 ] ERR: (ThinkException) цЧац│ХхКаш╜╜цибхЭЧ:images
[ 2014-06-10T17:18:26+08:00 ] ERR: (ThinkException) цЧац│ХхКаш╜╜цибхЭЧ:images
[ 2014-06-10T17:18:26+08:00 ] ERR: (ThinkException) цЧац│ХхКаш╜╜цибхЭЧ:images
[ 2014-06-10T17:18:27+08:00 ] ERR: (ThinkException) цЧац│ХхКаш╜╜цибхЭЧ:Public
[ 2014-06-10T17:33:56+08:00 ] ERR: (ThinkException) цЧац│ХхКаш╜╜цибхЭЧ:images
[ 2014-06-10T17:33:56+08:00 ] ERR: (ThinkException) цЧац│ХхКаш╜╜цибхЭЧ:images
[ 2014-06-10T17:33:56+08:00 ] ERR: (ThinkException) цЧац│ХхКаш╜╜цибхЭЧ:Public
[ 2014-06-10T17:40:13+08:00 ] ERR: (ThinkException) цЧац│ХхКаш╜╜цибхЭЧ:images
[ 2014-06-10T17:40:13+08:00 ] ERR: (ThinkException) цЧац│ХхКаш╜╜цибхЭЧ:images
[ 2014-06-10T17:40:15+08:00 ] ERR: (ThinkException) цЧац│ХхКаш╜╜цибхЭЧ:images
[ 2014-06-10T17:40:15+08:00 ] ERR: (ThinkException) цЧац│ХхКаш╜╜цибхЭЧ:images
[ 2014-06-10T17:40:16+08:00 ] ERR: (ThinkException) цЧац│ХхКаш╜╜цибхЭЧ:images
[ 2014-06-10T17:40:16+08:00 ] ERR: (ThinkException) цЧац│ХхКаш╜╜цибхЭЧ:images
[ 2014-06-10T17:41:17+08:00 ] ERR: (ThinkException) цЧац│ХхКаш╜╜цибхЭЧ:images
[ 2014-06-10T17:41:17+08:00 ] ERR: (ThinkException) цЧац│ХхКаш╜╜цибхЭЧ:images
[ 2014-06-10T17:41:17+08:00 ] ERR: (ThinkException) цЧац│ХхКаш╜╜цибхЭЧ:Public
[ 2014-06-10T17:41:33+08:00 ] ERR: (ThinkException) цЧац│ХхКаш╜╜цибхЭЧ:images
[ 2014-06-10T17:41:33+08:00 ] ERR: (ThinkException) цЧац│ХхКаш╜╜цибхЭЧ:images
[ 2014-06-10T17:41:33+08:00 ] ERR: (ThinkException) цЧац│ХхКаш╜╜цибхЭЧ:Public
[ 2014-06-10T17:41:41+08:00 ] ERR: (ThinkException) цЧац│ХхКаш╜╜цибхЭЧ:images
[ 2014-06-10T17:41:41+08:00 ] ERR: (ThinkException) цЧац│ХхКаш╜╜цибхЭЧ:images
[ 2014-06-10T17:41:41+08:00 ] ERR: (ThinkException) цЧац│ХхКаш╜╜цибхЭЧ:Public
[ 2014-06-10T17:41:50+08:00 ] ERR: (ThinkException) цЧац│ХхКаш╜╜цибхЭЧ:images
[ 2014-06-10T17:41:50+08:00 ] ERR: (ThinkException) цЧац│ХхКаш╜╜цибхЭЧ:images
[ 2014-06-10T17:41:50+08:00 ] ERR: (ThinkException) цЧац│ХхКаш╜╜цибхЭЧ:Public
[ 2014-06-10T17:41:57+08:00 ] ERR: (ThinkException) цЧац│ХхКаш╜╜цибхЭЧ:images
[ 2014-06-10T17:41:57+08:00 ] ERR: (ThinkException) цЧац│ХхКаш╜╜цибхЭЧ:images
[ 2014-06-10T17:41:57+08:00 ] ERR: (ThinkException) цЧац│ХхКаш╜╜цибхЭЧ:Public
[ 2014-06-10T17:43:07+08:00 ] ERR: (ThinkException) цЧац│ХхКаш╜╜цибхЭЧ:images
[ 2014-06-10T17:43:07+08:00 ] ERR: (ThinkException) цЧац│ХхКаш╜╜цибхЭЧ:images
[ 2014-06-10T17:43:07+08:00 ] ERR: (ThinkException) цЧац│ХхКаш╜╜цибхЭЧ:Public
[ 2014-06-10T17:43:18+08:00 ] ERR: (ThinkException) цЧац│ХхКаш╜╜цибхЭЧ:images
[ 2014-06-10T17:43:18+08:00 ] ERR: (ThinkException) цЧац│ХхКаш╜╜цибхЭЧ:images
[ 2014-06-10T17:43:27+08:00 ] ERR: (ThinkException) цЧац│ХхКаш╜╜цибхЭЧ:images
[ 2014-06-10T17:43:27+08:00 ] ERR: (ThinkException) цЧац│ХхКаш╜╜цибхЭЧ:images
[ 2014-06-10T17:43:27+08:00 ] ERR: (ThinkException) цЧац│ХхКаш╜╜цибхЭЧ:Public
[ 2014-06-10T17:43:47+08:00 ] ERR: (ThinkException) цЧац│ХхКаш╜╜цибхЭЧ:images
[ 2014-06-10T17:43:47+08:00 ] ERR: (ThinkException) цЧац│ХхКаш╜╜цибхЭЧ:images
[ 2014-06-10T17:43:47+08:00 ] ERR: (ThinkException) цЧац│ХхКаш╜╜цибхЭЧ:Public
[ 2014-06-10T17:47:04+08:00 ] ERR: (ThinkException) цЧац│ХхКаш╜╜цибхЭЧ:images
[ 2014-06-10T17:47:04+08:00 ] ERR: (ThinkException) цЧац│ХхКаш╜╜цибхЭЧ:images
[ 2014-06-10T17:47:05+08:00 ] ERR: (ThinkException) цЧац│ХхКаш╜╜цибхЭЧ:Public
[ 2014-06-10T17:47:20+08:00 ] ERR: (ThinkException) цЧац│ХхКаш╜╜цибхЭЧ:images
[ 2014-06-10T17:47:20+08:00 ] ERR: (ThinkException) цЧац│ХхКаш╜╜цибхЭЧ:images
[ 2014-06-10T17:47:20+08:00 ] ERR: (ThinkException) цЧац│ХхКаш╜╜цибхЭЧ:Public
[ 2014-06-10T17:47:21+08:00 ] ERR: (ThinkException) цЧац│ХхКаш╜╜цибхЭЧ:images
[ 2014-06-10T17:47:21+08:00 ] ERR: (ThinkException) цЧац│ХхКаш╜╜цибхЭЧ:images
[ 2014-06-10T17:49:05+08:00 ] ERR: (ThinkException) цЧац│ХхКаш╜╜цибхЭЧ:images
[ 2014-06-10T17:49:51+08:00 ] ERR: (ThinkException) цЧац│ХхКаш╜╜цибхЭЧ:images
[ 2014-06-10T17:53:24+08:00 ] ERR: (ThinkException) цЧац│ХхКаш╜╜цибхЭЧ:images
[ 2014-06-10T17:53:25+08:00 ] ERR: (ThinkException) цЧац│ХхКаш╜╜цибхЭЧ:images
[ 2014-06-10T17:53:25+08:00 ] ERR: (ThinkException) цЧац│ХхКаш╜╜цибхЭЧ:Public
[ 2014-06-10T17:59:38+08:00 ] ERR: (ThinkException) цЧац│ХхКаш╜╜цибхЭЧ:images
[ 2014-06-10T18:01:38+08:00 ] ERR: (ThinkException) цЧац│ХхКаш╜╜цибхЭЧ:images
[ 2014-06-10T18:01:38+08:00 ] ERR: (ThinkException) цЧац│ХхКаш╜╜цибхЭЧ:images
[ 2014-06-10T18:11:17+08:00 ] ERR: (ThinkException) цЧац│ХхКаш╜╜цибхЭЧ:images
[ 2014-06-10T18:11:38+08:00 ] ERR: (ThinkException) цЧац│ХхКаш╜╜цибхЭЧ:images
[ 2014-06-10T18:11:48+08:00 ] ERR: (ThinkException) цЧац│ХхКаш╜╜цибхЭЧ:images
[ 2014-06-10T18:12:02+08:00 ] ERR: (ThinkException) цЧац│ХхКаш╜╜цибхЭЧ:images
[ 2014-06-10T18:12:21+08:00 ] ERR: (ThinkException) цЧац│ХхКаш╜╜цибхЭЧ:images
[ 2014-06-10T18:12:21+08:00 ] ERR: (ThinkException) цЧац│ХхКаш╜╜цибхЭЧ:images
