[ 2014-06-09T12:06:21+08:00 ] ERR: (ThinkException) цЧац│ХхКаш╜╜цибхЭЧ:Index
[ 2014-06-09T12:06:23+08:00 ] ERR: (ThinkException) ╙╔╙┌─┐▒ъ╝╞╦у╗·╗¤╝л╛▄╛°гм╬▐╖и┴м╜╙бг

[ 2014-06-09T12:08:15+08:00 ] 127.0.0.1 /bidan/bieggs/index
INFO: 3 хЕ│ф║ОхЫвш┤нш┐ФхИйчЪДчЫ╕хЕ│хЕмхСК notice3.html 1400474280 
INFO: 2 члпхНИчЛВцмвя╝МчЩ╗х╜ХцЬЙхеЦ notice2.html 1400474199 
INFO: 1 хЕ│ф║ОчФицИ╖щжЦцмбхЕСхеЦчЪДчЫ╕хЕ│щЧощвШ notice1.html 1400474180 
INFO: ------------------------
INFO: 2 чммф╕Ах▒КцпФчЙ╣х╕БхдзхеЦш╡Ы 1400474056 
INFO: 1 щжЦхЖ▓щАБхдзчд╝ 1400473645 
INFO: ------------------------
INFO: 6 eg-6 prize6 33,560,000 1 
INFO: 5 eg-5 prize5 55,560,000 0 
INFO: 4 eg-4 prize4 3,560,000 0 
INFO: 3 eg-3 prize3 2,560,000 0 
INFO: 2 eg-2 prize2 1,560,000 0 
INFO: 1 eg-1 prize1 560,000 0 
INFO: ------------------------

[ 2014-06-09T12:08:16+08:00 ] ERR: (ThinkException) цЧац│ХхКаш╜╜цибхЭЧ:inc
[ 2014-06-09T12:08:16+08:00 ] ERR: (ThinkException) цЧац│ХхКаш╜╜цибхЭЧ:Public
[ 2014-06-09T12:08:16+08:00 ] ERR: (ThinkException) цЧац│ХхКаш╜╜цибхЭЧ:Public
[ 2014-06-09T12:08:16+08:00 ] ERR: (ThinkException) цЧац│ХхКаш╜╜цибхЭЧ:Public
[ 2014-06-09T12:57:14+08:00 ] ERR: (ThinkException) цЧац│ХхКаш╜╜цибхЭЧ:images
[ 2014-06-09T12:57:14+08:00 ] ERR: (ThinkException) цЧац│ХхКаш╜╜цибхЭЧ:Public
[ 2014-06-09T12:57:21+08:00 ] ERR: (ThinkException) цЧац│ХхКаш╜╜цибхЭЧ:images
[ 2014-06-09T12:57:21+08:00 ] ERR: (ThinkException) цЧац│ХхКаш╜╜цибхЭЧ:Public
[ 2014-06-09T12:57:55+08:00 ] ERR: (ThinkException) цЧац│ХхКаш╜╜цибхЭЧ:img
[ 2014-06-09T12:57:55+08:00 ] ERR: (ThinkException) цЧац│ХхКаш╜╜цибхЭЧ:img
[ 2014-06-09T12:57:55+08:00 ] ERR: (ThinkException) цЧац│ХхКаш╜╜цибхЭЧ:img
[ 2014-06-09T12:57:55+08:00 ] ERR: (ThinkException) цЧац│ХхКаш╜╜цибхЭЧ:img
[ 2014-06-09T12:57:55+08:00 ] ERR: (ThinkException) цЧац│ХхКаш╜╜цибхЭЧ:img
[ 2014-06-09T12:57:55+08:00 ] ERR: (ThinkException) цЧац│ХхКаш╜╜цибхЭЧ:img
[ 2014-06-09T12:57:55+08:00 ] ERR: (ThinkException) цЧац│ХхКаш╜╜цибхЭЧ:img
[ 2014-06-09T12:57:55+08:00 ] ERR: (ThinkException) цЧац│ХхКаш╜╜цибхЭЧ:img
[ 2014-06-09T12:57:55+08:00 ] ERR: (ThinkException) цЧац│ХхКаш╜╜цибхЭЧ:img
[ 2014-06-09T12:57:56+08:00 ] ERR: (ThinkException) цЧац│ХхКаш╜╜цибхЭЧ:img
[ 2014-06-09T12:57:56+08:00 ] ERR: (ThinkException) цЧац│ХхКаш╜╜цибхЭЧ:img
[ 2014-06-09T12:57:56+08:00 ] ERR: (ThinkException) цЧац│ХхКаш╜╜цибхЭЧ:img
[ 2014-06-09T12:57:56+08:00 ] ERR: (ThinkException) цЧац│ХхКаш╜╜цибхЭЧ:img
[ 2014-06-09T12:57:56+08:00 ] ERR: (ThinkException) цЧац│ХхКаш╜╜цибхЭЧ:img
[ 2014-06-09T12:57:56+08:00 ] ERR: (ThinkException) цЧац│ХхКаш╜╜цибхЭЧ:img
[ 2014-06-09T12:57:56+08:00 ] ERR: (ThinkException) цЧац│ХхКаш╜╜цибхЭЧ:img
[ 2014-06-09T12:57:56+08:00 ] ERR: (ThinkException) цЧац│ХхКаш╜╜цибхЭЧ:img
[ 2014-06-09T12:58:09+08:00 ] ERR: (ThinkException) цЧац│ХхКаш╜╜цибхЭЧ:Public
[ 2014-06-09T12:58:09+08:00 ] ERR: (ThinkException) цЧац│ХхКаш╜╜цибхЭЧ:Public
[ 2014-06-09T12:58:11+08:00 ] ERR: (ThinkException) цЧац│ХхКаш╜╜цибхЭЧ:Public
[ 2014-06-09T12:58:11+08:00 ] ERR: (ThinkException) цЧац│ХхКаш╜╜цибхЭЧ:Public
[ 2014-06-09T12:58:12+08:00 ] ERR: (ThinkException) цЧац│ХхКаш╜╜цибхЭЧ:Public
[ 2014-06-09T12:58:35+08:00 ] ERR: (ThinkException) цЧац│ХхКаш╜╜цибхЭЧ:Public
[ 2014-06-09T12:58:35+08:00 ] ERR: (ThinkException) цЧац│ХхКаш╜╜цибхЭЧ:Public
[ 2014-06-09T12:58:35+08:00 ] ERR: (ThinkException) цЧац│ХхКаш╜╜цибхЭЧ:Public
[ 2014-06-09T12:58:35+08:00 ] ERR: (ThinkException) цЧац│ХхКаш╜╜цибхЭЧ:Public
[ 2014-06-09T12:58:35+08:00 ] ERR: (ThinkException) цЧац│ХхКаш╜╜цибхЭЧ:Public
[ 2014-06-09T12:58:46+08:00 ] ERR: (ThinkException) цЧац│ХхКаш╜╜цибхЭЧ:ZeroClipboard
[ 2014-06-09T12:58:49+08:00 ] ERR: (ThinkException) цЧац│ХхКаш╜╜цибхЭЧ:хЕмхСКшпжцГЕ-щБихдЬч╜С - чОйц╕╕цИП ш╡ЪцШЯцШЯ, цНвхеЦхУБх░▒хЬичЖмхдЬч╜С_files
[ 2014-06-09T12:58:49+08:00 ] ERR: (ThinkException) цЧац│ХхКаш╜╜цибхЭЧ:хЕмхСКшпжцГЕ-щБихдЬч╜С - чОйц╕╕цИП ш╡ЪцШЯцШЯ, цНвхеЦхУБх░▒хЬичЖмхдЬч╜С_files
[ 2014-06-09T12:58:49+08:00 ] ERR: (ThinkException) цЧац│ХхКаш╜╜цибхЭЧ:хЕмхСКшпжцГЕ-щБихдЬч╜С - чОйц╕╕цИП ш╡ЪцШЯцШЯ, цНвхеЦхУБх░▒хЬичЖмхдЬч╜С_files
[ 2014-06-09T12:58:49+08:00 ] ERR: (ThinkException) цЧац│ХхКаш╜╜цибхЭЧ:хЕмхСКшпжцГЕ-щБихдЬч╜С - чОйц╕╕цИП ш╡ЪцШЯцШЯ, цНвхеЦхУБх░▒хЬичЖмхдЬч╜С_files
[ 2014-06-09T12:58:49+08:00 ] ERR: (ThinkException) цЧац│ХхКаш╜╜цибхЭЧ:хЕмхСКшпжцГЕ-щБихдЬч╜С - чОйц╕╕цИП ш╡ЪцШЯцШЯ, цНвхеЦхУБх░▒хЬичЖмхдЬч╜С_files
[ 2014-06-09T12:58:49+08:00 ] ERR: (ThinkException) цЧац│ХхКаш╜╜цибхЭЧ:хЕмхСКшпжцГЕ-щБихдЬч╜С - чОйц╕╕цИП ш╡ЪцШЯцШЯ, цНвхеЦхУБх░▒хЬичЖмхдЬч╜С_files
[ 2014-06-09T12:58:49+08:00 ] ERR: (ThinkException) цЧац│ХхКаш╜╜цибхЭЧ:хЕмхСКшпжцГЕ-щБихдЬч╜С - чОйц╕╕цИП ш╡ЪцШЯцШЯ, цНвхеЦхУБх░▒хЬичЖмхдЬч╜С_files
[ 2014-06-09T12:58:49+08:00 ] ERR: (ThinkException) цЧац│ХхКаш╜╜цибхЭЧ:хЕмхСКшпжцГЕ-щБихдЬч╜С - чОйц╕╕цИП ш╡ЪцШЯцШЯ, цНвхеЦхУБх░▒хЬичЖмхдЬч╜С_files
[ 2014-06-09T12:58:49+08:00 ] ERR: (ThinkException) цЧац│ХхКаш╜╜цибхЭЧ:хЕмхСКшпжцГЕ-щБихдЬч╜С - чОйц╕╕цИП ш╡ЪцШЯцШЯ, цНвхеЦхУБх░▒хЬичЖмхдЬч╜С_files
[ 2014-06-09T12:58:49+08:00 ] ERR: (ThinkException) цЧац│ХхКаш╜╜цибхЭЧ:хЕмхСКшпжцГЕ-щБихдЬч╜С - чОйц╕╕цИП ш╡ЪцШЯцШЯ, цНвхеЦхУБх░▒хЬичЖмхдЬч╜С_files
[ 2014-06-09T12:58:49+08:00 ] ERR: (ThinkException) цЧац│ХхКаш╜╜цибхЭЧ:хЕмхСКшпжцГЕ-щБихдЬч╜С - чОйц╕╕цИП ш╡ЪцШЯцШЯ, цНвхеЦхУБх░▒хЬичЖмхдЬч╜С_files
[ 2014-06-09T12:58:49+08:00 ] ERR: (ThinkException) цЧац│ХхКаш╜╜цибхЭЧ:хЕмхСКшпжцГЕ-щБихдЬч╜С - чОйц╕╕цИП ш╡ЪцШЯцШЯ, цНвхеЦхУБх░▒хЬичЖмхдЬч╜С_files
[ 2014-06-09T12:58:49+08:00 ] ERR: (ThinkException) цЧац│ХхКаш╜╜цибхЭЧ:хЕмхСКшпжцГЕ-щБихдЬч╜С - чОйц╕╕цИП ш╡ЪцШЯцШЯ, цНвхеЦхУБх░▒хЬичЖмхдЬч╜С_files
[ 2014-06-09T12:58:49+08:00 ] ERR: (ThinkException) цЧац│ХхКаш╜╜цибхЭЧ:хЕмхСКшпжцГЕ-щБихдЬч╜С - чОйц╕╕цИП ш╡ЪцШЯцШЯ, цНвхеЦхУБх░▒хЬичЖмхдЬч╜С_files
[ 2014-06-09T13:00:03+08:00 ] 127.0.0.1 /bidan/bieggs/index
INFO: 3 хЕ│ф║ОхЫвш┤нш┐ФхИйчЪДчЫ╕хЕ│хЕмхСК notice3.html 1400474280 
INFO: 2 члпхНИчЛВцмвя╝МчЩ╗х╜ХцЬЙхеЦ notice2.html 1400474199 
INFO: 1 хЕ│ф║ОчФицИ╖щжЦцмбхЕСхеЦчЪДчЫ╕хЕ│щЧощвШ notice1.html 1400474180 
INFO: ------------------------
INFO: 2 чммф╕Ах▒КцпФчЙ╣х╕БхдзхеЦш╡Ы 1400474056 
INFO: 1 щжЦхЖ▓щАБхдзчд╝ 1400473645 
INFO: ------------------------
INFO: 6 eg-6 prize6 33,560,000 1 
INFO: 5 eg-5 prize5 55,560,000 0 
INFO: 4 eg-4 prize4 3,560,000 0 
INFO: 3 eg-3 prize3 2,560,000 0 
INFO: 2 eg-2 prize2 1,560,000 0 
INFO: 1 eg-1 prize1 560,000 0 
INFO: ------------------------

[ 2014-06-09T13:00:03+08:00 ] ERR: (ThinkException) цЧац│ХхКаш╜╜цибхЭЧ:inc
[ 2014-06-09T13:00:03+08:00 ] ERR: (ThinkException) цЧац│ХхКаш╜╜цибхЭЧ:inc
[ 2014-06-09T13:00:03+08:00 ] ERR: (ThinkException) цЧац│ХхКаш╜╜цибхЭЧ:Public
[ 2014-06-09T18:44:19+08:00 ] ERR: (ThinkException) цЧац│ХхКаш╜╜цибхЭЧ:images
[ 2014-06-09T18:44:19+08:00 ] ERR: (ThinkException) цЧац│ХхКаш╜╜цибхЭЧ:Public
[ 2014-06-09T18:44:22+08:00 ] ERR: (ThinkException) цЧац│ХхКаш╜╜цибхЭЧ:img
[ 2014-06-09T18:44:22+08:00 ] ERR: (ThinkException) цЧац│ХхКаш╜╜цибхЭЧ:img
[ 2014-06-09T18:44:22+08:00 ] ERR: (ThinkException) цЧац│ХхКаш╜╜цибхЭЧ:img
[ 2014-06-09T18:44:22+08:00 ] ERR: (ThinkException) цЧац│ХхКаш╜╜цибхЭЧ:img
[ 2014-06-09T18:44:22+08:00 ] ERR: (ThinkException) цЧац│ХхКаш╜╜цибхЭЧ:img
[ 2014-06-09T18:44:22+08:00 ] ERR: (ThinkException) цЧац│ХхКаш╜╜цибхЭЧ:img
[ 2014-06-09T18:44:22+08:00 ] ERR: (ThinkException) цЧац│ХхКаш╜╜цибхЭЧ:img
[ 2014-06-09T18:44:22+08:00 ] ERR: (ThinkException) цЧац│ХхКаш╜╜цибхЭЧ:img
[ 2014-06-09T18:44:22+08:00 ] ERR: (ThinkException) цЧац│ХхКаш╜╜цибхЭЧ:img
[ 2014-06-09T18:44:22+08:00 ] ERR: (ThinkException) цЧац│ХхКаш╜╜цибхЭЧ:img
[ 2014-06-09T18:44:22+08:00 ] ERR: (ThinkException) цЧац│ХхКаш╜╜цибхЭЧ:img
[ 2014-06-09T18:44:22+08:00 ] ERR: (ThinkException) цЧац│ХхКаш╜╜цибхЭЧ:img
[ 2014-06-09T18:44:22+08:00 ] ERR: (ThinkException) цЧац│ХхКаш╜╜цибхЭЧ:img
[ 2014-06-09T18:44:22+08:00 ] ERR: (ThinkException) цЧац│ХхКаш╜╜цибхЭЧ:img
[ 2014-06-09T18:44:22+08:00 ] ERR: (ThinkException) цЧац│ХхКаш╜╜цибхЭЧ:img
[ 2014-06-09T18:44:22+08:00 ] ERR: (ThinkException) цЧац│ХхКаш╜╜цибхЭЧ:img
[ 2014-06-09T18:44:22+08:00 ] ERR: (ThinkException) цЧац│ХхКаш╜╜цибхЭЧ:img
[ 2014-06-09T18:44:23+08:00 ] 127.0.0.1 /bidan/bieggs/index
INFO: 3 хЕ│ф║ОхЫвш┤нш┐ФхИйчЪДчЫ╕хЕ│хЕмхСК notice3.html 1400474280 
INFO: 2 члпхНИчЛВцмвя╝МчЩ╗х╜ХцЬЙхеЦ notice2.html 1400474199 
INFO: 1 хЕ│ф║ОчФицИ╖щжЦцмбхЕСхеЦчЪДчЫ╕хЕ│щЧощвШ notice1.html 1400474180 
INFO: ------------------------
INFO: 2 чммф╕Ах▒КцпФчЙ╣х╕БхдзхеЦш╡Ы 1400474056 
INFO: 1 щжЦхЖ▓щАБхдзчд╝ 1400473645 
INFO: ------------------------
INFO: 6 eg-6 prize6 33,560,000 1 
INFO: 5 eg-5 prize5 55,560,000 0 
INFO: 4 eg-4 prize4 3,560,000 0 
INFO: 3 eg-3 prize3 2,560,000 0 
INFO: 2 eg-2 prize2 1,560,000 0 
INFO: 1 eg-1 prize1 560,000 0 
INFO: ------------------------

[ 2014-06-09T18:44:23+08:00 ] ERR: (ThinkException) цЧац│ХхКаш╜╜цибхЭЧ:Public
[ 2014-06-09T18:44:23+08:00 ] ERR: (ThinkException) цЧац│ХхКаш╜╜цибхЭЧ:inc
[ 2014-06-09T18:44:23+08:00 ] ERR: (ThinkException) цЧац│ХхКаш╜╜цибхЭЧ:Public
[ 2014-06-09T18:44:23+08:00 ] ERR: (ThinkException) цЧац│ХхКаш╜╜цибхЭЧ:inc
[ 2014-06-09T18:45:24+08:00 ] ERR: (ThinkException) цЧац│ХхКаш╜╜цибхЭЧ:images
[ 2014-06-09T18:45:33+08:00 ] ERR: (ThinkException) цЧац│ХхКаш╜╜цибхЭЧ:Public
[ 2014-06-09T18:45:33+08:00 ] ERR: (ThinkException) цЧац│ХхКаш╜╜цибхЭЧ:Public
[ 2014-06-09T18:45:35+08:00 ] ERR: (ThinkException) цЧац│ХхКаш╜╜цибхЭЧ:Public
[ 2014-06-09T18:45:35+08:00 ] ERR: (ThinkException) цЧац│ХхКаш╜╜цибхЭЧ:Public
[ 2014-06-09T18:45:35+08:00 ] ERR: (ThinkException) цЧац│ХхКаш╜╜цибхЭЧ:Public
[ 2014-06-09T18:45:38+08:00 ] ERR: (ThinkException) цЧац│ХхКаш╜╜цибхЭЧ:ZeroClipboard
[ 2014-06-09T18:46:38+08:00 ] 127.0.0.1 /bidan/bieggs/index
INFO: 3 хЕ│ф║ОхЫвш┤нш┐ФхИйчЪДчЫ╕хЕ│хЕмхСК notice3.html 1400474280 
INFO: 2 члпхНИчЛВцмвя╝МчЩ╗х╜ХцЬЙхеЦ notice2.html 1400474199 
INFO: 1 хЕ│ф║ОчФицИ╖щжЦцмбхЕСхеЦчЪДчЫ╕хЕ│щЧощвШ notice1.html 1400474180 
INFO: ------------------------
INFO: 2 чммф╕Ах▒КцпФчЙ╣х╕БхдзхеЦш╡Ы 1400474056 
INFO: 1 щжЦхЖ▓щАБхдзчд╝ 1400473645 
INFO: ------------------------
INFO: 6 eg-6 prize6 33,560,000 1 
INFO: 5 eg-5 prize5 55,560,000 0 
INFO: 4 eg-4 prize4 3,560,000 0 
INFO: 3 eg-3 prize3 2,560,000 0 
INFO: 2 eg-2 prize2 1,560,000 0 
INFO: 1 eg-1 prize1 560,000 0 
INFO: ------------------------

[ 2014-06-09T18:46:38+08:00 ] ERR: (ThinkException) цЧац│ХхКаш╜╜цибхЭЧ:inc
[ 2014-06-09T18:46:38+08:00 ] ERR: (ThinkException) цЧац│ХхКаш╜╜цибхЭЧ:Public
[ 2014-06-09T18:48:30+08:00 ] 127.0.0.1 /bidan/bieggs/index
INFO: 3 хЕ│ф║ОхЫвш┤нш┐ФхИйчЪДчЫ╕хЕ│хЕмхСК notice3.html 1400474280 
INFO: 2 члпхНИчЛВцмвя╝МчЩ╗х╜ХцЬЙхеЦ notice2.html 1400474199 
INFO: 1 хЕ│ф║ОчФицИ╖щжЦцмбхЕСхеЦчЪДчЫ╕хЕ│щЧощвШ notice1.html 1400474180 
INFO: ------------------------
INFO: 2 чммф╕Ах▒КцпФчЙ╣х╕БхдзхеЦш╡Ы 1400474056 
INFO: 1 щжЦхЖ▓щАБхдзчд╝ 1400473645 
INFO: ------------------------
INFO: 6 eg-6 prize6 33,560,000 1 
INFO: 5 eg-5 prize5 55,560,000 0 
INFO: 4 eg-4 prize4 3,560,000 0 
INFO: 3 eg-3 prize3 2,560,000 0 
INFO: 2 eg-2 prize2 1,560,000 0 
INFO: 1 eg-1 prize1 560,000 0 
INFO: ------------------------

[ 2014-06-09T18:48:30+08:00 ] ERR: (ThinkException) цЧац│ХхКаш╜╜цибхЭЧ:inc
[ 2014-06-09T18:48:30+08:00 ] ERR: (ThinkException) цЧац│ХхКаш╜╜цибхЭЧ:Public
[ 2014-06-09T18:52:18+08:00 ] 127.0.0.1 /bidan/bieggs/index
INFO: 3 хЕ│ф║ОхЫвш┤нш┐ФхИйчЪДчЫ╕хЕ│хЕмхСК notice3.html 1400474280 
INFO: 2 члпхНИчЛВцмвя╝МчЩ╗х╜ХцЬЙхеЦ notice2.html 1400474199 
INFO: 1 хЕ│ф║ОчФицИ╖щжЦцмбхЕСхеЦчЪДчЫ╕хЕ│щЧощвШ notice1.html 1400474180 
INFO: ------------------------
INFO: 2 чммф╕Ах▒КцпФчЙ╣х╕БхдзхеЦш╡Ы 1400474056 
INFO: 1 щжЦхЖ▓щАБхдзчд╝ 1400473645 
INFO: ------------------------
INFO: 6 eg-6 prize6 33,560,000 1 
INFO: 5 eg-5 prize5 55,560,000 0 
INFO: 4 eg-4 prize4 3,560,000 0 
INFO: 3 eg-3 prize3 2,560,000 0 
INFO: 2 eg-2 prize2 1,560,000 0 
INFO: 1 eg-1 prize1 560,000 0 
INFO: ------------------------

[ 2014-06-09T18:52:18+08:00 ] ERR: (ThinkException) цЧац│ХхКаш╜╜цибхЭЧ:inc
[ 2014-06-09T18:52:18+08:00 ] ERR: (ThinkException) цЧац│ХхКаш╜╜цибхЭЧ:Public
[ 2014-06-09T18:52:49+08:00 ] 127.0.0.1 /bidan/bieggs/index
INFO: 3 хЕ│ф║ОхЫвш┤нш┐ФхИйчЪДчЫ╕хЕ│хЕмхСК notice3.html 1400474280 
INFO: 2 члпхНИчЛВцмвя╝МчЩ╗х╜ХцЬЙхеЦ notice2.html 1400474199 
INFO: 1 хЕ│ф║ОчФицИ╖щжЦцмбхЕСхеЦчЪДчЫ╕хЕ│щЧощвШ notice1.html 1400474180 
INFO: ------------------------
INFO: 2 чммф╕Ах▒КцпФчЙ╣х╕БхдзхеЦш╡Ы 1400474056 
INFO: 1 щжЦхЖ▓щАБхдзчд╝ 1400473645 
INFO: ------------------------
INFO: 6 eg-6 prize6 33,560,000 1 
INFO: 5 eg-5 prize5 55,560,000 0 
INFO: 4 eg-4 prize4 3,560,000 0 
INFO: 3 eg-3 prize3 2,560,000 0 
INFO: 2 eg-2 prize2 1,560,000 0 
INFO: 1 eg-1 prize1 560,000 0 
INFO: ------------------------

[ 2014-06-09T18:52:49+08:00 ] ERR: (ThinkException) цЧац│ХхКаш╜╜цибхЭЧ:inc
[ 2014-06-09T18:52:49+08:00 ] ERR: (ThinkException) цЧац│ХхКаш╜╜цибхЭЧ:Public
[ 2014-06-09T18:52:49+08:00 ] ERR: (ThinkException) цЧац│ХхКаш╜╜цибхЭЧ:Public
[ 2014-06-09T18:52:49+08:00 ] ERR: (ThinkException) цЧац│ХхКаш╜╜цибхЭЧ:Public
[ 2014-06-09T18:52:57+08:00 ] 127.0.0.1 /bidan/bieggs/index
INFO: 3 хЕ│ф║ОхЫвш┤нш┐ФхИйчЪДчЫ╕хЕ│хЕмхСК notice3.html 1400474280 
INFO: 2 члпхНИчЛВцмвя╝МчЩ╗х╜ХцЬЙхеЦ notice2.html 1400474199 
INFO: 1 хЕ│ф║ОчФицИ╖щжЦцмбхЕСхеЦчЪДчЫ╕хЕ│щЧощвШ notice1.html 1400474180 
INFO: ------------------------
INFO: 2 чммф╕Ах▒КцпФчЙ╣х╕БхдзхеЦш╡Ы 1400474056 
INFO: 1 щжЦхЖ▓щАБхдзчд╝ 1400473645 
INFO: ------------------------
INFO: 6 eg-6 prize6 33,560,000 1 
INFO: 5 eg-5 prize5 55,560,000 0 
INFO: 4 eg-4 prize4 3,560,000 0 
INFO: 3 eg-3 prize3 2,560,000 0 
INFO: 2 eg-2 prize2 1,560,000 0 
INFO: 1 eg-1 prize1 560,000 0 
INFO: ------------------------

[ 2014-06-09T18:52:57+08:00 ] ERR: (ThinkException) цЧац│ХхКаш╜╜цибхЭЧ:inc
[ 2014-06-09T18:52:57+08:00 ] ERR: (ThinkException) цЧац│ХхКаш╜╜цибхЭЧ:Public
[ 2014-06-09T18:52:57+08:00 ] ERR: (ThinkException) цЧац│ХхКаш╜╜цибхЭЧ:Public
[ 2014-06-09T18:52:57+08:00 ] ERR: (ThinkException) цЧац│ХхКаш╜╜цибхЭЧ:Public
[ 2014-06-09T18:53:08+08:00 ] 127.0.0.1 /bidan/bieggs/index
INFO: 3 хЕ│ф║ОхЫвш┤нш┐ФхИйчЪДчЫ╕хЕ│хЕмхСК notice3.html 1400474280 
INFO: 2 члпхНИчЛВцмвя╝МчЩ╗х╜ХцЬЙхеЦ notice2.html 1400474199 
INFO: 1 хЕ│ф║ОчФицИ╖щжЦцмбхЕСхеЦчЪДчЫ╕хЕ│щЧощвШ notice1.html 1400474180 
INFO: ------------------------
INFO: 2 чммф╕Ах▒КцпФчЙ╣х╕БхдзхеЦш╡Ы 1400474056 
INFO: 1 щжЦхЖ▓щАБхдзчд╝ 1400473645 
INFO: ------------------------
INFO: 6 eg-6 prize6 33,560,000 1 
INFO: 5 eg-5 prize5 55,560,000 0 
INFO: 4 eg-4 prize4 3,560,000 0 
INFO: 3 eg-3 prize3 2,560,000 0 
INFO: 2 eg-2 prize2 1,560,000 0 
INFO: 1 eg-1 prize1 560,000 0 
INFO: ------------------------

[ 2014-06-09T18:53:08+08:00 ] ERR: (ThinkException) цЧац│ХхКаш╜╜цибхЭЧ:inc
[ 2014-06-09T18:53:08+08:00 ] ERR: (ThinkException) цЧац│ХхКаш╜╜цибхЭЧ:Public
[ 2014-06-09T18:53:08+08:00 ] ERR: (ThinkException) цЧац│ХхКаш╜╜цибхЭЧ:Public
[ 2014-06-09T18:53:08+08:00 ] ERR: (ThinkException) цЧац│ХхКаш╜╜цибхЭЧ:Public
[ 2014-06-09T18:54:14+08:00 ] 127.0.0.1 /bidan/bieggs/index
INFO: 3 хЕ│ф║ОхЫвш┤нш┐ФхИйчЪДчЫ╕хЕ│хЕмхСК notice3.html 1400474280 
INFO: 2 члпхНИчЛВцмвя╝МчЩ╗х╜ХцЬЙхеЦ notice2.html 1400474199 
INFO: 1 хЕ│ф║ОчФицИ╖щжЦцмбхЕСхеЦчЪДчЫ╕хЕ│щЧощвШ notice1.html 1400474180 
INFO: ------------------------
INFO: 2 чммф╕Ах▒КцпФчЙ╣х╕БхдзхеЦш╡Ы 1400474056 
INFO: 1 щжЦхЖ▓щАБхдзчд╝ 1400473645 
INFO: ------------------------
INFO: 6 eg-6 prize6 33,560,000 1 
INFO: 5 eg-5 prize5 55,560,000 0 
INFO: 4 eg-4 prize4 3,560,000 0 
INFO: 3 eg-3 prize3 2,560,000 0 
INFO: 2 eg-2 prize2 1,560,000 0 
INFO: 1 eg-1 prize1 560,000 0 
INFO: ------------------------

[ 2014-06-09T18:54:14+08:00 ] ERR: (ThinkException) цЧац│ХхКаш╜╜цибхЭЧ:inc
[ 2014-06-09T18:54:14+08:00 ] ERR: (ThinkException) цЧац│ХхКаш╜╜цибхЭЧ:Public
[ 2014-06-09T18:55:07+08:00 ] 127.0.0.1 /bidan/bieggs/index
INFO: 3 хЕ│ф║ОхЫвш┤нш┐ФхИйчЪДчЫ╕хЕ│хЕмхСК notice3.html 1400474280 
INFO: 2 члпхНИчЛВцмвя╝МчЩ╗х╜ХцЬЙхеЦ notice2.html 1400474199 
INFO: 1 хЕ│ф║ОчФицИ╖щжЦцмбхЕСхеЦчЪДчЫ╕хЕ│щЧощвШ notice1.html 1400474180 
INFO: ------------------------
INFO: 2 чммф╕Ах▒КцпФчЙ╣х╕БхдзхеЦш╡Ы 1400474056 
INFO: 1 щжЦхЖ▓щАБхдзчд╝ 1400473645 
INFO: ------------------------
INFO: 6 eg-6 prize6 33,560,000 1 
INFO: 5 eg-5 prize5 55,560,000 0 
INFO: 4 eg-4 prize4 3,560,000 0 
INFO: 3 eg-3 prize3 2,560,000 0 
INFO: 2 eg-2 prize2 1,560,000 0 
INFO: 1 eg-1 prize1 560,000 0 
INFO: ------------------------

[ 2014-06-09T18:55:07+08:00 ] ERR: (ThinkException) цЧац│ХхКаш╜╜цибхЭЧ:inc
[ 2014-06-09T18:55:07+08:00 ] ERR: (ThinkException) цЧац│ХхКаш╜╜цибхЭЧ:Public
[ 2014-06-09T18:55:08+08:00 ] ERR: (ThinkException) цЧац│ХхКаш╜╜цибхЭЧ:Public
[ 2014-06-09T18:55:08+08:00 ] ERR: (ThinkException) цЧац│ХхКаш╜╜цибхЭЧ:Public
[ 2014-06-09T18:58:04+08:00 ] ERR: (ThinkException) цЧац│ХхКаш╜╜цибхЭЧ:images
