[ 2014-07-24T10:12:41+08:00 ] 127.0.0.1 /bidan/bieggs/index.php
ERR: comAction _initialize...
INFO: 4 1587427 1247 全国移动2元充值卡 1400474380 
INFO: 3 1587426 1246 全国移动5元充值卡 1400474280 
INFO: 2 1587425 1245 全国移动10元充值卡 1400474190 
INFO: 1 1587424 1241 全国移动100元充值卡 1400474180 
INFO: ------------------------
INFO: 3 关于团购返利的相关公告 notice3.html 1400474280 
INFO: 2 端午狂欢，登录有奖 notice2.html 1400474199 
INFO: 1 关于用户首次兑奖的相关问题 notice1.html 1400474180 
INFO: ------------------------
INFO: 1 首冲送大礼 test.jpg 1 1400473645 0 fi_char 1400473645 
INFO: 2 第一届比特币大奖赛 test.jpg 1 1400473645 0 fi_bit 1400474056 
INFO: 3 这是测试用例 test.jpg 0 1400473645 0 fi_char 1400473645 
INFO: 4 这也是测试用例 test.jpg 0 1400473645 0 fi_bit 1400474056 
INFO: ------------------------

[ 2014-07-24T10:12:42+08:00 ] ERR: (ThinkException) 无法加载模块:inc
[ 2014-07-24T10:12:42+08:00 ] ERR: (ThinkException) 无法加载模块:Public
[ 2014-07-24T10:12:43+08:00 ] ERR: (ThinkException) 无法加载模块:Public
[ 2014-07-24T10:12:43+08:00 ] ERR: (ThinkException) 无法加载模块:Public
[ 2014-07-24T10:12:43+08:00 ] ERR: (ThinkException) 无法加载模块:Public
[ 2014-07-24T10:12:43+08:00 ] ERR: (ThinkException) 无法加载模块:Public
[ 2014-07-24T10:12:43+08:00 ] ERR: (ThinkException) 无法加载模块:Public
[ 2014-07-24T10:12:43+08:00 ] ERR: (ThinkException) 无法加载模块:Public
[ 2014-07-24T10:12:43+08:00 ] ERR: (ThinkException) 无法加载模块:Public
[ 2014-07-24T10:13:30+08:00 ] 127.0.0.1 /bidan/bieggs/index
ERR: comAction _initialize...
INFO: 4 1587427 1247 全国移动2元充值卡 1400474380 
INFO: 3 1587426 1246 全国移动5元充值卡 1400474280 
INFO: 2 1587425 1245 全国移动10元充值卡 1400474190 
INFO: 1 1587424 1241 全国移动100元充值卡 1400474180 
INFO: ------------------------
INFO: 3 关于团购返利的相关公告 notice3.html 1400474280 
INFO: 2 端午狂欢，登录有奖 notice2.html 1400474199 
INFO: 1 关于用户首次兑奖的相关问题 notice1.html 1400474180 
INFO: ------------------------
INFO: 1 首冲送大礼 test.jpg 1 1400473645 0 fi_char 1400473645 
INFO: 2 第一届比特币大奖赛 test.jpg 1 1400473645 0 fi_bit 1400474056 
INFO: 3 这是测试用例 test.jpg 0 1400473645 0 fi_char 1400473645 
INFO: 4 这也是测试用例 test.jpg 0 1400473645 0 fi_bit 1400474056 
INFO: ------------------------

[ 2014-07-24T10:13:31+08:00 ] ERR: (ThinkException) 无法加载模块:reg
[ 2014-07-24T10:13:31+08:00 ] ERR: (ThinkException) 无法加载模块:resetpassword
[ 2014-07-24T10:13:31+08:00 ] ERR: (ThinkException) 无法加载模块:App
[ 2014-07-24T10:13:31+08:00 ] ERR: (ThinkException) 无法加载模块:Public
[ 2014-07-24T10:13:31+08:00 ] ERR: (ThinkException) 无法加载模块:App
[ 2014-07-24T10:13:31+08:00 ] ERR: (ThinkException) 无法加载模块:App
[ 2014-07-24T10:13:31+08:00 ] ERR: (ThinkException) 无法加载模块:App
c
[ 2014-07-24T10:13:31+08:00 ] ERR: (ThinkException) 无法加载模块:Public
[ 2014-07-24T10:13:31+08:00 ] ERR: (ThinkException) 无法加载模块:Public
[ 2014-07-24T10:13:31+08:00 ] ERR: (ThinkException) 无法加载模块:inc
[ 2014-07-24T10:13:32+08:00 ] 127.0.0.1 /bidan/bieggs/help
ERR: comAction _initialize...
INFO: 4 1587427 1247 全国移动2元充值卡 1400474380 
INFO: 3 1587426 1246 全国移动5元充值卡 1400474280 
INFO: 2 1587425 1245 全国移动10元充值卡 1400474190 
INFO: 1 1587424 1241 全国移动100元充值卡 1400474180 
INFO: ------------------------

[ 2014-07-24T10:13:33+08:00 ] ERR: (ThinkException) 无法加载模块:Tpl
[ 2014-07-24T10:13:33+08:00 ] ERR: (ThinkException) 无法加载模块:Tpl
[ 2014-07-24T10:13:33+08:00 ] ERR: (ThinkException) 无法加载模块:Public
[ 2014-07-24T10:13:33+08:00 ] ERR: (ThinkException) 无法加载模块:Tpl
[ 2014-07-24T10:13:33+08:00 ] ERR: (ThinkException) 无法加载模块:Public
[ 2014-07-24T10:13:33+08:00 ] 127.0.0.1 /bidan/bieggs/buy
ERR: comAction _initialize...
INFO: 4 1587427 1247 全国移动2元充值卡 1400474380 
INFO: 3 1587426 1246 全国移动5元充值卡 1400474280 
INFO: 2 1587425 1245 全国移动10元充值卡 1400474190 
INFO: 1 1587424 1241 全国移动100元充值卡 1400474180 
INFO: ------------------------

[ 2014-07-24T10:13:33+08:00 ] 127.0.0.1 /bidan/bieggs/invest
ERR: comAction _initialize...
INFO: 4 1587427 1247 全国移动2元充值卡 1400474380 
INFO: 3 1587426 1246 全国移动5元充值卡 1400474280 
INFO: 2 1587425 1245 全国移动10元充值卡 1400474190 
INFO: 1 1587424 1241 全国移动100元充值卡 1400474180 
INFO: ------------------------

[ 2014-07-24T10:13:33+08:00 ] 127.0.0.1 /bidan/bieggs/bbs
ERR: comAction _initialize...
INFO: 4 1587427 1247 全国移动2元充值卡 1400474380 
INFO: 3 1587426 1246 全国移动5元充值卡 1400474280 
INFO: 2 1587425 1245 全国移动10元充值卡 1400474190 
INFO: 1 1587424 1241 全国移动100元充值卡 1400474180 
INFO: ------------------------

[ 2014-07-24T10:13:34+08:00 ] 127.0.0.1 /bidan/bieggs/activity
ERR: comAction _initialize...
INFO: 4 1587427 1247 全国移动2元充值卡 1400474380 
INFO: 3 1587426 1246 全国移动5元充值卡 1400474280 
INFO: 2 1587425 1245 全国移动10元充值卡 1400474190 
INFO: 1 1587424 1241 全国移动100元充值卡 1400474180 
INFO: ------------------------
INFO: 1 首冲送大礼 test.jpg 1 1400473645 0 fi_char 1400473645 
INFO: 2 第一届比特币大奖赛 test.jpg 1 1400473645 0 fi_bit 1400474056 
INFO: ------------------------

[ 2014-07-24T10:13:34+08:00 ] 127.0.0.1 /bidan/bieggs/prize
ERR: comAction _initialize...
INFO: 4 1587427 1247 全国移动2元充值卡 1400474380 
INFO: 3 1587426 1246 全国移动5元充值卡 1400474280 
INFO: 2 1587425 1245 全国移动10元充值卡 1400474190 
INFO: 1 1587424 1241 全国移动100元充值卡 1400474180 
INFO: ------------------------

[ 2014-07-24T10:13:34+08:00 ] 127.0.0.1 /bidan/bieggs/glory
ERR: comAction _initialize...
INFO: 4 1587427 1247 全国移动2元充值卡 1400474380 
INFO: 3 1587426 1246 全国移动5元充值卡 1400474280 
INFO: 2 1587425 1245 全国移动10元充值卡 1400474190 
INFO: 1 1587424 1241 全国移动100元充值卡 1400474180 
INFO: ------------------------
ERR: loginAction _initialize...
INFO: 1 1873372 1 等候多时的iPad Air （16GB 银色）终于到手咯 这么多年的坚持没有白费啊！注册PC还是5年前当时还在读小学，现在读职高，不知不觉支持PC蛋蛋这么多年了~(≧▽≦)/~ 18733721400473645.jpg:18733721400473665.jpg:18733721400473689.jpg:18733721400473710.jpg:18733721400473730.jpg:18733721400473755.jpg 1400473645 
INFO: 2 1873542 0 我的充电宝到手了 玩pc蛋蛋也有六年了，第一次兑换实物奖品好激动，感谢pc蛋蛋提供了这个平台。我会一直支持下去！经过我努力终于得到了回报。 18733721400473645.jpg:18733721400473665.jpg:18733721400473689.jpg:18733721400473710.jpg:18733721400473730.jpg:18733721400473755.jpg 1400473854 
INFO: 3 1254845 0 哈哈，我终于换到大奖了 测试测试测试测试测试测试的发生了打法和搜到发生的 18733721400473645.jpg:18733721400473665.jpg:18733721400473689.jpg:18733721400473710.jpg:18733721400473730.jpg:18733721400473755.jpg 1400485475 
INFO: ------------------------

[ 2014-07-24T10:13:34+08:00 ] 127.0.0.1 /bidan/bieggs/game
ERR: comAction _initialize...
INFO: 4 1587427 1247 全国移动2元充值卡 1400474380 
INFO: 3 1587426 1246 全国移动5元充值卡 1400474280 
INFO: 2 1587425 1245 全国移动10元充值卡 1400474190 
INFO: 1 1587424 1241 全国移动100元充值卡 1400474180 
INFO: ------------------------
ERR: gameAction _initialize...
INFO: 636534 06-15 16:15  0 0 0 941.62,338.43,169.20,103.96,67.96,48.27,35.57,27.44,22.17,18.11,15.84,14.02,13.67,13.21,13.30,13.70,14.46,15.81,18.07,22.21,27.43,35.84,48.71,67.61,102.25,178.81,333.39,589.64 
INFO: 636533 06-15 16:10  5 496601 0 941.62,338.43,169.20,103.96,67.96,48.27,35.57,27.44,22.17,18.11,15.84,14.02,13.67,13.21,13.30,13.70,14.46,15.81,18.07,22.21,27.43,35.84,48.71,67.61,102.25,178.81,333.39,589.64 
INFO: 636532 06-15 16:05  15 2004850 0 941.62,338.43,169.20,103.96,67.96,48.27,35.57,27.44,22.17,18.11,15.84,14.02,13.67,13.21,13.30,13.70,14.46,15.81,18.07,22.21,27.43,35.84,48.71,67.61,102.25,178.81,333.39,589.64 
INFO: 636531 06-15 16:00  251 100961615 0 941.62,338.43,169.20,103.96,67.96,48.27,35.57,27.44,22.17,18.11,15.84,14.02,13.67,13.21,13.30,13.70,14.46,15.81,18.07,22.21,27.43,35.84,48.71,67.61,102.25,178.81,333.39,589.64 
INFO: 636530 06-15 15:55  1420 132404058 0 941.62,338.43,169.20,103.96,67.96,48.27,35.57,27.44,22.17,18.11,15.84,14.02,13.67,13.21,13.30,13.70,14.46,15.81,18.07,22.21,27.43,35.84,48.71,67.61,102.25,178.81,333.39,589.64 
INFO: 636529 06-15 15:50 051 25841 2542154545 2645 941.62,338.43,169.20,103.96,67.96,48.27,35.57,27.44,22.17,18.11,15.84,14.02,13.67,13.21,13.30,13.70,14.46,15.81,18.07,22.21,27.43,35.84,48.71,67.61,102.25,178.81,333.39,589.64 
INFO: 636528 06-15 15:45 085 24541 1545142452 5424 941.62,338.43,169.20,103.96,67.96,48.27,35.57,27.44,22.17,18.11,15.84,14.02,13.67,13.21,13.30,13.70,14.46,15.81,18.07,22.21,27.43,35.84,48.71,67.61,102.25,178.81,333.39,589.64 
INFO: 636527 06-15 15:40 597 25421 1887197365 3254 941.62,338.43,169.20,103.96,67.96,48.27,35.57,27.44,22.17,18.11,15.84,14.02,13.67,13.21,13.30,13.70,14.46,15.81,18.07,22.21,27.43,35.84,48.71,67.61,102.25,178.81,333.39,589.64 
INFO: 636526 06-15 15:35 360 25421 1257197895 2541 941.62,338.43,169.20,103.96,67.96,48.27,35.57,27.44,22.17,18.11,15.84,14.02,13.67,13.21,13.30,13.70,14.46,15.81,18.07,22.21,27.43,35.84,48.71,67.61,102.25,178.81,333.39,589.64 
INFO: 636525 06-15 15:30 439 25412 1581542895 1645 941.62,338.43,169.20,103.96,67.96,48.27,35.57,27.44,22.17,18.11,15.84,14.02,13.67,13.21,13.30,13.70,14.46,15.81,18.07,22.21,27.43,35.84,48.71,67.61,102.25,178.81,333.39,589.64 
INFO: 636524 06-15 15:25 201 85452 1589854895 2001 941.62,338.43,169.20,103.96,67.96,48.27,35.57,27.44,22.17,18.11,15.84,14.02,13.67,13.21,13.30,13.70,14.46,15.81,18.07,22.21,27.43,35.84,48.71,67.61,102.25,178.81,333.39,589.64 
INFO: 636523 06-15 15:20 608 32541 1581244515 2000 941.62,338.43,169.20,103.96,67.96,48.27,35.57,27.44,22.17,18.11,15.84,14.02,13.67,13.21,13.30,13.70,14.46,15.81,18.07,22.21,27.43,35.84,48.71,67.61,102.25,178.81,333.39,589.64 
INFO: 636522 06-15 15:15 570 24512 1585487895 2022 941.62,338.43,169.20,103.96,67.96,48.27,35.57,27.44,22.17,18.11,15.84,14.02,13.67,13.21,13.30,13.70,14.46,15.81,18.07,22.21,27.43,35.84,48.71,67.61,102.25,178.81,333.39,589.64 
INFO: 636521 06-15 15:10 970 52642 1587147895 1954 941.62,338.43,169.20,103.96,67.96,48.27,35.57,27.44,22.17,18.11,15.84,14.02,13.67,13.21,13.30,13.70,14.46,15.81,18.07,22.21,27.43,35.84,48.71,67.61,102.25,178.81,333.39,589.64 
INFO: 636520 06-15 15:05 047 49854 1587111881 1854 941.62,338.43,169.20,103.96,67.96,48.27,35.57,27.44,22.17,18.11,15.84,14.02,13.67,13.21,13.30,13.70,14.46,15.81,18.07,22.21,27.43,35.84,48.71,67.61,102.25,178.81,333.39,589.64 
INFO: 636519 06-15 15:00 527 51254 1542451881 2541 941.62,338.43,169.20,103.96,67.96,48.27,35.57,27.44,22.17,18.11,15.84,14.02,13.67,13.21,13.30,13.70,14.46,15.81,18.07,22.21,27.43,35.84,48.71,67.61,102.25,178.81,333.39,589.64 
INFO: 636518 06-15 14:55 533 53333 1787177895 2541 941.62,338.43,169.20,103.96,67.96,48.27,35.57,27.44,22.17,18.11,15.84,14.02,13.67,13.21,13.30,13.70,14.46,15.81,18.07,22.21,27.43,35.84,48.71,67.61,102.25,178.81,333.39,589.64 
INFO: 636517 06-15 14:50 817 52222 1287157895 1832 941.62,338.43,169.20,103.96,67.96,48.27,35.57,27.44,22.17,18.11,15.84,14.02,13.67,13.21,13.30,13.70,14.46,15.81,18.07,22.21,27.43,35.84,48.71,67.61,102.25,178.81,333.39,589.64 
INFO: 636516 06-15 14:45 147 51040 1787187895 1251 941.62,338.43,169.20,103.96,67.96,48.27,35.57,27.44,22.17,18.11,15.84,14.02,13.67,13.21,13.30,13.70,14.46,15.81,18.07,22.21,27.43,35.84,48.71,67.61,102.25,178.81,333.39,589.64 
INFO: 636515 06-15 14:40 868 50684 1628658328 2281 941.62,338.43,169.20,103.96,67.96,48.27,35.57,27.44,22.17,18.11,15.84,14.02,13.67,13.21,13.30,13.70,14.46,15.81,18.07,22.21,27.43,35.84,48.71,67.61,102.25,178.81,333.39,589.64 
INFO: ------------------------

[ 2014-07-24T10:13:34+08:00 ] 127.0.0.1 /bidan/bieggs/ad
ERR: comAction _initialize...
INFO: 4 1587427 1247 全国移动2元充值卡 1400474380 
INFO: 3 1587426 1246 全国移动5元充值卡 1400474280 
INFO: 2 1587425 1245 全国移动10元充值卡 1400474190 
INFO: 1 1587424 1241 全国移动100元充值卡 1400474180 
INFO: ------------------------
ERR: adAction _initialize...
INFO: 10 1873381 博雅vv阿三 1400473445 
INFO: 9 1873380 博雅事实上实施 1400773645 
INFO: 8 1873379 博雅侧四十四 140047545 
INFO: 7 1873378 博雅测试 140047645 
INFO: 6 1873377 博雅蛋蛋 1400473545 
INFO: 5 1873376 博雅四川麻将 14004445 
INFO: 4 1873375 博雅德州扑克 140047445 
INFO: 3 1873374 博雅斗地主 1400473645 
INFO: 2 1873373 呱呱歌舞厅 1400473655 
INFO: 1 1873372 棋牌试玩江湖游 1400473645 
INFO: ------------------------
INFO: 13 新人任务赚蛋 2000 slider3.png 4 
INFO: 12 竞猜游戏竞猜赚蛋 1000 slider2.png 4 
INFO: 11 赠品试用赚蛋 7000 slider1.png 4 
INFO: ------------------------
INFO: 12 6 1244777 4294967295 
INFO: 11 5 1267014 450474180 
INFO: 10 4 12670855 20474180 
INFO: 9 3 12670855 5204180 
INFO: 8 2 17436178 5404180 
INFO: 7 1 17883278 2304180 
INFO: 6 6 12447777 4294967295 
INFO: 5 5 12670154 452474180 
INFO: 4 4 12670837 25400180 
INFO: 3 3 12670827 5200474 
INFO: 2 2 17436179 5400474 
INFO: 1 1 17883275 2300474 
INFO: ------------------------
INFO: 5 博雅四川麻将 190 tiyan.jpg 1 
INFO: 4 博雅德州扑克 360 tiyan.jpg 1 
INFO: 3 博雅斗地主 210 tiyan.jpg 1 
INFO: 2 呱呱歌舞厅 180 tiyan.jpg 1 
INFO: 1 棋牌试玩-江湖游 160 tiyan.jpg 1 
INFO: ------------------------

[ 2014-07-24T10:13:35+08:00 ] 127.0.0.1 /bidan/bieggs/prize/plist/id/1
ERR: comAction _initialize...
INFO: 4 1587427 1247 全国移动2元充值卡 1400474380 
INFO: 3 1587426 1246 全国移动5元充值卡 1400474280 
INFO: 2 1587425 1245 全国移动10元充值卡 1400474190 
INFO: 1 1587424 1241 全国移动100元充值卡 1400474180 
INFO: ------------------------
INFO: 1 XN1000 1 1 移动话费100元直冲 11400000 0 yid 1 0 兑换时请填写好要充值的手机卡号 
INFO: 2 XN1001 1 1 移动话费50元直冲 6000000 0 yid 1 0  
INFO: 3 XN1002 1 1 移动话费10元直冲 1600000 0 yid 1 0  
INFO: 4 XN1003 1 1 联通话费100元直冲 11400000 0 liant 1 0  
INFO: 5 XN1004 1 1 联通话费50元直冲 6000000 0 liant 1 0  
INFO: 6 XN1005 1 1 联通话费10元直冲 1600000 0 liant 1 0  
INFO: 7 XN1006 1 1 联通话费100元直冲 11400000 0 dianx 1 0  
INFO: 8 XN1007 1 1 联通话费50元直冲 6000000 0 dianx 1 0  
INFO: 9 XN1008 1 1 联通话费10元直冲 1600000 0 dianx 1 0  
INFO: 10 XN1009 1 1 移动话费100元卡密 11500000 0 yidz 1 0 兑换成功后直接发送到用户邮箱，请尽快充值 
INFO: 11 XN1010 1 1 移动话费50元卡密 6100000 0 yidz 1 0  
INFO: 12 XN1011 1 1 移动话费10元卡密 1650000 0 yidz 1 0  
INFO: 13 XN1012 1 1 联通话费100元卡密 11500000 0 liantz 1 0  
INFO: 14 XN1013 1 1 联通话费50元卡密 6100000 0 liantz 1 0  
INFO: 15 XN1014 1 1 联通话费10元卡密 1650000 0 liantz 1 0  
INFO: 16 XN1015 1 1 联通话费100元卡密 11500000 0 dianxz 1 0  
INFO: 17 XN1016 1 1 联通话费50元卡密 6100000 0 dianxz 1 0  
INFO: 18 XN1017 1 1 联通话费10元卡密 1650000 0 dianxz 1 0  
INFO: 19 XN1018 1 1 兑换券 180000 0 quan 0 0 一个兑换券等于一元话费，可积攒够10多张后兑换话费 
INFO: 20 XN1019 1 2 京东购物券50元卡密 6000000 0 jingd 1 1 只能用于京东商城充值使用 
INFO: ------------------------

[ 2014-07-24T10:13:35+08:00 ] ERR: (ThinkException) 无法加载模块:Public
[ 2014-07-24T10:13:35+08:00 ] ERR: (ThinkException) 无法加载模块:公告详情-遨夜网 - 玩游戏 赚星星, 换奖品就在熬夜网_files
[ 2014-07-24T10:13:35+08:00 ] ERR: (ThinkException) 无法加载模块:+ url_file +
[ 2014-07-24T10:13:35+08:00 ] 127.0.0.1 /bidan/bieggs/prize/plist/id/1/cid/1
ERR: comAction _initialize...
INFO: 4 1587427 1247 全国移动2元充值卡 1400474380 
INFO: 3 1587426 1246 全国移动5元充值卡 1400474280 
INFO: 2 1587425 1245 全国移动10元充值卡 1400474190 
INFO: 1 1587424 1241 全国移动100元充值卡 1400474180 
INFO: ------------------------
INFO: 1 XN1000 1 1 移动话费100元直冲 11400000 0 yid 1 0 兑换时请填写好要充值的手机卡号 
INFO: 2 XN1001 1 1 移动话费50元直冲 6000000 0 yid 1 0  
INFO: 3 XN1002 1 1 移动话费10元直冲 1600000 0 yid 1 0  
INFO: 4 XN1003 1 1 联通话费100元直冲 11400000 0 liant 1 0  
INFO: 5 XN1004 1 1 联通话费50元直冲 6000000 0 liant 1 0  
INFO: 6 XN1005 1 1 联通话费10元直冲 1600000 0 liant 1 0  
INFO: 7 XN1006 1 1 联通话费100元直冲 11400000 0 dianx 1 0  
INFO: 8 XN1007 1 1 联通话费50元直冲 6000000 0 dianx 1 0  
INFO: 9 XN1008 1 1 联通话费10元直冲 1600000 0 dianx 1 0  
INFO: 10 XN1009 1 1 移动话费100元卡密 11500000 0 yidz 1 0 兑换成功后直接发送到用户邮箱，请尽快充值 
INFO: 11 XN1010 1 1 移动话费50元卡密 6100000 0 yidz 1 0  
INFO: 12 XN1011 1 1 移动话费10元卡密 1650000 0 yidz 1 0  
INFO: 13 XN1012 1 1 联通话费100元卡密 11500000 0 liantz 1 0  
INFO: 14 XN1013 1 1 联通话费50元卡密 6100000 0 liantz 1 0  
INFO: 15 XN1014 1 1 联通话费10元卡密 1650000 0 liantz 1 0  
INFO: 16 XN1015 1 1 联通话费100元卡密 11500000 0 dianxz 1 0  
INFO: 17 XN1016 1 1 联通话费50元卡密 6100000 0 dianxz 1 0  
INFO: 18 XN1017 1 1 联通话费10元卡密 1650000 0 dianxz 1 0  
INFO: 19 XN1018 1 1 兑换券 180000 0 quan 0 0 一个兑换券等于一元话费，可积攒够10多张后兑换话费 
INFO: ------------------------

[ 2014-07-24T10:13:35+08:00 ] ERR: (ThinkException) 无法加载模块:公告详情-遨夜网 - 玩游戏 赚星星, 换奖品就在熬夜网_files
[ 2014-07-24T10:13:35+08:00 ] ERR: (ThinkException) 无法加载模块:Public
[ 2014-07-24T10:13:35+08:00 ] ERR: (ThinkException) 无法加载模块:公告详情-遨夜网 - 玩游戏 赚星星, 换奖品就在熬夜网_files
[ 2014-07-24T10:13:35+08:00 ] ERR: (ThinkException) 无法加载模块:公告详情-遨夜网 - 玩游戏 赚星星, 换奖品就在熬夜网_files
[ 2014-07-24T10:13:35+08:00 ] ERR: (ThinkException) 无法加载模块:公告详情-遨夜网 - 玩游戏 赚星星, 换奖品就在熬夜网_files
[ 2014-07-24T10:13:35+08:00 ] ERR: (ThinkException) 无法加载模块:公告详情-遨夜网 - 玩游戏 赚星星, 换奖品就在熬夜网_files
[ 2014-07-24T10:13:35+08:00 ] ERR: (ThinkException) 无法加载模块:公告详情-遨夜网 - 玩游戏 赚星星, 换奖品就在熬夜网_files
[ 2014-07-24T10:13:35+08:00 ] ERR: (ThinkException) 无法加载模块:公告详情-遨夜网 - 玩游戏 赚星星, 换奖品就在熬夜网_files
[ 2014-07-24T10:13:35+08:00 ] ERR: (ThinkException) 无法加载模块:公告详情-遨夜网 - 玩游戏 赚星星, 换奖品就在熬夜网_files
[ 2014-07-24T10:13:35+08:00 ] ERR: (ThinkException) 无法加载模块:公告详情-遨夜网 - 玩游戏 赚星星, 换奖品就在熬夜网_files
1587424 1241 全国移动100元充值卡 1400474180 
INFO: ------------------------
INFO: 20 XN1019 1 2 京东购物券50元卡密 6000000 0 jingd 1 1 只能用于京东商城充值使用 
INFO: ------------------------

[ 2014-07-24T10:13:35+08:00 ] ERR: (ThinkException) 无法加载模块:公告详情-遨夜网 - 玩游戏 赚星星, 换奖品就在熬夜网_files
[ 2014-07-24T10:13:36+08:00 ] 127.0.0.1 /bidan/bieggs/activity/pasact
ERR: comAction _initialize...
INFO: 4 1587427 1247 全国移动2元充值卡 1400474380 
INFO: 3 1587426 1246 全国移动5元充值卡 1400474280 
INFO: 2 1587425 1245 全国移动10元充值卡 1400474190 
INFO: 1 1587424 1241 全国移动100元充值卡 1400474180 
INFO: ------------------------
INFO: 3 这是测试用例 test.jpg 0 1400473645 0 fi_char 1400473645 
INFO: 4 这也是测试用例 test.jpg 0 1400473645 0 fi_bit 1400474056 
INFO: ------------------------

[ 2014-07-24T10:13:36+08:00 ] 127.0.0.1 /bidan/bieggs/game/pgstar
ERR: comAction _initialize...
INFO: 4 1587427 1247 全国移动2元充值卡 1400474380 
INFO: 3 1587426 1246 全国移动5元充值卡 1400474280 
INFO: 2 1587425 1245 全国移动10元充值卡 1400474190 
INFO: 1 1587424 1241 全国移动100元充值卡 1400474180 
INFO: ------------------------
ERR: gameAction _initialize...

[ 2014-07-24T10:13:36+08:00 ] 127.0.0.1 /bidan/bieggs/mybets/nrb28
ERR: comAction _initialize...
INFO: 4 1587427 1247 全国移动2元充值卡 1400474380 
INFO: 3 1587426 1246 全国移动5元充值卡 1400474280 
INFO: 2 1587425 1245 全国移动10元充值卡 1400474190 
INFO: 1 1587424 1241 全国移动100元充值卡 1400474180 
INFO: ------------------------
ERR: loginAction _initialize...

[ 2014-07-24T10:13:36+08:00 ] 127.0.0.1 /bidan/bieggs/mybets/trend28
ERR: comAction _initialize...
INFO: 4 1587427 1247 全国移动2元充值卡 1400474380 
INFO: 3 1587426 1246 全国移动5元充值卡 1400474280 
INFO: 2 1587425 1245 全国移动10元充值卡 1400474190 
INFO: 1 1587424 1241 全国移动100元充值卡 1400474180 
INFO: ------------------------
ERR: loginAction _initialize...

[ 2014-07-24T10:13:36+08:00 ] 127.0.0.1 /bidan/bieggs/mybets/my28
ERR: comAction _initialize...
INFO: 4 1587427 1247 全国移动2元充值卡 1400474380 
INFO: 3 1587426 1246 全国移动5元充值卡 1400474280 
INFO: 2 1587425 1245 全国移动10元充值卡 1400474190 
INFO: 1 1587424 1241 全国移动100元充值卡 1400474180 
INFO: ------------------------
ERR: loginAction _initialize...

[ 2014-07-24T10:13:36+08:00 ] 127.0.0.1 /bidan/bieggs/mybets/intr28
ERR: comAction _initialize...
INFO: 4 1587427 1247 全国移动2元充值卡 1400474380 
INFO: 3 1587426 1246 全国移动5元充值卡 1400474280 
INFO: 2 1587425 1245 全国移动10元充值卡 1400474190 
INFO: 1 1587424 1241 全国移动100元充值卡 1400474180 
INFO: ------------------------
ERR: loginAction _initialize...

[ 2014-07-24T10:13:36+08:00 ] 127.0.0.1 /bidan/bieggs/game/pg310
ERR: comAction _initialize...
INFO: 4 1587427 1247 全国移动2元充值卡 1400474380 
INFO: 3 1587426 1246 全国移动5元充值卡 1400474280 
INFO: 2 1587425 1245 全国移动10元充值卡 1400474190 
INFO: 1 1587424 1241 全国移动100元充值卡 1400474180 
INFO: ------------------------
ERR: gameAction _initialize...
INFO: 12260 巴西世界杯小组赛 巴西 墨西哥 06-18 04:00  652 1022323734 0 2 15845 532142 0 鏖战近120分钟，众星云集的阿根廷才在加时赛艰难的战胜平民球队瑞士，梅西在终场之前的一次妙传让迪玛利亚得分，也让萨贝拉的球队避免了一次点球大战。球王马拉多纳在赛后批评了国家队的表现，他认为这支阿根廷队踢得很糟糕，缺乏速度，太多传中球，并且头号球星梅西缺少队友足够的支援。鏖战近120分钟，众星云集的阿根廷才在加时赛艰难的战胜平民球队瑞士，梅西在终场之前的一次妙传让迪玛利亚得分，也让萨贝拉的球队避免了一次点球大战。球王马拉多纳在赛后批评了国家队的表现，他认为这支阿根廷队踢得很糟糕，缺乏速度，太多传中球，并且头号球星梅西缺少队友足够的支援。 
INFO: 12261 巴西世界杯小组赛 巴西 墨西哥 06-18 06:00  542 2222322415 0 2 1584525 532124541 0 鏖战近120分钟，众星云集的阿根廷才在加时赛艰难的战胜平民球队瑞士，梅西在终场之前的一次妙传让迪玛利亚得分，也让萨贝拉的球队避免了一次点球大战。球王马拉多纳在赛后批评了国家队的表现，他认为这支阿根廷队踢得很糟糕，缺乏速度，太多传中球，并且头号球星梅西缺少队友足够的支鏖战近120分钟，众星云集的阿根廷才在加时赛艰难的战胜平民球队瑞士，梅西在终场之前的一次妙传让迪玛利亚得分，也让萨贝拉的球队避免了一次点球大战。球王马拉多纳在赛后批评了国家队的表现，他认为这支阿根廷队踢得很糟糕，缺乏速度，太多传中球，并且头号球星梅西缺少队友足够的支援。援。 
INFO: 12262 巴西世界杯小组赛 巴西 墨西哥 06-18 07:00  254 3222323720 0 3 15845 521542 532142 鏖战近120分钟，众星云集的阿根廷才在加时赛艰难的战胜平民球队瑞士，梅西在终场之前的一次妙传让迪玛利亚得分，也让萨贝拉的球队避免了一次点球大战。球王马拉多纳在赛后批评了国家队的表现，他认为这支阿根廷队踢得很糟糕，缺乏速度，太多传中球，并且头号球星梅西缺少队友足鏖战近120分钟，众星云集的阿根廷才在加时赛艰难的战胜平民球队瑞士，梅西在终场之前的一次妙传让迪玛利亚得分，也让萨贝拉的球队避免了一次点球大战。球王马拉多纳在赛后批评了国家队的表现，他认为这支阿根廷队踢得很糟糕，缺乏速度，太多传中球，并且头号球星梅西缺少队友足够的支援。够的支援。 
INFO: 12263 巴西世界杯小组赛 巴西 墨西哥 06-17 09:00  452 1252323300 0 2 15845 532142 0 鏖战近120分钟，众星云集的阿根廷才在加时赛艰难的战胜平民球队瑞士，梅西在终场之前的一次妙传让迪玛利亚得分，也让萨贝拉的球队避免了一次点球大战。球王马拉多纳在赛后批评了国家队的表现，他认为这支阿根廷队踢得很糟糕，缺乏速度，太多传中球，并且头号球星梅西缺少队友足够的支援。 
INFO: 12264 巴西世界杯小组赛 巴西 墨西哥 06-18 02:00  254 2102323724 0 3 15845 521511 532142 鏖战近120分钟，众星云集的阿根廷才在加时赛艰难的战胜平民球队瑞士，梅西在终场之前的一次妙传让迪玛利亚得分，也让萨贝拉的球队避免了一次点球大战。球王马拉多纳在赛后批评了国家队的表现，他认为这支阿根廷队踢得很糟糕，缺乏速度，太多传中球，并且头号球星梅西缺少队友足够的支援。 
INFO: 12265 巴西世界杯小组赛 俄罗斯 韩国 06-18 05:00  238 554555320 0 2 1584554 535552142 0 鏖战近120分钟，众星云集的阿根廷才在加时赛艰难的战胜平民球队瑞士，梅西在终场之前的一次妙传让迪玛利亚得分，也让萨贝拉的球队避免了一次点球大战。球王马拉多纳在赛后批评了国家队的表现，他认为这支阿根廷队踢得很糟糕，缺乏速度，太多传中球，并且头号球星梅西缺少队友足够的支援。 
INFO: 12308 13/14赛季NBA季后赛 巴西 墨西哥 06-18 05:00 1 5241 252355424 5622 2 15845 0 532142 鏖战近120分钟，众星云集的阿根廷才在加时赛艰难的战胜平民球队瑞士，梅西在终场之前的一次妙传让迪玛利亚得分，也让萨贝拉的球队避免了一次点球大战。球王马拉多纳在赛后批评了国家队的表现，他认为这支阿根廷队踢得很糟糕，缺乏速度，太多传中球，并且头号球星梅西缺少队友足够的支援。 
INFO: 12251 巴西世界杯小组赛 马刺 热火 06-18 05:00 1 542 2525452724 452 2 15845 0 532142 鏖战近120分钟，众星云集的阿根廷才在加时赛艰难的战胜平民球队瑞士，梅西在终场之前的一次妙传让迪玛利亚得分，也让萨贝拉的球队避免了一次点球大战。球王马拉多纳在赛后批评了国家队的表现，他认为这支阿根廷队踢得很糟糕，缺乏速度，太多传中球，并且头号球星梅西缺少队友足够的支援。 
INFO: 12309 13/14赛季NBA季后赛 巴西 克罗地亚 06-19 02:00 1 5421 252322424 254 2 15845 0 532142 鏖战近120分钟，众星云集的阿根廷才在加时赛艰难的战胜平民球队瑞士，梅西在终场之前的一次妙传让迪玛利亚得分，也让萨贝拉的球队避免了一次点球大战。球王马拉多纳在赛后批评了国家队的表现，他认为这支阿根廷队踢得很糟糕，缺乏速度，太多传中球，并且头号球星梅西缺少队友足够的支援。 
INFO: 12252 巴西世界杯小组赛 马刺 热火 06-18 02:30 0 2415 25232724 542 2 15845 0 532142 这是描述测试 
INFO: 12253 巴西世界杯小组赛 墨西哥 喀麦隆 06-15 02:00 0 2102 365323724 854 2 15845 532142 0 这是描述测试 
INFO: 12254 巴西世界杯小组赛 西班牙 荷兰 06-15 02:50 1 1201 654323724 487 2 15845 532142 0 这是描述测试 
INFO: 12255 巴西世界杯小组赛 智利 澳大利亚 06-17 03:00 1 954 25232541 688 2 15845 532142 0 这是描述测试 
INFO: 12256 巴西世界杯小组赛 哥伦比亚 希腊 06-17 05:00 1 458 252323651 355 2 15845 532142 0 这是描述测试 
INFO: 12257 巴西世界杯小组赛 乌拉圭 哥斯达黎加 06-16 09:00 0 245 152323722 154 2 15845 532142 0 这是描述测试 
INFO: 12297 巴西世界杯小组赛 英格兰 意大利 06-16 05:00 0 854 262323733 325 2 15845 0 532142 这是描述测试 
INFO: 12298 巴西世界杯小组赛 科特迪瓦 日本 06-18 04:00 1 542 252323322 1121 2 15845 0 532142 这是描述测试 
INFO: 12258 巴西世界杯小组赛 法国 洪都拉斯 06-18 04:00 1 874 252322233 2415 2 15845 0 532142 这是描述测试 
INFO: 12259 巴西世界杯小组赛 瑞士 厄瓜多尔 06-18 01:00 3 452 262323344 1254 2 15845 0 532142 这是描述测试 
INFO: 12310 13/14赛季NBA季后赛 热火 马刺 06-16 07:00 0 880 1016400973 368 2 15845 0 532142 这是描述测试 
INFO: ------------------------

[ 2014-07-24T10:13:36+08:00 ] ERR: (ThinkException) 无法加载模块:pc28
[ 2014-07-24T10:13:36+08:00 ] 127.0.0.1 /bidan/bieggs/mybets/m28edit
ERR: comAction _initialize...
INFO: 4 1587427 1247 全国移动2元充值卡 1400474380 
INFO: 3 1587426 1246 全国移动5元充值卡 1400474280 
INFO: 2 1587425 1245 全国移动10元充值卡 1400474190 
INFO: 1 1587424 1241 全国移动100元充值卡 1400474180 
INFO: ------------------------
ERR: loginAction _initialize...

[ 2014-07-24T10:13:37+08:00 ] 127.0.0.1 /bidan/bieggs/mybets/auto28
ERR: comAction _initialize...
INFO: 4 1587427 1247 全国移动2元充值卡 1400474380 
INFO: 3 1587426 1246 全国移动5元充值卡 1400474280 
INFO: 2 1587425 1245 全国移动10元充值卡 1400474190 
INFO: 1 1587424 1241 全国移动100元充值卡 1400474180 
INFO: ------------------------
ERR: loginAction _initialize...

[ 2014-07-24T10:13:37+08:00 ] ERR: (ThinkException) 缓存文件写入失败！:./App/Runtime/Cache/Home/f1eeaa292e98deb1be923140d670c7ac.php
[ 2014-07-24T10:13:37+08:00 ] 127.0.0.1 /bidan/bieggs/prize/plist/id/2/cid/1
ERR: comAction _initialize...
INFO: 4 1587427 1247 全国移动2元充值卡 1400474380 
INFO: 3 1587426 1246 全国移动5元充值卡 1400474280 
INFO: 2 1587425 1245 全国移动10元充值卡 1400474190 
INFO: 1 1587424 1241 全国移动100元充值卡 1400474180 
INFO: ------------------------

[ 2014-07-24T10:13:37+08:00 ] ERR: (ThinkException) 无法加载模块:Public
[ 2014-07-24T10:13:37+08:00 ] ERR: (ThinkException) 缓存文件写入失败！:./App/Runtime/Cache/Home/f1eeaa292e98deb1be923140d670c7ac.php
[ 2014-07-24T10:13:37+08:00 ] 127.0.0.1 /bidan/bieggs/glory/index
ERR: comAction _initialize...
INFO: 4 1587427 1247 全国移动2元充值卡 1400474380 
INFO: 3 1587426 1246 全国移动5元充值卡 1400474280 
INFO: 2 1587425 1245 全国移动10元充值卡 1400474190 
INFO: 1 1587424 1241 全国移动100元充值卡 1400474180 
INFO: ------------------------
ERR: loginAction _initialize...
INFO: 1 1873372 1 等候多时的iPad Air （16GB 银色）终于到手咯 这么多年的坚持没有白费啊！注册PC还是5年前当时还在读小学，现在读职高，不知不觉支持PC蛋蛋这么多年了~(≧▽≦)/~ 18733721400473645.jpg:18733721400473665.jpg:18733721400473689.jpg:18733721400473710.jpg:18733721400473730.jpg:18733721400473755.jpg 1400473645 
INFO: 2 1873542 0 我的充电宝到手了 玩pc蛋蛋也有六年了，第一次兑换实物奖品好激动，感谢pc蛋蛋提供了这个平台。我会一直支持下去！经过我努力终于得到了回报。 18733721400473645.jpg:18733721400473665.jpg:18733721400473689.jpg:18733721400473710.jpg:18733721400473730.jpg:18733721400473755.jpg 1400473854 
INFO: 3 1254845 0 哈哈，我终于换到大奖了 测试测试测试测试测试测试的发生了打法和搜到发生的 18733721400473645.jpg:18733721400473665.jpg:18733721400473689.jpg:18733721400473710.jpg:18733721400473730.jpg:18733721400473755.jpg 1400485475 
INFO: ------------------------

[ 2014-07-24T10:13:37+08:00 ] 127.0.0.1 /bidan/bieggs/prize/plist/id/2/cid/4
ERR: comAction _initialize...
INFO: 4 1587427 1247 全国移动2元充值卡 1400474380 
INFO: 3 1587426 1246 全国移动5元充值卡 1400474280 
INFO: 2 1587425 1245 全国移动10元充值卡 1400474190 
INFO: 1 1587424 1241 全国移动100元充值卡 1400474180 
INFO: ------------------------

[ 2014-07-24T10:13:37+08:00 ] 127.0.0.1 /bidan/bieggs/glory/index/extra1/1
ERR: comAction _initialize...
INFO: 4 1587427 1247 全国移动2元充值卡 1400474380 
INFO: 3 1587426 1246 全国移动5元充值卡 1400474280 
INFO: 2 1587425 1245 全国移动10元充值卡 1400474190 
INFO: 1 1587424 1241 全国移动100元充值卡 1400474180 
INFO: ------------------------
ERR: loginAction _initialize...
INFO: 1 1873372 1 等候多时的iPad Air （16GB 银色）终于到手咯 这么多年的坚持没有白费啊！注册PC还是5年前当时还在读小学，现在读职高，不知不觉支持PC蛋蛋这么多年了~(≧▽≦)/~ 18733721400473645.jpg:18733721400473665.jpg:18733721400473689.jpg:18733721400473710.jpg:18733721400473730.jpg:18733721400473755.jpg 1400473645 
INFO: ------------------------

[ 2014-07-24T10:13:38+08:00 ] 127.0.0.1 /bidan/bieggs/prize/plist/id/1/cid/3
ERR: comAction _initialize...
INFO: 4 1587427 1247 全国移动2元充值卡 1400474380 
INFO: 3 1587426 1246 全国移动5元充值卡 1400474280 
INFO: 2 1587425 1245 全国移动10元充值卡 1400474190 
INFO: 1 1587424 1241 全国移动100元充值卡 1400474180 
INFO: ------------------------

[ 2014-07-24T10:13:38+08:00 ] 127.0.0.1 /bidan/bieggs/prize/plist/id/2/cid/3
ERR: comAction _initialize...
INFO: 4 1587427 1247 全国移动2元充值卡 1400474380 
INFO: 3 1587426 1246 全国移动5元充值卡 1400474280 
INFO: 2 1587425 1245 全国移动10元充值卡 1400474190 
INFO: 1 1587424 1241 全国移动100元充值卡 1400474180 
INFO: ------------------------

[ 2014-07-24T10:13:38+08:00 ] 127.0.0.1 /bidan/bieggs/prize/plist/id/2/cid/2
ERR: comAction _initialize...
INFO: 4 1587427 1247 全国移动2元充值卡 1400474380 
INFO: 3 1587426 1246 全国移动5元充值卡 1400474280 
INFO: 2 1587425 1245 全国移动10元充值卡 1400474190 
INFO: 1 1587424 1241 全国移动100元充值卡 1400474180 
INFO: ------------------------

[ 2014-07-24T10:13:38+08:00 ] ERR: (ThinkException) 缓存文件写入失败！:./App/Runtime/Cache/Home/35d27fc0a88f07e6dd0d7829b0bdff0f.php
[ 2014-07-24T10:13:38+08:00 ] 127.0.0.1 /bidan/bieggs/glory/detail?id=2
ERR: comAction _initialize...
INFO: 4 1587427 1247 全国移动2元充值卡 1400474380 
INFO: 3 1587426 1246 全国移动5元充值卡 1400474280 
INFO: 2 1587425 1245 全国移动10元充值卡 1400474190 
INFO: 1 1587424 1241 全国移动100元充值卡 1400474180 
INFO: ------------------------
ERR: loginAction _initialize...

[ 2014-07-24T10:13:38+08:00 ] 127.0.0.1 /bidan/bieggs/glory/detail?id=3
ERR: comAction _initialize...
INFO: 4 1587427 1247 全国移动2元充值卡 1400474380 
INFO: 3 1587426 1246 全国移动5元充值卡 1400474280 
INFO: 2 1587425 1245 全国移动10元充值卡 1400474190 
INFO: 1 1587424 1241 全国移动100元充值卡 1400474180 
INFO: ------------------------
ERR: loginAction _initialize...

[ 2014-07-24T10:13:39+08:00 ] 127.0.0.1 /bidan/bieggs/bets/bets28/LID/636533
ERR: comAction _initialize...
INFO: 4 1587427 1247 全国移动2元充值卡 1400474380 
INFO: 3 1587426 1246 全国移动5元充值卡 1400474280 
INFO: 2 1587425 1245 全国移动10元充值卡 1400474190 
INFO: 1 1587424 1241 全国移动100元充值卡 1400474180 
INFO: ------------------------
ERR: loginAction _initialize...
INFO: 14 1873372 636533 1,2,444,8,47,,28,4,,44,,,8,,,454,,,4,,5,,,7,,254,, 258758 0 1400473645 
INFO: ------------------------
INFO: 636529 051 
INFO: ------------------------
INFO: 随机投注 
INFO: 稳定法 
INFO: 张三法 
INFO: 李四法 
INFO: ------------------------

[ 2014-07-24T10:13:39+08:00 ] 127.0.0.1 /bidan/bieggs/bets/bets28/LID/636532
ERR: comAction _initialize...
INFO: 4 1587427 1247 全国移动2元充值卡 1400474380 
INFO: 3 1587426 1246 全国移动5元充值卡 1400474280 
INFO: 2 1587425 1245 全国移动10元充值卡 1400474190 
INFO: 1 1587424 1241 全国移动100元充值卡 1400474180 
INFO: ------------------------
ERR: loginAction _initialize...
INFO: 13 1873372 636532 1,2,444,8,22,,28,,,474,,,8,,,4144,,,4,,5,,,7,,254,, 258741 0 1400473645 
INFO: ------------------------
INFO: 636529 051 
INFO: ------------------------
INFO: 随机投注 
INFO: 稳定法 
INFO: 张三法 
INFO: 李四法 
INFO: ------------------------

[ 2014-07-24T10:13:39+08:00 ] 127.0.0.1 /bidan/bieggs/bets/bets28/LID/636534
ERR: comAction _initialize...
INFO: 4 1587427 1247 全国移动2元充值卡 1400474380 
INFO: 3 1587426 1246 全国移动5元充值卡 1400474280 
INFO: 2 1587425 1245 全国移动10元充值卡 1400474190 
INFO: 1 1587424 1241 全国移动100元充值卡 1400474180 
INFO: ------------------------
ERR: loginAction _initialize...
INFO: 15 1584584 636534 1,2,444,8,22,,28,,,44,,,8,,,474,,,4,,5,,,7,,254,, 25877 0 1400473645 
INFO: ------------------------
INFO: 636529 051 
INFO: ------------------------
INFO: 随机投注 
INFO: 稳定法 
INFO: 张三法 
INFO: 李四法 
INFO: ------------------------

[ 2014-07-24T10:13:39+08:00 ] 127.0.0.1 /bidan/bieggs/bets/bets28/LID/636531
ERR: comAction _initialize...
INFO: 4 1587427 1247 全国移动2元充值卡 1400474380 
INFO: 3 1587426 1246 全国移动5元充值卡 1400474280 
INFO: 2 1587425 1245 全国移动10元充值卡 1400474190 
INFO: 1 1587424 1241 全国移动100元充值卡 1400474180 
INFO: ------------------------
ERR: loginAction _initialize...
INFO: 12 1873372 636531 1,2,4774,8,22,,28,,,48,,,8,,,454,,8,4,,5,,,7,,254,, 25877541 0 1400473645 
INFO: ------------------------
INFO: 636529 051 
INFO: ------------------------
INFO: 随机投注 
INFO: 稳定法 
INFO: 张三法 
INFO: 李四法 
INFO: ------------------------

[ 2014-07-24T10:13:39+08:00 ] 127.0.0.1 /bidan/bieggs/bets/bets28/LID/636527
ERR: comAction _initialize...
INFO: 4 1587427 1247 全国移动2元充值卡 1400474380 
INFO: 3 1587426 1246 全国移动5元充值卡 1400474280 
INFO: 2 1587425 1245 全国移动10元充值卡 1400474190 
INFO: 1 1587424 1241 全国移动100元充值卡 1400474180 
INFO: ------------------------
ERR: loginAction _initialize...
INFO: 8 1873372 636527 1,2,41,8,222,,441,,4,,,,88,,,,,,252,,124,,,341,,,, 255891 2542454 1400473645 
INFO: ------------------------

[ 2014-07-24T10:13:39+08:00 ] 127.0.0.1 /bidan/bieggs/bets/bets28/LID/636529
ERR: comAction _initialize...
INFO: 4 1587427 1247 全国移动2元充值卡 1400474380 
INFO: 3 1587426 1246 全国移动5元充值卡 1400474280 
INFO: 2 1587425 1245 全国移动10元充值卡 1400474190 
INFO: 1 1587424 1241 全国移动100元充值卡 1400474180 
INFO: ------------------------
ERR: loginAction _initialize...
INFO: 10 1873372 636529 1,2,4774,8,22,,28,,,44,,,8,,,454,,,4,,5,,,7,,254,, 2587541 25845454 1400473645 
INFO: ------------------------

[ 2014-07-24T10:13:39+08:00 ] 127.0.0.1 /bidan/bieggs/result/index/LID/636528
ERR: comAction _initialize...
INFO: 4 1587427 1247 全国移动2元充值卡 1400474380 
INFO: 3 1587426 1246 全国移动5元充值卡 1400474280 
INFO: 2 1587425 1245 全国移动10元充值卡 1400474190 
INFO: 1 1587424 1241 全国移动100元充值卡 1400474180 
INFO: ------------------------
ERR: resultAction _initialize...

[ 2014-07-24T10:13:40+08:00 ] 127.0.0.1 /bidan/bieggs/bets/bets28/LID/636530
ERR: comAction _initialize...
INFO: 4 1587427 1247 全国移动2元充值卡 1400474380 
INFO: 3 1587426 1246 全国移动5元充值卡 1400474280 
INFO: 2 1587425 1245 全国移动10元充值卡 1400474190 
INFO: 1 1587424 1241 全国移动100元充值卡 1400474180 
INFO: ------------------------
ERR: loginAction _initialize...
INFO: 11 1873372 636530 1,2,444,8,21541,,28,,,541144,,,5484,,,484,,,4,,2512,,,84541,,254,, 2587741 0 1400473645 
INFO: ------------------------
INFO: 636529 051 
INFO: ------------------------
INFO: 随机投注 
INFO: 稳定法 
INFO: 张三法 
INFO: 李四法 
INFO: ------------------------

[ 2014-07-24T10:13:40+08:00 ] 127.0.0.1 /bidan/bieggs/result/index/LID/636529
ERR: comAction _initialize...
INFO: 4 1587427 1247 全国移动2元充值卡 1400474380 
INFO: 3 1587426 1246 全国移动5元充值卡 1400474280 
INFO: 2 1587425 1245 全国移动10元充值卡 1400474190 
INFO: 1 1587424 1241 全国移动100元充值卡 1400474180 
INFO: ------------------------
ERR: resultAction _initialize...

[ 2014-07-24T10:13:40+08:00 ] 127.0.0.1 /bidan/bieggs/result/index/LID/636526
ERR: comAction _initialize...
INFO: 4 1587427 1247 全国移动2元充值卡 1400474380 
INFO: 3 1587426 1246 全国移动5元充值卡 1400474280 
INFO: 2 1587425 1245 全国移动10元充值卡 1400474190 
INFO: 1 1587424 1241 全国移动100元充值卡 1400474180 
INFO: ------------------------
ERR: resultAction _initialize...

[ 2014-07-24T10:13:40+08:00 ] 127.0.0.1 /bidan/bieggs/result/index/LID/636525
ERR: comAction _initialize...
INFO: 4 1587427 1247 全国移动2元充值卡 1400474380 
INFO: 3 1587426 1246 全国移动5元充值卡 1400474280 
INFO: 2 1587425 1245 全国移动10元充值卡 1400474190 
INFO: 1 1587424 1241 全国移动100元充值卡 1400474180 
INFO: ------------------------
ERR: resultAction _initialize...
INFO: 3793376 64204560 199144450 
INFO: 16814990 64200000 199144000 
INFO: 12249703 6425450 199144000 
INFO: 15832713 64200000 199144000 
INFO: 17818159 64200 199144000 
INFO: 13781444 64200000 199144000 
INFO: 17882815 64200000 19925410 
INFO: 17712437 64205250 19914440 
INFO: 17931351 6420 199144 
INFO: 13896491 64200 199144 
INFO: ------------------------

[ 2014-07-24T10:13:40+08:00 ] 127.0.0.1 /bidan/bieggs/bets/bets28/LID/636525
ERR: comAction _initialize...
INFO: 4 1587427 1247 全国移动2元充值卡 1400474380 
INFO: 3 1587426 1246 全国移动5元充值卡 1400474280 
INFO: 2 1587425 1245 全国移动10元充值卡 1400474190 
INFO: 1 1587424 1241 全国移动100元充值卡 1400474180 
INFO: ------------------------
ERR: loginAction _initialize...
INFO: 6 1873372 636525 1,2,5,1452,8,,4511,,44,,,,74,,,,44,,5788,,5,,,125,,2585,, 259854 0 1400473645 
INFO: ------------------------

[ 2014-07-24T10:13:40+08:00 ] 127.0.0.1 /bidan/bieggs/result/index/LID/636523
ERR: comAction _initialize...
INFO: 4 1587427 1247 全国移动2元充值卡 1400474380 
INFO: 3 1587426 1246 全国移动5元充值卡 1400474280 
INFO: 2 1587425 1245 全国移动10元充值卡 1400474190 
INFO: 1 1587424 1241 全国移动100元充值卡 1400474180 
INFO: ------------------------
ERR: resultAction _initialize...

[ 2014-07-24T10:13:40+08:00 ] 127.0.0.1 /bidan/bieggs/result/index/LID/636527
ERR: comAction _initialize...
INFO: 4 1587427 1247 全国移动2元充值卡 1400474380 
INFO: 3 1587426 1246 全国移动5元充值卡 1400474280 
INFO: 2 1587425 1245 全国移动10元充值卡 1400474190 
INFO: 1 1587424 1241 全国移动100元充值卡 1400474180 
INFO: ------------------------
ERR: resultAction _initialize...

[ 2014-07-24T10:13:40+08:00 ] 127.0.0.1 /bidan/bieggs/bets/bets28/LID/636528
ERR: comAction _initialize...
INFO: 4 1587427 1247 全国移动2元充值卡 1400474380 
INFO: 3 1587426 1246 全国移动5元充值卡 1400474280 
INFO: 2 1587425 1245 全国移动10元充值卡 1400474190 
INFO: 1 1587424 1241 全国移动100元充值卡 1400474180 
INFO: ------------------------
ERR: loginAction _initialize...
INFO: 9 1873372 636528 1,2,44,8,8,,525,,,,44,,8,,,,,,44,,5,,,231,,,, 2999991 0 1400473645 
INFO: ------------------------

[ 2014-07-24T10:13:40+08:00 ] 127.0.0.1 /bidan/bieggs/bets/bets28/LID/636524
ERR: comAction _initialize...
INFO: 4 1587427 1247 全国移动2元充值卡 1400474380 
INFO: 3 1587426 1246 全国移动5元充值卡 1400474280 
INFO: 2 1587425 1245 全国移动10元充值卡 1400474190 
INFO: 1 1587424 1241 全国移动100元充值卡 1400474180 
INFO: ------------------------
ERR: loginAction _initialize...
INFO: 5 1873372 636524 1,745,5,4521,8,,125,,,,,,10,,,11,,,21,,241,,,7,,1254,, 298754 0 1400473645 
INFO: ------------------------

[ 2014-07-24T10:13:40+08:00 ] 127.0.0.1 /bidan/bieggs/bets/bets28/LID/636523
ERR: comAction _initialize...
INFO: 4 1587427 1247 全国移动2元充值卡 1400474380 
INFO: 3 1587426 1246 全国移动5元充值卡 1400474280 
INFO: 2 1587425 1245 全国移动10元充值卡 1400474190 
INFO: 1 1587424 1241 全国移动100元充值卡 1400474180 
INFO: ------------------------
ERR: loginAction _initialize...
INFO: 4 1873372 636523 1000,2,5,8,10,,28,,,2002,,,41,,,,,,4,,5,,,7,,,, 25489544 9857 1400473645 
INFO: ------------------------

[ 2014-07-24T10:13:41+08:00 ] 127.0.0.1 /bidan/bieggs/bets/bets28/LID/636522
ERR: comAction _initialize...
INFO: 4 1587427 1247 全国移动2元充值卡 1400474380 
INFO: 3 1587426 1246 全国移动5元充值卡 1400474280 
INFO: 2 1587425 1245 全国移动10元充值卡 1400474190 
INFO: 1 1587424 1241 全国移动100元充值卡 1400474180 
INFO: ------------------------
ERR: loginAction _initialize...
INFO: 3 1873372 636522 1,2,144,8,8,,855,,,447,,,8,,,,,,4,,5,,,7,,,, 25481 0 1400473645 
INFO: ------------------------

[ 2014-07-24T10:13:41+08:00 ] 127.0.0.1 /bidan/bieggs/bets/bets28/LID/636526
ERR: comAction _initialize...
INFO: 4 1587427 1247 全国移动2元充值卡 1400474380 
INFO: 3 1587426 1246 全国移动5元充值卡 1400474280 
INFO: 2 1587425 1245 全国移动10元充值卡 1400474190 
INFO: 1 1587424 1241 全国移动100元充值卡 1400474180 
INFO: ------------------------
ERR: loginAction _initialize...

[ 2014-07-24T10:13:41+08:00 ] 127.0.0.1 /bidan/bieggs/prize/plist/id/3/cid/1
ERR: comAction _initialize...
INFO: 4 1587427 1247 全国移动2元充值卡 1400474380 
INFO: 3 1587426 1246 全国移动5元充值卡 1400474280 
INFO: 2 1587425 1245 全国移动10元充值卡 1400474190 
INFO: 1 1587424 1241 全国移动100元充值卡 1400474180 
INFO: ------------------------

[ 2014-07-24T10:13:41+08:00 ] 127.0.0.1 /bidan/bieggs/result/index/LID/636524
ERR: comAction _initialize...
INFO: 4 1587427 1247 全国移动2元充值卡 1400474380 
INFO: 3 1587426 1246 全国移动5元充值卡 1400474280 
INFO: 2 1587425 1245 全国移动10元充值卡 1400474190 
INFO: 1 1587424 1241 全国移动100元充值卡 1400474180 
INFO: ------------------------
ERR: resultAction _initialize...
INFO: 16580583 6424500 199144000 
INFO: 16822138 64200000 1992440 
INFO: 6194433 64200000 1991550 
INFO: 16828508 64250 1991525 
INFO: 17786862 6422540 1991500 
INFO: 17299171 642474 1991255 
INFO: 17868369 642055 199123 
INFO: ------------------------

[ 2014-07-24T10:13:41+08:00 ] 127.0.0.1 /bidan/bieggs/result/index/LID/636522
ERR: comAction _initialize...
INFO: 4 1587427 1247 全国移动2元充值卡 1400474380 
INFO: 3 1587426 1246 全国移动5元充值卡 1400474280 
INFO: 2 1587425 1245 全国移动10元充值卡 1400474190 
INFO: 1 1587424 1241 全国移动100元充值卡 1400474180 
INFO: ------------------------
ERR: resultAction _initialize...

[ 2014-07-24T10:13:41+08:00 ] ERR: (ThinkException) 缓存文件写入失败！:./App/Runtime/Cache/Home/f1eeaa292e98deb1be923140d670c7ac.php
[ 2014-07-24T10:13:41+08:00 ] 127.0.0.1 /bidan/bieggs/prize/plist/id/3
ERR: comAction _initialize...
INFO: 4 1587427 1247 全国移动2元充值卡 1400474380 
INFO: 3 1587426 1246 全国移动5元充值卡 1400474280 
INFO: 2 1587425 1245 全国移动10元充值卡 1400474190 
INFO: 1 1587424 1241 全国移动100元充值卡 1400474180 
INFO: ------------------------

[ 2014-07-24T10:13:41+08:00 ] 127.0.0.1 /bidan/bieggs/prize/plist/id/5
ERR: comAction _initialize...
INFO: 4 1587427 1247 全国移动2元充值卡 1400474380 
INFO: 3 1587426 1246 全国移动5元充值卡 1400474280 
INFO: 2 1587425 1245 全国移动10元充值卡 1400474190 
INFO: 1 1587424 1241 全国移动100元充值卡 1400474180 
INFO: ------------------------

[ 2014-07-24T10:13:41+08:00 ] 127.0.0.1 /bidan/bieggs/prize/plist/id/3/cid/2
ERR: comAction _initialize...
INFO: 4 1587427 1247 全国移动2元充值卡 1400474380 
INFO: 3 1587426 1246 全国移动5元充值卡 1400474280 
INFO: 2 1587425 1245 全国移动10元充值卡 1400474190 
INFO: 1 1587424 1241 全国移动100元充值卡 1400474180 
INFO: ------------------------

[ 2014-07-24T10:13:41+08:00 ] 127.0.0.1 /bidan/bieggs/prize/plist/id/3/cid/3
ERR: comAction _initialize...
INFO: 4 1587427 1247 全国移动2元充值卡 1400474380 
INFO: 3 1587426 1246 全国移动5元充值卡 1400474280 
INFO: 2 1587425 1245 全国移动10元充值卡 1400474190 
INFO: 1 1587424 1241 全国移动100元充值卡 1400474180 
INFO: ------------------------

[ 2014-07-24T10:13:41+08:00 ] ERR: (ThinkException) 缓存文件写入失败！:./App/Runtime/Cache/Home/f1eeaa292e98deb1be923140d670c7ac.php
[ 2014-07-24T10:13:41+08:00 ] 127.0.0.1 /bidan/bieggs/bets/bets28/LID/636521
ERR: comAction _initialize...
INFO: 4 1587427 1247 全国移动2元充值卡 1400474380 
INFO: 3 1587426 1246 全国移动5元充值卡 1400474280 
INFO: 2 1587425 1245 全国移动10元充值卡 1400474190 
INFO: 1 1587424 1241 全国移动100元充值卡 1400474180 
INFO: ------------------------
ERR: loginAction _initialize...
INFO: 2 1873372 636521 1,8,20,30,33,,128,,,,,,1,,,,,,4,,5,,,7,,,, 12345 555665 1400473645 
INFO: ------------------------

[ 2014-07-24T10:13:41+08:00 ] 127.0.0.1 /bidan/bieggs/result/index/LID/636521
ERR: comAction _initialize...
INFO: 4 1587427 1247 全国移动2元充值卡 1400474380 
INFO: 3 1587426 1246 全国移动5元充值卡 1400474280 
INFO: 2 1587425 1245 全国移动10元充值卡 1400474190 
INFO: 1 1587424 1241 全国移动100元充值卡 1400474180 
INFO: ------------------------
ERR: resultAction _initialize...

[ 2014-07-24T10:13:43+08:00 ] ERR: (ThinkException) 缓存文件写入失败！:./App/Runtime/Cache/Home/f1eeaa292e98deb1be923140d670c7ac.php
[ 2014-07-24T10:13:43+08:00 ] ERR: (ThinkException) 缓存文件写入失败！:./App/Runtime/Cache/Home/f1eeaa292e98deb1be923140d670c7ac.php
[ 2014-07-24T10:13:43+08:00 ] 127.0.0.1 /bidan/bieggs/result/index/LID/636518
ERR: comAction _initialize...
INFO: 4 1587427 1247 全国移动2元充值卡 1400474380 
INFO: 3 1587426 1246 全国移动5元充值卡 1400474280 
INFO: 2 1587425 1245 全国移动10元充值卡 1400474190 
INFO: 1 1587424 1241 全国移动100元充值卡 1400474180 
INFO: ------------------------
ERR: resultAction _initialize...

[ 2014-07-24T10:13:43+08:00 ] 127.0.0.1 /bidan/bieggs/result/index/LID/636519
ERR: comAction _initialize...
INFO: 4 1587427 1247 全国移动2元充值卡 1400474380 
INFO: 3 1587426 1246 全国移动5元充值卡 1400474280 
INFO: 2 1587425 1245 全国移动10元充值卡 1400474190 
INFO: 1 1587424 1241 全国移动100元充值卡 1400474180 
INFO: ------------------------
ERR: resultAction _initialize...

: 1 1873372 636520 1,2,5,8,8,,28,,,,,,8,,,,,,4,,5,,,7,,,, 25841 25454 1400473645 
INFO: ------------------------

[ 2014-07-24T10:13:43+08:00 ] 127.0.0.1 /bidan/bieggs/result/index/LID/636520
ERR: comAction _initialize...
INFO: 4 1587427 1247 全国移动2元充值卡 1400474380 
INFO: 3 1587426 1246 全国移动5元充值卡 1400474280 
INFO: 2 1587425 1245 全国移动10元充值卡 1400474190 
INFO: 1 1587424 1241 全国移动100元充值卡 1400474180 
INFO: ------------------------
ERR: resultAction _initialize...

[ 2014-07-24T10:13:43+08:00 ] 127.0.0.1 /bidan/bieggs/bets/bets28/LID/636519
ERR: comAction _initialize...
INFO: 4 1587427 1247 全国移动2元充值卡 1400474380 
INFO: 3 1587426 1246 全国移动5元充值卡 1400474280 
INFO: 2 1587425 1245 全国移动10元充值卡 1400474190 
INFO: 1 1587424 1241 全国移动100元充值卡 1400474180 
INFO: ------------------------
ERR: loginAction _initialize...

[ 2014-07-24T10:13:43+08:00 ] 127.0.0.1 /bidan/bieggs/bets/bets28/LID/636518
ERR: comAction _initialize...
INFO: 4 1587427 1247 全国移动2元充值卡 1400474380 
INFO: 3 1587426 1246 全国移动5元充值卡 1400474280 
INFO: 2 1587425 1245 全国移动10元充值卡 1400474190 
INFO: 1 1587424 1241 全国移动100元充值卡 1400474180 
INFO: ------------------------
ERR: loginAction _initialize...

 /bidan/bieggs/prize/plist/id/4/cid/1
ERR: comAction _initialize...
INFO: 4 1587427 1247 全国移动2元充值卡 1400474380 
INFO: 3 1587426 1246 全国移动5元充值卡 1400474280 
INFO: 2 1587425 1245 全国移动10元充值卡 1400474190 
INFO: 1 1587424 1241 全国移动100元充值卡 1400474180 
INFO: ------------------------

[ 2014-07-24T10:13:43+08:00 ] 127.0.0.1 /bidan/bieggs/bets/bets28/LID/636515
ERR: comAction _initialize...
INFO: 4 1587427 1247 全国移动2元充值卡 1400474380 
INFO: 3 1587426 1246 全国移动5元充值卡 1400474280 
INFO: 2 1587425 1245 全国移动10元充值卡 1400474190 
INFO: 1 1587424 1241 全国移动100元充值卡 1400474180 
INFO: ------------------------
ERR: loginAction _initialize...

[ 2014-07-24T10:13:43+08:00 ] 127.0.0.1 /bidan/bieggs/prize/plist/id/4
ERR: comAction _initialize...
INFO: 4 1587427 1247 全国移动2元充值卡 1400474380 
INFO: 3 1587426 1246 全国移动5元充值卡 1400474280 
INFO: 2 1587425 1245 全国移动10元充值卡 1400474190 
INFO: 1 1587424 1241 全国移动100元充值卡 1400474180 
INFO: ------------------------

[ 2014-07-24T10:13:43+08:00 ] 127.0.0.1 /bidan/bieggs/prize/plist/id/5/cid/2
ERR: comAction _initialize...
INFO: 4 1587427 1247 全国移动2元充值卡 1400474380 
INFO: 3 1587426 1246 全国移动5元充值卡 1400474280 
INFO: 2 1587425 1245 全国移动10元充值卡 1400474190 
INFO: 1 1587424 1241 全国移动100元充值卡 1400474180 
INFO: ----------------------[ 2014[ 2014-07-24T10:13:43+08:00 ] 127.0.0.1 /bidan/bieggs/prize/plist/id/6/cid/2
ERR: comAction _initialize...
INFO: 4 1587427 1247 全国移动2元充值卡 1400474380 
INFO: 3 1587426 1246 全国移动5元充值卡 1400474280 
INFO: 2 1587425 1245 全国移动10元充值卡 1400474190 
INFO: 1 1587424 1241 全国移动100元充值卡 1400474180 
INFO: ------------------------

[ 2014-07-24T10:13:43+08:00 ] 127.0.0.1 /bidan/bieggs/result/index/LID/636516
ERR: comAction _initialize...
INFO: 4 1587427 1247 全国移动2元充值卡 1400474380 
INFO: 3 1587426 1246 全国移动5元充值卡 1400474280 
INFO: 2 1587425 1245 全国移动10元充值卡 1400474190 
INFO: 1 1587424 1241 全国移动100元充值卡 1400474180 
INFO: ------------------------
ERR: resultAction _initialize...

[ 2014-07-24T10:13:43+08:00 ] 127.0.0.1 /bidan/bieggs/result/index/LID/636515
ERR: comAction _initialize...
INFO: 4 1587427 1247 全国移动2元充值卡 1400474380 
INFO: 3 1587426 1246 全国移动5元充值卡 1400474280 
INFO: 2 1587425 1245 全国移动10元充值卡 1400474190 
INFO: 1 1587424 1241 全国移动100元充值卡 1400474180 
INFO: ------------------------
ERR: resultAction _initialize...

[ 2014-07-24T10:13:44+08:00 ] ERR: (ThinkException) 无法加载模块:Public
[ 2014-07-24T10:13:46+08:00 ] ERR: (ThinkException) 无法加载模块:adtask
[ 2014-07-24T10:13:46+08:00 ] ERR: (ThinkException) 无法加载模块:Public
[ 2014-07-24T10:13:46+08:00 ] ERR: (ThinkException) 无法加载模块:prizes
[ 2014-07-24T10:13:46+08:00 ] ERR: (ThinkException) 无法加载模块:useraccount
[ 2014-07-24T10:13:46+08:00 ] ERR: (ThinkException) 无法加载模块:Public
[ 2014-07-24T10:13:46+08:00 ] ERR: (ThinkException) 缓存文件写入失败！:./App/Runtime/Cache/Home/62f8edb1eaeaa6b26fed5648f8a967ea.php
[ 2014-07-24T10:13:46+08:00 ] 127.0.0.1 /bidan/bieggs/Home/ad/check
ERR: comAction _initialize...
INFO: 4 1587427 1247 全国移动2元充值卡 1400474380 
INFO: 3 1587426 1246 全国移动5元充值卡 1400474280 
INFO: 2 1587425 1245 全国移动10元充值卡 1400474190 
INFO: 1 1587424 1241 全国移动100元充值卡 1400474180 
INFO: ------------------------
ERR: adAction _initialize...
INFO: 10 1873381 博雅vv阿三 1400473445 
INFO: 9 1873380 博雅事实上实施 1400773645 
INFO: 8 1873379 博雅侧四十四 140047545 
INFO: 7 1873378 博雅测试 140047645 
INFO: 6 1873377 博雅蛋蛋 1400473545 
INFO: 5 1873376 博雅四川麻将 14004445 
INFO: 4 1873375 博雅德州扑克 140047445 
INFO: 3 1873374 博雅斗地主 1400473645 
INFO: 2 1873373 呱呱歌舞厅 1400473655 
INFO: 1 1873372 棋牌试玩江湖游 1400473645 
INFO: ------------------------
INFO: 13 新人任务赚蛋 2000 slider3.png 4 
INFO: 12 竞猜游戏竞猜赚蛋 1000 slider2.png 4 
INFO: 11 赠品试用赚蛋 7000 slider1.png 4 
INFO: ------------------------
INFO: 12 6 1244777 4294967295 
INFO: 11 5 1267014 450474180 
INFO: 10 4 12670855 20474180 
INFO: 9 3 12670855 5204180 
INFO: 8 2 17436178 5404180 
INFO: 7 1 17883278 2304180 
INFO: 6 6 12447777 4294967295 
INFO: 5 5 12670154 452474180 
INFO: 4 4 12670837 25400180 
INFO: 3 3 12670827 5200474 
INFO: 2 2 17436179 5400474 
INFO: 1 1 17883275 2300474 
INFO: ------------------------
INFO: 10 博雅vv阿三 265 tiyan.jpg 3 
INFO: 9 博雅事实上实施 245 tiyan.jpg 3 
INFO: 8 博雅侧四十四 230 tiyan.jpg 3 
INFO: ------------------------

[ 2014-07-24T10:13:46+08:00 ] 127.0.0.1 /bidan/bieggs/Home/ad
ERR: comAction _initialize...
INFO: 4 1587427 1247 全国移动2元充值卡 1400474380 
INFO: 3 1587426 1246 全国移动5元充值卡 1400474280 
INFO: 2 1587425 1245 全国移动10元充值卡 1400474190 
INFO: 1 1587424 1241 全国移动100元充值卡 1400474180 
INFO: ------------------------
ERR: adAction _initialize...
INFO: 10 1873381 博雅vv阿三 1400473445 
INFO: 9 1873380 博雅事实上实施 1400773645 
INFO: 8 1873379 博雅侧四十四 140047545 
INFO: 7 1873378 博雅测试 140047645 
INFO: 6 1873377 博雅蛋蛋 1400473545 
INFO: 5 1873376 博雅四川麻将 14004445 
INFO: 4 1873375 博雅德州扑克 140047445 
INFO: 3 1873374 博雅斗地主 1400473645 
INFO: 2 1873373 呱呱歌舞厅 1400473655 
INFO: 1 1873372 棋牌试玩江湖游 1400473645 
INFO: ------------------------
INFO: 13 新人任务赚蛋 2000 slider3.png 4 
INFO: 12 竞猜游戏竞猜赚蛋 1000 slider2.png 4 
INFO: 11 赠品试用赚蛋 7000 slider1.png 4 
INFO: ------------------------
INFO: 12 6 1244777 4294967295 
INFO: 11 5 1267014 450474180 
INFO: 10 4 12670855 20474180 
INFO: 9 3 12670855 5204180 
INFO: 8 2 17436178 5404180 
INFO: 7 1 17883278 2304180 
INFO: 6 6 12447777 4294967295 
INFO: 5 5 12670154 452474180 
INFO: 4 4 12670837 25400180 
INFO: 3 3 12670827 5200474 
INFO: 2 2 17436179 5400474 
INFO: 1 1 17883275 2300474 
INFO: ------------------------
INFO: 5 博雅四川麻将 190 tiyan.jpg 1 
INFO: 4 博雅德州扑克 360 tiyan.jpg 1 
INFO: 3 博雅斗地主 210 tiyan.jpg 1 
INFO: 2 呱呱歌舞厅 180 tiyan.jpg 1 
INFO: 1 棋牌试玩-江湖游 160 tiyan.jpg 1 
INFO: ------------------------

[ 2014-07-24T10:13:47+08:00 ] ERR: (ThinkException) 无法加载模块:ZeroClipboard
[ 2014-07-24T10:13:47+08:00 ] ERR: (ThinkException) 无法加载模块:Public
[ 2014-07-24T10:13:51+08:00 ] ERR: (ThinkException) 无法加载模块:Public
[ 2014-07-24T10:13:51+08:00 ] ERR: (ThinkException) 无法加载模块:Public
[ 2014-07-24T10:13:51+08:00 ] ERR: (ThinkException) 非法操作:pgMy310
[ 2014-07-24T10:13:51+08:00 ] ERR: (ThinkException) 非法操作:Pg310Europe5match
[ 2014-07-24T10:13:51+08:00 ] ERR: (ThinkException) 非法操作:pg310Help
[ 2014-07-24T10:13:51+08:00 ] ERR: (ThinkException) 无法加载模块:Public
[ 2014-07-24T10:13:51+08:00 ] ERR: (ThinkException) 无法加载模块:Public
[ 2014-07-24T10:13:51+08:00 ] 127.0.0.1 /bidan/bieggs/game/pg310.aspx?typeid=1
ERR: comAction _initialize...
INFO: 4 1587427 1247 全国移动2元充值卡 1400474380 
INFO: 3 1587426 1246 全国移动5元充值卡 1400474280 
INFO: 2 1587425 1245 全国移动10元充值卡 1400474190 
INFO: 1 1587424 1241 全国移动100元充值卡 1400474180 
INFO: ------------------------
ERR: gameAction _initialize...
INFO: 12260 巴西世界杯小组赛 巴西 墨西哥 06-18 04:00  652 1022323734 0 2 15845 532142 0 鏖战近120分钟，众星云集的阿根廷才在加时赛艰难的战胜平民球队瑞士，梅西在终场之前的一次妙传让迪玛利亚得分，也让萨贝拉的球队避免了一次点球大战。球王马拉多纳在赛后批评了国家队的表现，他认为这支阿根廷队踢得很糟糕，缺乏速度，太多传中球，并且头号球星梅西缺少队友足够的支援。鏖战近120分钟，众星云集的阿根廷才在加时赛艰难的战胜平民球队瑞士，梅西在终场之前的一次妙传让迪玛利亚得分，也让萨贝拉的球队避免了一次点球大战。球王马拉多纳在赛后批评了国家队的表现，他认为这支阿根廷队踢得很糟糕，缺乏速度，太多传中球，并且头号球星梅西缺少队友足够的支援。 
INFO: 12261 巴西世界杯小组赛 巴西 墨西哥 06-18 06:00  542 2222322415 0 2 1584525 532124541 0 鏖战近120分钟，众星云集的阿根廷才在加时赛艰难的战胜平民球队瑞士，梅西在终场之前的一次妙传让迪玛利亚得分，也让萨贝拉的球队避免了一次点球大战。球王马拉多纳在赛后批评了国家队的表现，他认为这支阿根廷队踢得很糟糕，缺乏速度，太多传中球，并且头号球星梅西缺少队友足够的支鏖战近120分钟，众星云集的阿根廷才在加时赛艰难的战胜平民球队瑞士，梅西在终场之前的一次妙传让迪玛利亚得分，也让萨贝拉的球队避免了一次点球大战。球王马拉多纳在赛后批评了国家队的表现，他认为这支阿根廷队踢得很糟糕，缺乏速度，太多传中球，并且头号球星梅西缺少队友足够的支援。援。 
INFO: 12262 巴西世界杯小组赛 巴西 墨西哥 06-18 07:00  254 3222323720 0 3 15845 521542 532142 鏖战近120分钟，众星云集的阿根廷才在加时赛艰难的战胜平民球队瑞士，梅西在终场之前的一次妙传让迪玛利亚得分，也让萨贝拉的球队避免了一次点球大战。球王马拉多纳在赛后批评了国家队的表现，他认为这支阿根廷队踢得很糟糕，缺乏速度，太多传中球，并且头号球星梅西缺少队友足鏖战近120分钟，众星云集的阿根廷才在加时赛艰难的战胜平民球队瑞士，梅西在终场之前的一次妙传让迪玛利亚得分，也让萨贝拉的球队避免了一次点球大战。球王马拉多纳在赛后批评了国家队的表现，他认为这支阿根廷队踢得很糟糕，缺乏速度，太多传中球，并且头号球星梅西缺少队友足够的支援。够的支援。 
INFO: 12263 巴西世界杯小组赛 巴西 墨西哥 06-17 09:00  452 1252323300 0 2 15845 532142 0 鏖战近120分钟，众星云集的阿根廷才在加时赛艰难的战胜平民球队瑞士，梅西在终场之前的一次妙传让迪玛利亚得分，也让萨贝拉的球队避免了一次点球大战。球王马拉多纳在赛后批评了国家队的表现，他认为这支阿根廷队踢得很糟糕，缺乏速度，太多传中球，并且头号球星梅西缺少队友足够的支援。 
INFO: 12264 巴西世界杯小组赛 巴西 墨西哥 06-18 02:00  254 2102323724 0 3 15845 521511 532142 鏖战近120分钟，众星云集的阿根廷才在加时赛艰难的战胜平民球队瑞士，梅西在终场之前的一次妙传让迪玛利亚得分，也让萨贝拉的球队避免了一次点球大战。球王马拉多纳在赛后批评了国家队的表现，他认为这支阿根廷队踢得很糟糕，缺乏速度，太多传中球，并且头号球星梅西缺少队友足够的支援。 
INFO: 12265 巴西世界杯小组赛 俄罗斯 韩国 06-18 05:00  238 554555320 0 2 1584554 535552142 0 鏖战近120分钟，众星云集的阿根廷才在加时赛艰难的战胜平民球队瑞士，梅西在终场之前的一次妙传让迪玛利亚得分，也让萨贝拉的球队避免了一次点球大战。球王马拉多纳在赛后批评了国家队的表现，他认为这支阿根廷队踢得很糟糕，缺乏速度，太多传中球，并且头号球星梅西缺少队友足够的支援。 
INFO: 12308 13/14赛季NBA季后赛 巴西 墨西哥 06-18 05:00 1 5241 252355424 5622 2 15845 0 532142 鏖战近120分钟，众星云集的阿根廷才在加时赛艰难的战胜平民球队瑞士，梅西在终场之前的一次妙传让迪玛利亚得分，也让萨贝拉的球队避免了一次点球大战。球王马拉多纳在赛后批评了国家队的表现，他认为这支阿根廷队踢得很糟糕，缺乏速度，太多传中球，并且头号球星梅西缺少队友足够的支援。 
INFO: 12251 巴西世界杯小组赛 马刺 热火 06-18 05:00 1 542 2525452724 452 2 15845 0 532142 鏖战近120分钟，众星云集的阿根廷才在加时赛艰难的战胜平民球队瑞士，梅西在终场之前的一次妙传让迪玛利亚得分，也让萨贝拉的球队避免了一次点球大战。球王马拉多纳在赛后批评了国家队的表现，他认为这支阿根廷队踢得很糟糕，缺乏速度，太多传中球，并且头号球星梅西缺少队友足够的支援。 
INFO: 12309 13/14赛季NBA季后赛 巴西 克罗地亚 06-19 02:00 1 5421 252322424 254 2 15845 0 532142 鏖战近120分钟，众星云集的阿根廷才在加时赛艰难的战胜平民球队瑞士，梅西在终场之前的一次妙传让迪玛利亚得分，也让萨贝拉的球队避免了一次点球大战。球王马拉多纳在赛后批评了国家队的表现，他认为这支阿根廷队踢得很糟糕，缺乏速度，太多传中球，并且头号球星梅西缺少队友足够的支援。 
INFO: 12252 巴西世界杯小组赛 马刺 热火 06-18 02:30 0 2415 25232724 542 2 15845 0 532142 这是描述测试 
INFO: 12253 巴西世界杯小组赛 墨西哥 喀麦隆 06-15 02:00 0 2102 365323724 854 2 15845 532142 0 这是描述测试 
INFO: 12254 巴西世界杯小组赛 西班牙 荷兰 06-15 02:50 1 1201 654323724 487 2 15845 532142 0 这是描述测试 
INFO: 12255 巴西世界杯小组赛 智利 澳大利亚 06-17 03:00 1 954 25232541 688 2 15845 532142 0 这是描述测试 
INFO: 12256 巴西世界杯小组赛 哥伦比亚 希腊 06-17 05:00 1 458 252323651 355 2 15845 532142 0 这是描述测试 
INFO: 12257 巴西世界杯小组赛 乌拉圭 哥斯达黎加 06-16 09:00 0 245 152323722 154 2 15845 532142 0 这是描述测试 
INFO: 12297 巴西世界杯小组赛 英格兰 意大利 06-16 05:00 0 854 262323733 325 2 15845 0 532142 这是描述测试 
INFO: 12298 巴西世界杯小组赛 科特迪瓦 日本 06-18 04:00 1 542 252323322 1121 2 15845 0 532142 这是描述测试 
INFO: 12258 巴西世界杯小组赛 法国 洪都拉斯 06-18 04:00 1 874 252322233 2415 2 15845 0 532142 这是描述测试 
INFO: 12259 巴西世界杯小组赛 瑞士 厄瓜多尔 06-18 01:00 3 452 262323344 1254 2 15845 0 532142 这是描述测试 
INFO: 12310 13/14赛季NBA季后赛 热火 马刺 06-16 07:00 0 880 1016400973 368 2 15845 0 532142 这是描述测试 
INFO: ------------------------

[ 2014-07-24T10:13:51+08:00 ] ERR: (ThinkException) 非法操作:Pg310WorldCup
[ 2014-07-24T10:13:52+08:00 ] 127.0.0.1 /bidan/bieggs/bets/bets310/LID/12251
ERR: comAction _initialize...
INFO: 4 1587427 1247 全国移动2元充值卡 1400474380 
INFO: 3 1587426 1246 全国移动5元充值卡 1400474280 
INFO: 2 1587425 1245 全国移动10元充值卡 1400474190 
INFO: 1 1587424 1241 全国移动100元充值卡 1400474180 
INFO: ------------------------
ERR: loginAction _initialize...
INFO: 13 1873372 12251 0:1000,1:2000,2:20 258741 855 1400474645 
INFO: ------------------------
INFO: 12251 巴西世界杯小组赛 马刺 热火 06-18 05:00 1 542 2525452724 452 2 15845 0 532142 鏖战近120分钟，众星云集的阿根廷才在加时赛艰难的战胜平民球队瑞士，梅西在终场之前的一次妙传让迪玛利亚得分，也让萨贝拉的球队避免了一次点球大战。球王马拉多纳在赛后批评了国家队的表现，他认为这支阿根廷队踢得很糟糕，缺乏速度，太多传中球，并且头号球星梅西缺少队友足够的支援。 
INFO: ------------------------

[ 2014-07-24T10:13:52+08:00 ] 127.0.0.1 /bidan/bieggs/bets/bets310/LID/12265
ERR: comAction _initialize...
INFO: 4 1587427 1247 全国移动2元充值卡 1400474380 
INFO: 3 1587426 1246 全国移动5元充值卡 1400474280 
INFO: 2 1587425 1245 全国移动10元充值卡 1400474190 
INFO: 1 1587424 1241 全国移动100元充值卡 1400474180 
INFO: ------------------------
ERR: loginAction _initialize...
INFO: 15 1873372 12265 0:1000,1:2000,2:20 25877 87 1400474645 
INFO: ------------------------
INFO: 12265 巴西世界杯小组赛 俄罗斯 韩国 06-18 05:00  238 554555320 0 2 1584554 535552142 0 鏖战近120分钟，众星云集的阿根廷才在加时赛艰难的战胜平民球队瑞士，梅西在终场之前的一次妙传让迪玛利亚得分，也让萨贝拉的球队避免了一次点球大战。球王马拉多纳在赛后批评了国家队的表现，他认为这支阿根廷队踢得很糟糕，缺乏速度，太多传中球，并且头号球星梅西缺少队友足够的支援。 
INFO: ------------------------

[ 2014-07-24T10:13:52+08:00 ] 127.0.0.1 /bidan/bieggs/bets/bets310/LID/12260
ERR: comAction _initialize...
INFO: 4 1587427 1247 全国移动2元充值卡 1400474380 
INFO: 3 1587426 1246 全国移动5元充值卡 1400474280 
INFO: 2 1587425 1245 全国移动10元充值卡 1400474190 
INFO: 1 1587424 1241 全国移动100元充值卡 1400474180 
INFO: ------------------------
ERR: loginAction _initialize...
INFO: 12260 巴西世界杯小组赛 巴西 墨西哥 06-18 04:00  652 1022323734 0 2 15845 532142 0 鏖战近120分钟，众星云集的阿根廷才在加时赛艰难的战胜平民球队瑞士，梅西在终场之前的一次妙传让迪玛利亚得分，也让萨贝拉的球队避免了一次点球大战。球王马拉多纳在赛后批评了国家队的表现，他认为这支阿根廷队踢得很糟糕，缺乏速度，太多传中球，并且头号球星梅西缺少队友足够的支援。鏖战近120分钟，众星云集的阿根廷才在加时赛艰难的战胜平民球队瑞士，梅西在终场之前的一次妙传让迪玛利亚得分，也让萨贝拉的球队避免了一次点球大战。球王马拉多纳在赛后批评了国家队的表现，他认为这支阿根廷队踢得很糟糕，缺乏速度，太多传中球，并且头号球星梅西缺少队友足够的支援。 
INFO: ------------------------

[ 2014-07-24T10:13:52+08:00 ] 127.0.0.1 /bidan/bieggs/bets/bets310/LID/12263
ERR: comAction _initialize...
INFO: 4 1587427 1247 全国移动2元充值卡 1400474380 
INFO: 3 1587426 1246 全国移动5元充值卡 1400474280 
INFO: 2 1587425 1245 全国移动10元充值卡 1400474190 
INFO: 1 1587424 1241 全国移动100元充值卡 1400474180 
INFO: ------------------------
ERR: loginAction _initialize...
INFO: 12263 巴西世界杯小组赛 巴西 墨西哥 06-17 09:00  452 1252323300 0 2 15845 532142 0 鏖战近120分钟，众星云集的阿根廷才在加时赛艰难的战胜平民球队瑞士，梅西在终场之前的一次妙传让迪玛利亚得分，也让萨贝拉的球队避免了一次点球大战。球王马拉多纳在赛后批评了国家队的表现，他认为这支阿根廷队踢得很糟糕，缺乏速度，太多传中球，并且头号球星梅西缺少队友足够的支援。 
INFO: ------------------------

[ 2014-07-24T10:13:52+08:00 ] ERR: (ThinkException) 缓存文件写入失败！:./App/Runtime/Cache/Home/7eceda27afd7ebce748fa10e6d9aceee.php
[ 2014-07-24T10:13:52+08:00 ] 127.0.0.1 /bidan/bieggs/result/pg310/LID/12308
ERR: comAction _initialize...
INFO: 4 1587427 1247 全国移动2元充值卡 1400474380 
INFO: 3 1587426 1246 全国移动5元充值卡 1400474280 
INFO: 2 1587425 1245 全国移动10元充值卡 1400474190 
INFO: 1 1587424 1241 全国移动100元充值卡 1400474180 
INFO: ------------------------
ERR: resultAction _initialize...
INFO: 3793376 64204560 199144450 
INFO: 16814990 64200000 199144000 
INFO: 13781444 64200000 199144000 
INFO: 17818159 64200 199144000 
INFO: 15832713 64200000 199144000 
INFO: 5332579 642000 199144 
INFO: 17931351 6420 199144 
INFO: 13896491 64200 199144 
INFO: 16744494 64200000 199140 
INFO: ------------------------

[ 2014-07-24T10:13:53+08:00 ] 127.0.0.1 /bidan/bieggs/result/pg310/LID/12251
ERR: comAction _initialize...
INFO: 4 1587427 1247 全国移动2元充值卡 1400474380 
INFO: 3 1587426 1246 全国移动5元充值卡 1400474280 
INFO: 2 1587425 1245 全国移动10元充值卡 1400474190 
INFO: 1 1587424 1241 全国移动100元充值卡 1400474180 
INFO: ------------------------
ERR: resultAction _initialize...
INFO: 12249703 6425450 199144000 
INFO: 16580583 6424500 199144000 
INFO: 17882815 64200000 19925410 
INFO: 17712437 64205250 19914440 
INFO: 16822138 64200000 1992440 
INFO: 6194433 64200000 1991550 
INFO: 16828508 64250 1991525 
INFO: 17786862 6422540 1991500 
INFO: 17299171 642474 1991255 
INFO: 17868369 642055 199123 
INFO: ------------------------

[ 2014-07-24T10:13:53+08:00 ] 127.0.0.1 /bidan/bieggs/result/pg310/LID/12253
ERR: comAction _initialize...
INFO: 4 1587427 1247 全国移动2元充值卡 1400474380 
INFO: 3 1587426 1246 全国移动5元充值卡 1400474280 
INFO: 2 1587425 1245 全国移动10元充值卡 1400474190 
INFO: 1 1587424 1241 全国移动100元充值卡 1400474180 
INFO: ------------------------
ERR: resultAction _initialize...

[ 2014-07-24T10:13:53+08:00 ] 127.0.0.1 /bidan/bieggs/result/pg310/LID/12309
ERR: comAction _initialize...
INFO: 4 1587427 1247 全国移动2元充值卡 1400474380 
INFO: 3 1587426 1246 全国移动5元充值卡 1400474280 
INFO: 2 1587425 1245 全国移动10元充值卡 1400474190 
INFO: 1 1587424 1241 全国移动100元充值卡 1400474180 
INFO: ------------------------
ERR: resultAction _initialize...

[ 2014-07-24T10:13:53+08:00 ] ERR: (ThinkException) 缓存文件写入失败！:./App/Runtime/Cache/Home/97e8a399559a59b853226bf5ef2b77a6.php
[ 2014-07-24T10:13:53+08:00 ] 127.0.0.1 /bidan/bieggs/bets/bets310/LID/12262
ERR: comAction _initialize...
INFO: 4 1587427 1247 全国移动2元充值卡 1400474380 
INFO: 3 1587426 1246 全国移动5元充值卡 1400474280 
INFO: 2 1587425 1245 全国移动10元充值卡 1400474190 
INFO: 1 1587424 1241 全国移动100元充值卡 1400474180 
INFO: ------------------------
ERR: loginAction _initialize...
INFO: 12262 巴西世界杯小组赛 巴西 墨西哥 06-18 07:00  254 3222323720 0 3 15845 521542 532142 鏖战近120分钟，众星云集的阿根廷才在加时赛艰难的战胜平民球队瑞士，梅西在终场之前的一次妙传让迪玛利亚得分，也让萨贝拉的球队避免了一次点球大战。球王马拉多纳在赛后批评了国家队的表现，他认为这支阿根廷队踢得很糟糕，缺乏速度，太多传中球，并且头号球星梅西缺少队友足鏖战近120分钟，众星云集的阿根廷才在加时赛艰难的战胜平民球队瑞士，梅西在终场之前的一次妙传让迪玛利亚得分，也让萨贝拉的球队避免了一次点球大战。球王马拉多纳在赛后批评了国家队的表现，他认为这支阿根廷队踢得很糟糕，缺乏速度，太多传中球，并且头号球星梅西缺少队友足够的支援。够的支援。 
INFO: ------------------------

[ 2014-07-24T10:13:53+08:00 ] 127.0.0.1 /bidan/bieggs/bets/bets310/LID/12308
ERR: comAction _initialize...
INFO: 4 1587427 1247 全国移动2元充值卡 1400474380 
INFO: 3 1587426 1246 全国移动5元充值卡 1400474280 
INFO: 2 1587425 1245 全国移动10元充值卡 1400474190 
INFO: 1 1587424 1241 全国移动100元充值卡 1400474180 
INFO: ------------------------
ERR: loginAction _initialize...
INFO: 14 1873372 12308 0:1000,1:2000,2:20 258758 4 1400474645 
INFO: ------------------------
INFO: 12308 13/14赛季NBA季后赛 巴西 墨西哥 06-18 05:00 1 5241 252355424 5622 2 15845 0 532142 鏖战近120分钟，众星云集的阿根廷才在加时赛艰难的战胜平民球队瑞士，梅西在终场之前的一次妙传让迪玛利亚得分，也让萨贝拉的球队避免了一次点球大战。球王马拉多纳在赛后批评了国家队的表现，他认为这支阿根廷队踢得很糟糕，缺乏速度，太多传中球，并且头号球星梅西缺少队友足够的支援。 
INFO: ------------------------

[ 2014-07-24T10:13:53+08:00 ] 127.0.0.1 /bidan/bieggs/result/pg310/LID/12254
ERR: comAction _initialize...
INFO: 4 1587427 1247 全国移动2元充值卡 1400474380 
INFO: 3 1587426 1246 全国移动5元充值卡 1400474280 
INFO: 2 1587425 1245 全国移动10元充值卡 1400474190 
INFO: 1 1587424 1241 全国移动100元充值卡 1400474180 
INFO: ------------------------
ERR: resultAction _initialize...

[ 2014-07-24T10:13:53+08:00 ] 127.0.0.1 /bidan/bieggs/bets/bets310/LID/12264
ERR: comAction _initialize...
INFO: 4 1587427 1247 全国移动2元充值卡 1400474380 
INFO: 3 1587426 1246 全国移动5元充值卡 1400474280 
INFO: 2 1587425 1245 全国移动10元充值卡 1400474190 
INFO: 1 1587424 1241 全国移动100元充值卡 1400474180 
INFO: ------------------------
ERR: loginAction _initialize...
INFO: 12264 巴西世界杯小组赛 巴西 墨西哥 06-18 02:00  254 2102323724 0 3 15845 521511 532142 鏖战近120分钟，众星云集的阿根廷才在加时赛艰难的战胜平民球队瑞士，梅西在终场之前的一次妙传让迪玛利亚得分，也让萨贝拉的球队避免了一次点球大战。球王马拉多纳在赛后批评了国家队的表现，他认为这支阿根廷队踢得很糟糕，缺乏速度，太多传中球，并且头号球星梅西缺少队友足够的支援。 
INFO: ------------------------

[ 2014-07-24T10:13:53+08:00 ] 127.0.0.1 /bidan/bieggs/bets/bets310/LID/12254
ERR: comAction _initialize...
INFO: 4 1587427 1247 全国移动2元充值卡 1400474380 
INFO: 3 1587426 1246 全国移动5元充值卡 1400474280 
INFO: 2 1587425 1245 全国移动10元充值卡 1400474190 
INFO: 1 1587424 1241 全国移动100元充值卡 1400474180 
INFO: ------------------------
ERR: loginAction _initialize...
INFO: 9 1873372 12254 0:1000,1:2000,2:20 2999991 254584154 1400474645 
INFO: ------------------------
INFO: 12254 巴西世界杯小组赛 西班牙 荷兰 06-15 02:50 1 1201 654323724 487 2 15845 532142 0 这是描述测试 
INFO: ------------------------

[ 2014-07-24T10:13:53+08:00 ] 127.0.0.1 /bidan/bieggs/result/pg310/LID/12255
ERR: comAction _initialize...
INFO: 4 1587427 1247 全国移动2元充值卡 1400474380 
INFO: 3 1587426 1246 全国移动5元充值卡 1400474280 
INFO: 2 1587425 1245 全国移动10元充值卡 1400474190 
INFO: 1 1587424 1241 全国移动100元充值卡 1400474180 
INFO: ------------------------
ERR: resultAction _initialize...

[ 2014-07-24T10:13:53+08:00 ] 127.0.0.1 /bidan/bieggs/bets/bets310/LID/12261
ERR: comAction _initialize...
INFO: 4 1587427 1247 全国移动2元充值卡 1400474380 
INFO: 3 1587426 1246 全国移动5元充值卡 1400474280 
INFO: 2 1587425 1245 全国移动10元充值卡 1400474190 
INFO: 1 1587424 1241 全国移动100元充值卡 1400474180 
INFO: ------------------------
ERR: loginAction _initialize...
INFO: 12261 巴西世界杯小组赛 巴西 墨西哥 06-18 06:00  542 2222322415 0 2 1584525 532124541 0 鏖战近120分钟，众星云集的阿根廷才在加时赛艰难的战胜平民球队瑞士，梅西在终场之前的一次妙传让迪玛利亚得分，也让萨贝拉的球队避免了一次点球大战。球王马拉多纳在赛后批评了国家队的表现，他认为这支阿根廷队踢得很糟糕，缺乏速度，太多传中球，并且头号球星梅西缺少队友足够的支鏖战近120分钟，众星云集的阿根廷才在加时赛艰难的战胜平民球队瑞士，梅西在终场之前的一次妙传让迪玛利亚得分，也让萨贝拉的球队避免了一次点球大战。球王马拉多纳在赛后批评了国家队的表现，他认为这支阿根廷队踢得很糟糕，缺乏速度，太多传中球，并且头号球星梅西缺少队友足够的支援。援。 
INFO: ------------------------

[ 2014-07-24T10:13:53+08:00 ] 127.0.0.1 /bidan/bieggs/bets/bets310/LID/12309
ERR: comAction _initialize...
INFO: 4 1587427 1247 全国移动2元充值卡 1400474380 
INFO: 3 1587426 1246 全国移动5元充值卡 1400474280 
INFO: 2 1587425 1245 全国移动10元充值卡 1400474190 
INFO: 1 1587424 1241 全国移动100元充值卡 1400474180 
INFO: ------------------------
ERR: loginAction _initialize...
INFO: 12 1873372 12309 0:1000,1:2000,2:20 25877541 2555 1400474645 
INFO: ------------------------
INFO: 12309 13/14赛季NBA季后赛 巴西 克罗地亚 06-19 02:00 1 5421 252322424 254 2 15845 0 532142 鏖战近120分钟，众星云集的阿根廷才在加时赛艰难的战胜平民球队瑞士，梅西在终场之前的一次妙传让迪玛利亚得分，也让萨贝拉的球队避免了一次点球大战。球王马拉多纳在赛后批评了国家队的表现，他认为这支阿根廷队踢得很糟糕，缺乏速度，太多传中球，并且头号球星梅西缺少队友足够的支援。 
INFO: ------------------------

[ 2014-07-24T10:13:53+08:00 ] ERR: (ThinkException) 无法加载模块:Public
[ 2014-07-24T10:13:54+08:00 ] 127.0.0.1 /bidan/bieggs/bets/bets310/LID/12253
ERR: comAction _initialize...
INFO: 4 1587427 1247 全国移动2元充值卡 1400474380 
INFO: 3 1587426 1246 全国移动5元充值卡 1400474280 
INFO: 2 1587425 1245 全国移动10元充值卡 1400474190 
INFO: 1 1587424 1241 全国移动100元充值卡 1400474180 
INFO: ------------------------
ERR: loginAction _initialize...
INFO: 10 1873372 12253 0:1000,1:2000,2:20 2587541 25845454 1400474645 
INFO: ------------------------
INFO: 12253 巴西世界杯小组赛 墨西哥 喀麦隆 06-15 02:00 0 2102 365323724 854 2 15845 532142 0 这是描述测试 
INFO: ------------------------

[ 2014-07-24T10:13:54+08:00 ] 127.0.0.1 /bidan/bieggs/bets/bets310/LID/12256
ERR: comAction _initialize...
INFO: 4 1587427 1247 全国移动2元充值卡 1400474380 
INFO: 3 1587426 1246 全国移动5元充值卡 1400474280 
INFO: 2 1587425 1245 全国移动10元充值卡 1400474190 
INFO: 1 1587424 1241 全国移动100元充值卡 1400474180 
INFO: ------------------------
ERR: loginAction _initialize...
INFO: 6 1873372 12256 0:1000,1:2000,2:20 259854 2542154 1400474645 
INFO: ------------------------
INFO: 12256 巴西世界杯小组赛 哥伦比亚 希腊 06-17 05:00 1 458 252323651 355 2 15845 532142 0 这是描述测试 
INFO: ------------------------

[ 2014-07-24T10:13:54+08:00 ] 127.0.0.1 /bidan/bieggs/result/pg310/LID/12258
ERR: comAction _initialize...
INFO: 4 1587427 1247 全国移动2元充值卡 1400474380 
INFO: 3 1587426 1246 全国移动5元充值卡 1400474280 
INFO: 2 1587425 1245 全国移动10元充值卡 1400474190 
INFO: 1 1587424 1241 全国移动100元充值卡 1400474180 
INFO: ------------------------
ERR: resultAction _initialize...

[ 2014-07-24T10:13:54+08:00 ] 127.0.0.1 /bidan/bieggs/result/pg310/LID/12310
ERR: comAction _initialize...
INFO: 4 1587427 1247 全国移动2元充值卡 1400474380 
INFO: 3 1587426 1246 全国移动5元充值卡 1400474280 
INFO: 2 1587425 1245 全国移动10元充值卡 1400474190 
INFO: 1 1587424 1241 全国移动100元充值卡 1400474180 
INFO: ------------------------
ERR: resultAction _initialize...

[ 2014-07-24T10:13:54+08:00 ] 127.0.0.1 /bidan/bieggs/result/pg310/LID/12298
ERR: comAction _initialize...
INFO: 4 1587427 1247 全国移动2元充值卡 1400474380 
INFO: 3 1587426 1246 全国移动5元充值卡 1400474280 
INFO: 2 1587425 1245 全国移动10元充值卡 1400474190 
INFO: 1 1587424 1241 全国移动100元充值卡 1400474180 
INFO: ------------------------
ERR: resultAction _initialize...

[ 2014-07-24T10:13:54+08:00 ] 127.0.0.1 /bidan/bieggs/result/pg310/LID/12256
ERR: comAction _initialize...
INFO: 4 1587427 1247 全国移动2元充值卡 1400474380 
INFO: 3 1587426 1246 全国移动5元充值卡 1400474280 
INFO: 2 1587425 1245 全国移动10元充值卡 1400474190 
INFO: 1 1587424 1241 全国移动100元充值卡 1400474180 
INFO: ------------------------
ERR: resultAction _initialize...

[ 2014-07-24T10:13:54+08:00 ] ERR: (ThinkException) 非法操作:AutoplayCase
[ 2014-07-24T10:13:54+08:00 ] ERR: (ThinkException) 缓存文件写入失败！:./App/Runtime/Cache/Home/97e8a399559a59b853226bf5ef2b77a6.php
[ 2014-07-24T10:13:54+08:00 ] ERR: (ThinkException) 非法操作:+ url_file +
[ 2014-07-24T10:13:54+08:00 ] 127.0.0.1 /bidan/bieggs/result/pg310/LID/12259
ERR: comAction _initialize...
INFO: 4 1587427 1247 全国移动2元充值卡 1400474380 
INFO: 3 1587426 1246 全国移动5元充值卡 1400474280 
INFO: 2 1587425 1245 全国移动10元充值卡 1400474190 
INFO: 1 1587424 1241 全国移动100元充值卡 1400474180 
INFO: ------------------------
ERR: resultAction _initialize...

[ 2014-07-24T10:13:54+08:00 ] ERR: (ThinkException) 缓存文件写入失败！:./App/Runtime/Cache/Home/97e8a399559a59b853226bf5ef2b77a6.php
[ 2014-07-24T10:13:54+08:00 ] 127.0.0.1 /bidan/bieggs/bets/bets310/LID/12297
ERR: comAction _initialize...
INFO: 4 1587427 1247 全国移动2元充值卡 1400474380 
INFO: 3 1587426 1246 全国移动5元充值卡 1400474280 
INFO: 2 1587425 1245 全国移动10元充值卡 1400474190 
INFO: 1 1587424 1241 全国移动100元充值卡 1400474180 
INFO: ------------------------
ERR: loginAction _initialize...
INFO: 4 1873375 12297 0:1000,1:2000,2:20 25489544 9857 1400474645 
INFO: ------------------------
INFO: 12297 巴西世界杯小组赛 英格兰 意大利 06-16 05:00 0 854 262323733 325 2 15845 0 532142 这是描述测试 
INFO: ------------------------

[ 2014-07-24T10:13:54+08:00 ] 127.0.0.1 /bidan/bieggs/bets/bets310/LID/12310
ERR: comAction _initialize...
INFO: 4 1587427 1247 全国移动2元充值卡 1400474380 
INFO: 3 1587426 1246 全国移动5元充值卡 1400474280 
INFO: 2 1587425 1245 全国移动10元充值卡 1400474190 
INFO: 1 1587424 1241 全国移动100元充值卡 1400474180 
INFO: ------------------------
ERR: loginAction _initialize...
INFO: 12310 13/14赛季NBA季后赛 热火 马刺 06-16 07:00 0 880 1016400973 368 2 15845 0 532142 这是描述测试 
INFO: ------------------------

[ 2014-07-24T10:13:54+08:00 ] 127.0.0.1 /bidan/bieggs/bets/bets310/LID/12258
ERR: comAction _initialize...
INFO: 4 1587427 1247 全国移动2元充值卡 1400474380 
INFO: 3 1587426 1246 全国移动5元充值卡 1400474280 
INFO: 2 1587425 1245 全国移动10元充值卡 1400474190 
INFO: 1 1587424 1241 全国移动100元充值卡 1400474180 
INFO: ------------------------
ERR: loginAction _initialize...
INFO: 2 1873373 12258 0:1000,1:2000,2:20 12345 555665 1400474645 
INFO: ------------------------
INFO: 12258 巴西世界杯小组赛 法国 洪都拉斯 06-18 04:00 1 874 252322233 2415 2 15845 0 532142 这是描述测试 
INFO: ------------------------

[ 2014-07-24T10:13:54+08:00 ] 127.0.0.1 /bidan/bieggs/result/pg310/LID/12297
ERR: comAction _initialize...
INFO: 4 1587427 1247 全国移动2元充值卡 1400474380 
INFO: 3 1587426 1246 全国移动5元充值卡 1400474280 
INFO: 2 1587425 1245 全国移动10元充值卡 1400474190 
INFO: 1 1587424 1241 全国移动100元充值卡 1400474180 
INFO: ------------------------
ERR: resultAction _initialize...

[ 2014-07-24T10:13:54+08:00 ] ERR: (ThinkException) 缓存文件写入失败！:./App/Runtime/Cache/Home/97e8a399559a59b853226bf5ef2b77a6.php
[ 2014-07-24T10:13:54+08:00 ] 127.0.0.1 /bidan/bieggs/bets/bets310/LID/12259
ERR: comAction _initialize...
INFO: 4 1587427 1247 全国移动2元充值卡 1400474380 
INFO: 3 1587426 1246 全国移动5元充值卡 1400474280 
INFO: 2 1587425 1245 全国移动10元充值卡 1400474190 
INFO: 1 1587424 1241 全国移动100元充值卡 1400474180 
INFO: ------------------------
ERR: loginAction _initialize...
INFO: 1 1873372 12259 0:1000,1:2000,2:20 25841 25454 1400473645 
INFO: ------------------------
INFO: 12259 巴西世界杯小组赛 瑞士 厄瓜多尔 06-18 01:00 3 452 262323344 1254 2 15845 0 532142 这是描述测试 
INFO: ------------------------

[ 2014-07-24T10:13:54+08:00 ] 127.0.0.1 /bidan/bieggs/result/pg310/LID/12257
ERR: comAction _initialize...
INFO: 4 1587427 1247 全国移动2元充值卡 1400474380 
INFO: 3 1587426 1246 全国移动5元充值卡 1400474280 
INFO: 2 1587425 1245 全国移动10元充值卡 1400474190 
INFO: 1 1587424 1241 全国移动100元充值卡 1400474180 
INFO: ------------------------
ERR: resultAction _initialize...

[ 2014-07-24T10:13:55+08:00 ] ERR: (ThinkException) 无法加载模块:static
[ 2014-07-24T10:13:55+08:00 ] ERR: (ThinkException) 非法操作:images3
[ 2014-07-24T10:13:55+08:00 ] ERR: (ThinkException) 非法操作:userTry
[ 2014-07-24T10:13:55+08:00 ] ERR: (ThinkException) 非法操作:userTry
[ 2014-07-24T10:13:55+08:00 ] ERR: (ThinkException) 非法操作:question
[ 2014-07-24T10:13:55+08:00 ] ERR: (ThinkException) 非法操作:images3
[ 2014-07-24T10:13:55+08:00 ] ERR: (ThinkException) 无法加载模块:chgNn
[ 2014-07-24T10:13:55+08:00 ] ERR: (ThinkException) 无法加载模块:Public
[ 2014-07-24T10:13:55+08:00 ] 127.0.0.1 /bidan/bieggs/glory/detail/extra1/1
ERR: comAction _initialize...
INFO: 4 1587427 1247 全国移动2元充值卡 1400474380 
INFO: 3 1587426 1246 全国移动5元充值卡 1400474280 
INFO: 2 1587425 1245 全国移动10元充值卡 1400474190 
INFO: 1 1587424 1241 全国移动100元充值卡 1400474180 
INFO: ------------------------
ERR: loginAction _initialize...

[ 2014-07-24T10:13:55+08:00 ] 127.0.0.1 /bidan/bieggs/glory/detail
ERR: comAction _initialize...
INFO: 4 1587427 1247 全国移动2元充值卡 1400474380 
INFO: 3 1587426 1246 全国移动5元充值卡 1400474280 
INFO: 2 1587425 1245 全国移动10元充值卡 1400474190 
INFO: 1 1587424 1241 全国移动100元充值卡 1400474180 
INFO: ------------------------
ERR: loginAction _initialize...

[ 2014-07-24T10:13:55+08:00 ] ERR: (ThinkException) 无法加载模块:adtask
[ 2014-07-24T10:13:56+08:00 ] ERR: (ThinkException) 无法加载模块:useraccount
[ 2014-07-24T10:13:56+08:00 ] ERR: (ThinkException) 无法加载模块:prizes
[ 2014-07-24T10:13:56+08:00 ] ERR: (ThinkException) 非法操作:useraccount
[ 2014-07-24T10:13:56+08:00 ] ERR: (ThinkException) 非法操作:prizes
[ 2014-07-24T10:13:57+08:00 ] ERR: (ThinkException) 缓存文件写入失败！:./App/Runtime/Cache/Home/97e8a399559a59b853226bf5ef2b77a6.php
[ 2014-07-24T10:13:57+08:00 ] 127.0.0.1 /bidan/bieggs/bets/bets310/LID/pg310.aspx?typeid=1
ERR: comAction _initialize...
INFO: 4 1587427 1247 全国移动2元充值卡 1400474380 
INFO: 3 1587426 1246 全国移动5元充值卡 1400474280 
INFO: 2 1587425 1245 全国移动10元充值卡 1400474190 
INFO: 1 1587424 1241 全国移动100元充值卡 1400474180 
INFO: ------------------------
ERR: loginAction _initialize...

[ 2014-07-24T10:13:57+08:00 ] ERR: (ThinkException) 缓存文件写入失败！:./App/Runtime/Cache/Home/7eceda27afd7ebce748fa10e6d9aceee.php
[ 2014-07-24T10:13:57+08:00 ] 127.0.0.1 /bidan/bieggs/result/pg310/LID/pgMy310.aspx
ERR: comAction _initialize...
INFO: 4 1587427 1247 全国移动2元充值卡 1400474380 
INFO: 3 1587426 1246 全国移动5元充值卡 1400474280 
INFO: 2 1587425 1245 全国移动10元充值卡 1400474190 
INFO: 1 1587424 1241 全国移动100元充值卡 1400474180 
INFO: ------------------------
ERR: resultAction _initialize...

[ 2014-07-24T10:13:57+08:00 ] ERR: (ThinkException) 缓存文件写入失败！:./App/Runtime/Cache/Home/7eceda27afd7ebce748fa10e6d9aceee.php
[ 2014-07-24T10:13:57+08:00 ] 127.0.0.1 /bidan/bieggs/result/pg310/LID/pg310.aspx?typeid=1
ERR: comAction _initialize...
INFO: 4 1587427 1247 全国移动2元充值卡 1400474380 
INFO: 3 1587426 1246 全国移动5元充值卡 1400474280 
INFO: 2 1587425 1245 全国移动10元充值卡 1400474190 
INFO: 1 1587424 1241 全国移动100元充值卡 1400474180 
INFO: ------------------------
ERR: resultAction _initialize...

[ 2014-07-24T10:13:57+08:00 ] ERR: (ThinkException) 缓存文件写入失败！:./App/Runtime/Cache/Home/97e8a399559a59b853226bf5ef2b77a6.php
[ 2014-07-24T10:13:57+08:00 ] ERR: (ThinkException) 缓存文件写入失败！:./App/Runtime/Cache/Home/97e8a399559a59b853226bf5ef2b77a6.php
[ 2014-07-24T10:13:57+08:00 ] ERR: (ThinkException) 非法操作:adtask
[ 2014-07-24T10:13:58+08:00 ] 127.0.0.1 /bidan/bieggs/bets/bets310/LID/pgMy310.aspx
ERR: comAction _initialize...
INFO: 4 1587427 1247 全国移动2元充值卡 1400474380 
INFO: 3 1587426 1246 全国移动5元充值卡 1400474280 
INFO: 2 1587425 1245 全国移动10元充值卡 1400474190 
INFO: 1 1587424 1241 全国移动100元充值卡 1400474180 
INFO: ------------------------
ERR: loginAction _initialize...

[ 2014-07-24T10:13:58+08:00 ] 127.0.0.1 /bidan/bieggs/result/pg310/LID/pg310Help.aspx
ERR: comAction _initialize...
INFO: 4 1587427 1247 全国移动2元充值卡 1400474380 
INFO: 3 1587426 1246 全国移动5元充值卡 1400474280 
INFO: 2 1587425 1245 全国移动10元充值卡 1400474190 
INFO: 1 1587424 1241 全国移动100元充值卡 1400474180 
INFO: ------------------------
ERR: resultAction _initialize...

[ 2014-07-24T10:32:04+08:00 ] 127.0.0.1 /bidan/bieggs/index.php
ERR: comAction _initialize...
INFO: 4 1587427 1247 全国移动2元充值卡 1400474380 
INFO: 3 1587426 1246 全国移动5元充值卡 1400474280 
INFO: 2 1587425 1245 全国移动10元充值卡 1400474190 
INFO: 1 1587424 1241 全国移动100元充值卡 1400474180 
INFO: ------------------------
INFO: 3 关于团购返利的相关公告 notice3.html 1400474280 
INFO: 2 端午狂欢，登录有奖 notice2.html 1400474199 
INFO: 1 关于用户首次兑奖的相关问题 notice1.html 1400474180 
INFO: ------------------------
INFO: 1 首冲送大礼 test.jpg 1 1400473645 0 fi_char 1400473645 
INFO: 2 第一届比特币大奖赛 test.jpg 1 1400473645 0 fi_bit 1400474056 
INFO: 3 这是测试用例 test.jpg 0 1400473645 0 fi_char 1400473645 
INFO: 4 这也是测试用例 test.jpg 0 1400473645 0 fi_bit 1400474056 
INFO: ------------------------

[ 2014-07-24T10:32:04+08:00 ] ERR: (ThinkException) 无法加载模块:inc
[ 2014-07-24T10:32:04+08:00 ] ERR: (ThinkException) 无法加载模块:Public
[ 2014-07-24T10:32:04+08:00 ] ERR: (ThinkException) 无法加载模块:Public
[ 2014-07-24T10:32:04+08:00 ] ERR: (ThinkException) 无法加载模块:Public
[ 2014-07-24T10:32:04+08:00 ] ERR: (ThinkException) 无法加载模块:Public
[ 2014-07-24T10:32:04+08:00 ] ERR: (ThinkException) 无法加载模块:Public
[ 2014-07-24T10:32:04+08:00 ] ERR: (ThinkException) 无法加载模块:Public
[ 2014-07-24T10:32:04+08:00 ] ERR: (ThinkException) 无法加载模块:Public
[ 2014-07-24T10:32:04+08:00 ] ERR: (ThinkException) 无法加载模块:Public
[ 2014-07-24T10:32:08+08:00 ] 127.0.0.1 /bidan/bieggs/index
ERR: comAction _initialize...
INFO: 4 1587427 1247 全国移动2元充值卡 1400474380 
INFO: 3 1587426 1246 全国移动5元充值卡 1400474280 
INFO: 2 1587425 1245 全国移动10元充值卡 1400474190 
INFO: 1 1587424 1241 全国移动100元充值卡 1400474180 
INFO: ------------------------
INFO: 3 关于团购返利的相关公告 notice3.html 1400474280 
INFO: 2 端午狂欢，登录有奖 notice2.html 1400474199 
INFO: 1 关于用户首次兑奖的相关问题 notice1.html 1400474180 
INFO: ------------------------
INFO: 1 首冲送大礼 test.jpg 1 1400473645 0 fi_char 1400473645 
INFO: 2 第一届比特币大奖赛 test.jpg 1 1400473645 0 fi_bit 1400474056 
INFO: 3 这是测试用例 test.jpg 0 1400473645 0 fi_char 1400473645 
INFO: 4 这也是测试用例 test.jpg 0 1400473645 0 fi_bit 1400474056 
INFO: ------------------------

[ 2014-07-24T10:32:08+08:00 ] ERR: (ThinkException) 无法加载模块:inc
[ 2014-07-24T10:32:08+08:00 ] ERR: (ThinkException) 无法加载模块:Public
[ 2014-07-24T10:32:08+08:00 ] ERR: (ThinkException) 无法加载模块:Public
[ 2014-07-24T10:32:08+08:00 ] ERR: (ThinkException) 无法加载模块:Public
[ 2014-07-24T10:32:08+08:00 ] ERR: (ThinkException) 无法加载模块:Public
[ 2014-07-24T10:32:08+08:00 ] ERR: (ThinkException) 无法加载模块:Public
[ 2014-07-24T10:32:08+08:00 ] ERR: (ThinkException) 无法加载模块:Public
[ 2014-07-24T10:32:20+08:00 ] 127.0.0.1 /bidan/bieggs/index
ERR: comAction _initialize...
INFO: 4 1587427 1247 全国移动2元充值卡 1400474380 
INFO: 3 1587426 1246 全国移动5元充值卡 1400474280 
INFO: 2 1587425 1245 全国移动10元充值卡 1400474190 
INFO: 1 1587424 1241 全国移动100元充值卡 1400474180 
INFO: ------------------------
INFO: 3 关于团购返利的相关公告 notice3.html 1400474280 
INFO: 2 端午狂欢，登录有奖 notice2.html 1400474199 
INFO: 1 关于用户首次兑奖的相关问题 notice1.html 1400474180 
INFO: ------------------------
INFO: 1 首冲送大礼 test.jpg 1 1400473645 0 fi_char 1400473645 
INFO: 2 第一届比特币大奖赛 test.jpg 1 1400473645 0 fi_bit 1400474056 
INFO: 3 这是测试用例 test.jpg 0 1400473645 0 fi_char 1400473645 
INFO: 4 这也是测试用例 test.jpg 0 1400473645 0 fi_bit 1400474056 
INFO: ------------------------

[ 2014-07-24T10:32:20+08:00 ] ERR: (ThinkException) 无法加载模块:inc
[ 2014-07-24T10:32:20+08:00 ] ERR: (ThinkException) 无法加载模块:Public
[ 2014-07-24T10:32:20+08:00 ] ERR: (ThinkException) 无法加载模块:Public
[ 2014-07-24T10:32:20+08:00 ] ERR: (ThinkException) 无法加载模块:Public
[ 2014-07-24T10:32:20+08:00 ] ERR: (ThinkException) 无法加载模块:Public
[ 2014-07-24T10:32:20+08:00 ] ERR: (ThinkException) 无法加载模块:Public
[ 2014-07-24T10:32:20+08:00 ] ERR: (ThinkException) 无法加载模块:Public
[ 2014-07-24T10:32:20+08:00 ] ERR: (ThinkException) 无法加载模块:Public
[ 2014-07-24T10:32:20+08:00 ] ERR: (ThinkException) 无法加载模块:Public
[ 2014-07-24T10:32:30+08:00 ] 127.0.0.1 /bidan/bieggs/ad
ERR: comAction _initialize...
INFO: 4 1587427 1247 全国移动2元充值卡 1400474380 
INFO: 3 1587426 1246 全国移动5元充值卡 1400474280 
INFO: 2 1587425 1245 全国移动10元充值卡 1400474190 
INFO: 1 1587424 1241 全国移动100元充值卡 1400474180 
INFO: ------------------------
ERR: adAction _initialize...
INFO: 10 1873381 博雅vv阿三 1400473445 
INFO: 9 1873380 博雅事实上实施 1400773645 
INFO: 8 1873379 博雅侧四十四 140047545 
INFO: 7 1873378 博雅测试 140047645 
INFO: 6 1873377 博雅蛋蛋 1400473545 
INFO: 5 1873376 博雅四川麻将 14004445 
INFO: 4 1873375 博雅德州扑克 140047445 
INFO: 3 1873374 博雅斗地主 1400473645 
INFO: 2 1873373 呱呱歌舞厅 1400473655 
INFO: 1 1873372 棋牌试玩江湖游 1400473645 
INFO: ------------------------
INFO: 13 新人任务赚蛋 2000 slider3.png 4 
INFO: 12 竞猜游戏竞猜赚蛋 1000 slider2.png 4 
INFO: 11 赠品试用赚蛋 7000 slider1.png 4 
INFO: ------------------------
INFO: 12 6 1244777 4294967295 
INFO: 11 5 1267014 450474180 
INFO: 10 4 12670855 20474180 
INFO: 9 3 12670855 5204180 
INFO: 8 2 17436178 5404180 
INFO: 7 1 17883278 2304180 
INFO: 6 6 12447777 4294967295 
INFO: 5 5 12670154 452474180 
INFO: 4 4 12670837 25400180 
INFO: 3 3 12670827 5200474 
INFO: 2 2 17436179 5400474 
INFO: 1 1 17883275 2300474 
INFO: ------------------------
INFO: 5 博雅四川麻将 190 tiyan.jpg 1 
INFO: 4 博雅德州扑克 360 tiyan.jpg 1 
INFO: 3 博雅斗地主 210 tiyan.jpg 1 
INFO: 2 呱呱歌舞厅 180 tiyan.jpg 1 
INFO: 1 棋牌试玩-江湖游 160 tiyan.jpg 1 
INFO: ------------------------

[ 2014-07-24T10:32:30+08:00 ] ERR: (ThinkException) 无法加载模块:Public
[ 2014-07-24T10:32:30+08:00 ] ERR: (ThinkException) 无法加载模块:Public
[ 2014-07-24T10:32:34+08:00 ] 127.0.0.1 /bidan/bieggs/ad
ERR: comAction _initialize...
INFO: 4 1587427 1247 全国移动2元充值卡 1400474380 
INFO: 3 1587426 1246 全国移动5元充值卡 1400474280 
INFO: 2 1587425 1245 全国移动10元充值卡 1400474190 
INFO: 1 1587424 1241 全国移动100元充值卡 1400474180 
INFO: ------------------------
ERR: adAction _initialize...
INFO: 10 1873381 博雅vv阿三 1400473445 
INFO: 9 1873380 博雅事实上实施 1400773645 
INFO: 8 1873379 博雅侧四十四 140047545 
INFO: 7 1873378 博雅测试 140047645 
INFO: 6 1873377 博雅蛋蛋 1400473545 
INFO: 5 1873376 博雅四川麻将 14004445 
INFO: 4 1873375 博雅德州扑克 140047445 
INFO: 3 1873374 博雅斗地主 1400473645 
INFO: 2 1873373 呱呱歌舞厅 1400473655 
INFO: 1 1873372 棋牌试玩江湖游 1400473645 
INFO: ------------------------
INFO: 13 新人任务赚蛋 2000 slider3.png 4 
INFO: 12 竞猜游戏竞猜赚蛋 1000 slider2.png 4 
INFO: 11 赠品试用赚蛋 7000 slider1.png 4 
INFO: ------------------------
INFO: 12 6 1244777 4294967295 
INFO: 11 5 1267014 450474180 
INFO: 10 4 12670855 20474180 
INFO: 9 3 12670855 5204180 
INFO: 8 2 17436178 5404180 
INFO: 7 1 17883278 2304180 
INFO: 6 6 12447777 4294967295 
INFO: 5 5 12670154 452474180 
INFO: 4 4 12670837 25400180 
INFO: 3 3 12670827 5200474 
INFO: 2 2 17436179 5400474 
INFO: 1 1 17883275 2300474 
INFO: ------------------------
INFO: 5 博雅四川麻将 190 tiyan.jpg 1 
INFO: 4 博雅德州扑克 360 tiyan.jpg 1 
INFO: 3 博雅斗地主 210 tiyan.jpg 1 
INFO: 2 呱呱歌舞厅 180 tiyan.jpg 1 
INFO: 1 棋牌试玩-江湖游 160 tiyan.jpg 1 
INFO: ------------------------

[ 2014-07-24T10:32:34+08:00 ] ERR: (ThinkException) 无法加载模块:Public
[ 2014-07-24T10:32:34+08:00 ] ERR: (ThinkException) 无法加载模块:Public
[ 2014-07-24T10:32:40+08:00 ] 127.0.0.1 /bidan/bieggs/game
ERR: comAction _initialize...
INFO: 4 1587427 1247 全国移动2元充值卡 1400474380 
INFO: 3 1587426 1246 全国移动5元充值卡 1400474280 
INFO: 2 1587425 1245 全国移动10元充值卡 1400474190 
INFO: 1 1587424 1241 全国移动100元充值卡 1400474180 
INFO: ------------------------
ERR: gameAction _initialize...
INFO: 636534 06-15 16:15  0 0 0 941.62,338.43,169.20,103.96,67.96,48.27,35.57,27.44,22.17,18.11,15.84,14.02,13.67,13.21,13.30,13.70,14.46,15.81,18.07,22.21,27.43,35.84,48.71,67.61,102.25,178.81,333.39,589.64 
INFO: 636533 06-15 16:10  5 496601 0 941.62,338.43,169.20,103.96,67.96,48.27,35.57,27.44,22.17,18.11,15.84,14.02,13.67,13.21,13.30,13.70,14.46,15.81,18.07,22.21,27.43,35.84,48.71,67.61,102.25,178.81,333.39,589.64 
INFO: 636532 06-15 16:05  15 2004850 0 941.62,338.43,169.20,103.96,67.96,48.27,35.57,27.44,22.17,18.11,15.84,14.02,13.67,13.21,13.30,13.70,14.46,15.81,18.07,22.21,27.43,35.84,48.71,67.61,102.25,178.81,333.39,589.64 
INFO: 636531 06-15 16:00  251 100961615 0 941.62,338.43,169.20,103.96,67.96,48.27,35.57,27.44,22.17,18.11,15.84,14.02,13.67,13.21,13.30,13.70,14.46,15.81,18.07,22.21,27.43,35.84,48.71,67.61,102.25,178.81,333.39,589.64 
INFO: 636530 06-15 15:55  1420 132404058 0 941.62,338.43,169.20,103.96,67.96,48.27,35.57,27.44,22.17,18.11,15.84,14.02,13.67,13.21,13.30,13.70,14.46,15.81,18.07,22.21,27.43,35.84,48.71,67.61,102.25,178.81,333.39,589.64 
INFO: 636529 06-15 15:50 051 25841 2542154545 2645 941.62,338.43,169.20,103.96,67.96,48.27,35.57,27.44,22.17,18.11,15.84,14.02,13.67,13.21,13.30,13.70,14.46,15.81,18.07,22.21,27.43,35.84,48.71,67.61,102.25,178.81,333.39,589.64 
INFO: 636528 06-15 15:45 085 24541 1545142452 5424 941.62,338.43,169.20,103.96,67.96,48.27,35.57,27.44,22.17,18.11,15.84,14.02,13.67,13.21,13.30,13.70,14.46,15.81,18.07,22.21,27.43,35.84,48.71,67.61,102.25,178.81,333.39,589.64 
INFO: 636527 06-15 15:40 597 25421 1887197365 3254 941.62,338.43,169.20,103.96,67.96,48.27,35.57,27.44,22.17,18.11,15.84,14.02,13.67,13.21,13.30,13.70,14.46,15.81,18.07,22.21,27.43,35.84,48.71,67.61,102.25,178.81,333.39,589.64 
INFO: 636526 06-15 15:35 360 25421 1257197895 2541 941.62,338.43,169.20,103.96,67.96,48.27,35.57,27.44,22.17,18.11,15.84,14.02,13.67,13.21,13.30,13.70,14.46,15.81,18.07,22.21,27.43,35.84,48.71,67.61,102.25,178.81,333.39,589.64 
INFO: 636525 06-15 15:30 439 25412 1581542895 1645 941.62,338.43,169.20,103.96,67.96,48.27,35.57,27.44,22.17,18.11,15.84,14.02,13.67,13.21,13.30,13.70,14.46,15.81,18.07,22.21,27.43,35.84,48.71,67.61,102.25,178.81,333.39,589.64 
INFO: 636524 06-15 15:25 201 85452 1589854895 2001 941.62,338.43,169.20,103.96,67.96,48.27,35.57,27.44,22.17,18.11,15.84,14.02,13.67,13.21,13.30,13.70,14.46,15.81,18.07,22.21,27.43,35.84,48.71,67.61,102.25,178.81,333.39,589.64 
INFO: 636523 06-15 15:20 608 32541 1581244515 2000 941.62,338.43,169.20,103.96,67.96,48.27,35.57,27.44,22.17,18.11,15.84,14.02,13.67,13.21,13.30,13.70,14.46,15.81,18.07,22.21,27.43,35.84,48.71,67.61,102.25,178.81,333.39,589.64 
INFO: 636522 06-15 15:15 570 24512 1585487895 2022 941.62,338.43,169.20,103.96,67.96,48.27,35.57,27.44,22.17,18.11,15.84,14.02,13.67,13.21,13.30,13.70,14.46,15.81,18.07,22.21,27.43,35.84,48.71,67.61,102.25,178.81,333.39,589.64 
INFO: 636521 06-15 15:10 970 52642 1587147895 1954 941.62,338.43,169.20,103.96,67.96,48.27,35.57,27.44,22.17,18.11,15.84,14.02,13.67,13.21,13.30,13.70,14.46,15.81,18.07,22.21,27.43,35.84,48.71,67.61,102.25,178.81,333.39,589.64 
INFO: 636520 06-15 15:05 047 49854 1587111881 1854 941.62,338.43,169.20,103.96,67.96,48.27,35.57,27.44,22.17,18.11,15.84,14.02,13.67,13.21,13.30,13.70,14.46,15.81,18.07,22.21,27.43,35.84,48.71,67.61,102.25,178.81,333.39,589.64 
INFO: 636519 06-15 15:00 527 51254 1542451881 2541 941.62,338.43,169.20,103.96,67.96,48.27,35.57,27.44,22.17,18.11,15.84,14.02,13.67,13.21,13.30,13.70,14.46,15.81,18.07,22.21,27.43,35.84,48.71,67.61,102.25,178.81,333.39,589.64 
INFO: 636518 06-15 14:55 533 53333 1787177895 2541 941.62,338.43,169.20,103.96,67.96,48.27,35.57,27.44,22.17,18.11,15.84,14.02,13.67,13.21,13.30,13.70,14.46,15.81,18.07,22.21,27.43,35.84,48.71,67.61,102.25,178.81,333.39,589.64 
INFO: 636517 06-15 14:50 817 52222 1287157895 1832 941.62,338.43,169.20,103.96,67.96,48.27,35.57,27.44,22.17,18.11,15.84,14.02,13.67,13.21,13.30,13.70,14.46,15.81,18.07,22.21,27.43,35.84,48.71,67.61,102.25,178.81,333.39,589.64 
INFO: 636516 06-15 14:45 147 51040 1787187895 1251 941.62,338.43,169.20,103.96,67.96,48.27,35.57,27.44,22.17,18.11,15.84,14.02,13.67,13.21,13.30,13.70,14.46,15.81,18.07,22.21,27.43,35.84,48.71,67.61,102.25,178.81,333.39,589.64 
INFO: 636515 06-15 14:40 868 50684 1628658328 2281 941.62,338.43,169.20,103.96,67.96,48.27,35.57,27.44,22.17,18.11,15.84,14.02,13.67,13.21,13.30,13.70,14.46,15.81,18.07,22.21,27.43,35.84,48.71,67.61,102.25,178.81,333.39,589.64 
INFO: ------------------------

