[ 2014-06-05T20:43:35+08:00 ] ERR: (ThinkException) 无法加载模块:Public
[ 2014-06-05T20:43:35+08:00 ] ERR: (ThinkException) 无法加载模块:Public
[ 2014-06-05T20:43:38+08:00 ] ERR: (ThinkException) 无法加载模块:img
[ 2014-06-05T20:43:38+08:00 ] ERR: (ThinkException) 无法加载模块:img
[ 2014-06-05T20:43:38+08:00 ] ERR: (ThinkException) 无法加载模块:img
[ 2014-06-05T20:43:38+08:00 ] ERR: (ThinkException) 无法加载模块:img
[ 2014-06-05T20:43:38+08:00 ] ERR: (ThinkException) 无法加载模块:img
[ 2014-06-05T20:43:38+08:00 ] ERR: (ThinkException) 无法加载模块:img
[ 2014-06-05T20:43:38+08:00 ] ERR: (ThinkException) 无法加载模块:img
[ 2014-06-05T20:43:38+08:00 ] ERR: (ThinkException) 无法加载模块:img
[ 2014-06-05T20:43:38+08:00 ] ERR: (ThinkException) 无法加载模块:img
[ 2014-06-05T20:43:38+08:00 ] ERR: (ThinkException) 无法加载模块:img
[ 2014-06-05T20:43:38+08:00 ] ERR: (ThinkException) 无法加载模块:img
[ 2014-06-05T20:43:38+08:00 ] ERR: (ThinkException) 无法加载模块:img
[ 2014-06-05T20:43:38+08:00 ] ERR: (ThinkException) 无法加载模块:img
[ 2014-06-05T20:43:38+08:00 ] ERR: (ThinkException) 无法加载模块:img
[ 2014-06-05T20:43:38+08:00 ] ERR: (ThinkException) 无法加载模块:img
[ 2014-06-05T20:43:38+08:00 ] ERR: (ThinkException) 无法加载模块:img
[ 2014-06-05T20:43:38+08:00 ] ERR: (ThinkException) 无法加载模块:img
[ 2014-06-05T20:43:38+08:00 ] ERR: (ThinkException) 无法加载模块:images
[ 2014-06-05T20:43:38+08:00 ] ERR: (ThinkException) 无法加载模块:Public
[ 2014-06-05T20:44:12+08:00 ] 127.0.0.1 /bidan/bieggs/index
INFO: 6 notice6 notice6.html 1400474580 
INFO: 5 notice5 notice5.html 1400474480 
INFO: 4 notice4 notice4.html 1400474380 
INFO: 3 notice3 notice3.html 1400474280 
INFO: 2 notice2 notice2.html 1400474199 
INFO: 1 notice1 notice1.html 1400474180 
INFO: ------------------------
INFO: 6 eg-6 prize6 33,560,000 1 
INFO: 5 eg-5 prize5 55,560,000 0 
INFO: 4 eg-4 prize4 3,560,000 0 
INFO: 3 eg-3 prize3 2,560,000 0 
INFO: 2 eg-2 prize2 1,560,000 0 
INFO: 1 eg-1 prize1 560,000 0 
INFO: ------------------------

[ 2014-06-05T20:44:12+08:00 ] ERR: (ThinkException) 无法加载模块:inc
[ 2014-06-05T20:44:12+08:00 ] ERR: (ThinkException) 无法加载模块:Public
[ 2014-06-05T20:44:12+08:00 ] ERR: (ThinkException) 无法加载模块:Public
[ 2014-06-05T20:44:12+08:00 ] ERR: (ThinkException) 无法加载模块:Public
[ 2014-06-05T20:44:17+08:00 ] ERR: (ThinkException) 无法加载模块:img
[ 2014-06-05T20:44:17+08:00 ] ERR: (ThinkException) 无法加载模块:img
[ 2014-06-05T20:44:17+08:00 ] ERR: (ThinkException) 无法加载模块:img
[ 2014-06-05T20:44:17+08:00 ] ERR: (ThinkException) 无法加载模块:img
[ 2014-06-05T20:44:17+08:00 ] ERR: (ThinkException) 无法加载模块:img
[ 2014-06-05T20:44:17+08:00 ] ERR: (ThinkException) 无法加载模块:img
[ 2014-06-05T20:44:17+08:00 ] ERR: (ThinkException) 无法加载模块:img
[ 2014-06-05T20:44:17+08:00 ] ERR: (ThinkException) 无法加载模块:img
[ 2014-06-05T20:44:17+08:00 ] ERR: (ThinkException) 无法加载模块:img
[ 2014-06-05T20:44:17+08:00 ] ERR: (ThinkException) 无法加载模块:img
[ 2014-06-05T20:44:17+08:00 ] ERR: (ThinkException) 无法加载模块:img
[ 2014-06-05T20:44:17+08:00 ] ERR: (ThinkException) 无法加载模块:img
[ 2014-06-05T20:44:17+08:00 ] ERR: (ThinkException) 无法加载模块:img
[ 2014-06-05T20:44:17+08:00 ] ERR: (ThinkException) 无法加载模块:img
[ 2014-06-05T20:44:17+08:00 ] ERR: (ThinkException) 无法加载模块:img
[ 2014-06-05T20:44:17+08:00 ] ERR: (ThinkException) 无法加载模块:img
[ 2014-06-05T20:44:17+08:00 ] ERR: (ThinkException) 无法加载模块:img
[ 2014-06-05T20:44:19+08:00 ] ERR: (ThinkException) 无法加载模块:Public
[ 2014-06-05T20:44:19+08:00 ] ERR: (ThinkException) 无法加载模块:Public
[ 2014-06-05T20:44:20+08:00 ] ERR: (ThinkException) 无法加载模块:Public
[ 2014-06-05T20:44:20+08:00 ] ERR: (ThinkException) 无法加载模块:Public
[ 2014-06-05T20:44:21+08:00 ] ERR: (ThinkException) 无法加载模块:Public
[ 2014-06-05T20:44:32+08:00 ] ERR: (ThinkException) 无法加载模块:Public
[ 2014-06-05T20:44:32+08:00 ] ERR: (ThinkException) 无法加载模块:Public
[ 2014-06-05T20:44:32+08:00 ] ERR: (ThinkException) 无法加载模块:Public
[ 2014-06-05T20:44:32+08:00 ] ERR: (ThinkException) 无法加载模块:Public
[ 2014-06-05T20:44:32+08:00 ] ERR: (ThinkException) 无法加载模块:Public
[ 2014-06-05T20:44:34+08:00 ] ERR: (ThinkException) 无法加载模块:ZeroClipboard
[ 2014-06-05T20:44:38+08:00 ] ERR: (ThinkException) 无法加载模块:公告详情-遨夜网 - 玩游戏 赚星星, 换奖品就在熬夜网_files
[ 2014-06-05T20:44:38+08:00 ] ERR: (ThinkException) 无法加载模块:公告详情-遨夜网 - 玩游戏 赚星星, 换奖品就在熬夜网_files
[ 2014-06-05T20:44:38+08:00 ] ERR: (ThinkException) 无法加载模块:公告详情-遨夜网 - 玩游戏 赚星星, 换奖品就在熬夜网_files
[ 2014-06-05T20:44:38+08:00 ] ERR: (ThinkException) 无法加载模块:公告详情-遨夜网 - 玩游戏 赚星星, 换奖品就在熬夜网_files
[ 2014-06-05T20:44:38+08:00 ] ERR: (ThinkException) 无法加载模块:公告详情-遨夜网 - 玩游戏 赚星星, 换奖品就在熬夜网_files
[ 2014-06-05T20:44:38+08:00 ] ERR: (ThinkException) 无法加载模块:公告详情-遨夜网 - 玩游戏 赚星星, 换奖品就在熬夜网_files
[ 2014-06-05T20:44:38+08:00 ] ERR: (ThinkException) 无法加载模块:公告详情-遨夜网 - 玩游戏 赚星星, 换奖品就在熬夜网_files
[ 2014-06-05T20:44:38+08:00 ] ERR: (ThinkException) 无法加载模块:公告详情-遨夜网 - 玩游戏 赚星星, 换奖品就在熬夜网_files
[ 2014-06-05T20:44:38+08:00 ] ERR: (ThinkException) 无法加载模块:公告详情-遨夜网 - 玩游戏 赚星星, 换奖品就在熬夜网_files
[ 2014-06-05T20:44:38+08:00 ] ERR: (ThinkException) 无法加载模块:公告详情-遨夜网 - 玩游戏 赚星星, 换奖品就在熬夜网_files
[ 2014-06-05T20:44:38+08:00 ] ERR: (ThinkException) 无法加载模块:公告详情-遨夜网 - 玩游戏 赚星星, 换奖品就在熬夜网_files
[ 2014-06-05T20:44:38+08:00 ] ERR: (ThinkException) 无法加载模块:公告详情-遨夜网 - 玩游戏 赚星星, 换奖品就在熬夜网_files
[ 2014-06-05T20:44:38+08:00 ] ERR: (ThinkException) 无法加载模块:公告详情-遨夜网 - 玩游戏 赚星星, 换奖品就在熬夜网_files
[ 2014-06-05T20:44:38+08:00 ] ERR: (ThinkException) 无法加载模块:公告详情-遨夜网 - 玩游戏 赚星星, 换奖品就在熬夜网_files
[ 2014-06-05T20:44:45+08:00 ] ERR: (ThinkException) 无法加载模块:ZeroClipboard
[ 2014-06-05T20:44:47+08:00 ] ERR: (ThinkException) 无法加载模块:Public
[ 2014-06-05T20:44:47+08:00 ] ERR: (ThinkException) 无法加载模块:Public
[ 2014-06-05T20:44:47+08:00 ] ERR: (ThinkException) 无法加载模块:Public
[ 2014-06-05T20:44:47+08:00 ] ERR: (ThinkException) 无法加载模块:Public
[ 2014-06-05T20:44:47+08:00 ] ERR: (ThinkException) 无法加载模块:Public
[ 2014-06-05T20:44:48+08:00 ] ERR: (ThinkException) 无法加载模块:Public
[ 2014-06-05T20:44:49+08:00 ] ERR: (ThinkException) 无法加载模块:Public
[ 2014-06-05T20:44:49+08:00 ] ERR: (ThinkException) 无法加载模块:Public
[ 2014-06-05T20:44:50+08:00 ] ERR: (ThinkException) 无法加载模块:Public
[ 2014-06-05T20:44:50+08:00 ] ERR: (ThinkException) 无法加载模块:Public
[ 2014-06-05T20:44:51+08:00 ] ERR: (ThinkException) 无法加载模块:img
[ 2014-06-05T20:44:51+08:00 ] ERR: (ThinkException) 无法加载模块:img
[ 2014-06-05T20:44:51+08:00 ] ERR: (ThinkException) 无法加载模块:img
[ 2014-06-05T20:44:51+08:00 ] ERR: (ThinkException) 无法加载模块:img
[ 2014-06-05T20:44:51+08:00 ] ERR: (ThinkException) 无法加载模块:img
[ 2014-06-05T20:44:51+08:00 ] ERR: (ThinkException) 无法加载模块:img
[ 2014-06-05T20:44:51+08:00 ] ERR: (ThinkException) 无法加载模块:img
[ 2014-06-05T20:44:51+08:00 ] ERR: (ThinkException) 无法加载模块:img
[ 2014-06-05T20:44:51+08:00 ] ERR: (ThinkException) 无法加载模块:img
[ 2014-06-05T20:44:51+08:00 ] ERR: (ThinkException) 无法加载模块:img
[ 2014-06-05T20:44:51+08:00 ] ERR: (ThinkException) 无法加载模块:img
[ 2014-06-05T20:44:51+08:00 ] ERR: (ThinkException) 无法加载模块:img
[ 2014-06-05T20:44:51+08:00 ] ERR: (ThinkException) 无法加载模块:img
[ 2014-06-05T20:44:51+08:00 ] ERR: (ThinkException) 无法加载模块:img
[ 2014-06-05T20:44:51+08:00 ] ERR: (ThinkException) 无法加载模块:img
[ 2014-06-05T20:44:51+08:00 ] ERR: (ThinkException) 无法加载模块:img
[ 2014-06-05T20:44:51+08:00 ] ERR: (ThinkException) 无法加载模块:img
[ 2014-06-05T20:44:52+08:00 ] ERR: (ThinkException) 无法加载模块:images
[ 2014-06-05T20:44:52+08:00 ] ERR: (ThinkException) 无法加载模块:Public
[ 2014-06-05T20:44:52+08:00 ] 127.0.0.1 /bidan/bieggs/index
INFO: 6 notice6 notice6.html 1400474580 
INFO: 5 notice5 notice5.html 1400474480 
INFO: 4 notice4 notice4.html 1400474380 
INFO: 3 notice3 notice3.html 1400474280 
INFO: 2 notice2 notice2.html 1400474199 
INFO: 1 notice1 notice1.html 1400474180 
INFO: ------------------------
INFO: 6 eg-6 prize6 33,560,000 1 
INFO: 5 eg-5 prize5 55,560,000 0 
INFO: 4 eg-4 prize4 3,560,000 0 
INFO: 3 eg-3 prize3 2,560,000 0 
INFO: 2 eg-2 prize2 1,560,000 0 
INFO: 1 eg-1 prize1 560,000 0 
INFO: ------------------------

[ 2014-06-05T20:44:52+08:00 ] ERR: (ThinkException) 无法加载模块:inc
[ 2014-06-05T20:44:52+08:00 ] ERR: (ThinkException) 无法加载模块:Public
[ 2014-06-05T20:44:52+08:00 ] ERR: (ThinkException) 无法加载模块:Public
[ 2014-06-05T20:44:52+08:00 ] ERR: (ThinkException) 无法加载模块:Public
[ 2014-06-05T20:44:57+08:00 ] ERR: (ThinkException) 无法加载模块:images
[ 2014-06-05T20:44:57+08:00 ] ERR: (ThinkException) 无法加载模块:Public
[ 2014-06-05T20:45:10+08:00 ] ERR: (ThinkException) 无法加载模块:img
[ 2014-06-05T20:45:10+08:00 ] ERR: (ThinkException) 无法加载模块:img
[ 2014-06-05T20:45:10+08:00 ] ERR: (ThinkException) 无法加载模块:img
[ 2014-06-05T20:45:10+08:00 ] ERR: (ThinkException) 无法加载模块:img
[ 2014-06-05T20:45:10+08:00 ] ERR: (ThinkException) 无法加载模块:img
[ 2014-06-05T20:45:10+08:00 ] ERR: (ThinkException) 无法加载模块:img
[ 2014-06-05T20:45:10+08:00 ] ERR: (ThinkException) 无法加载模块:img
[ 2014-06-05T20:45:10+08:00 ] ERR: (ThinkException) 无法加载模块:img
[ 2014-06-05T20:45:10+08:00 ] ERR: (ThinkException) 无法加载模块:img
[ 2014-06-05T20:45:10+08:00 ] ERR: (ThinkException) 无法加载模块:img
[ 2014-06-05T20:45:10+08:00 ] ERR: (ThinkException) 无法加载模块:img
[ 2014-06-05T20:45:10+08:00 ] ERR: (ThinkException) 无法加载模块:img
[ 2014-06-05T20:45:10+08:00 ] ERR: (ThinkException) 无法加载模块:img
[ 2014-06-05T20:45:10+08:00 ] ERR: (ThinkException) 无法加载模块:img
[ 2014-06-05T20:45:10+08:00 ] ERR: (ThinkException) 无法加载模块:img
[ 2014-06-05T20:45:10+08:00 ] ERR: (ThinkException) 无法加载模块:img
[ 2014-06-05T20:45:10+08:00 ] ERR: (ThinkException) 无法加载模块:img
[ 2014-06-05T20:45:33+08:00 ] 127.0.0.1 /bidan/bieggs/index
INFO: 6 notice6 notice6.html 1400474580 
INFO: 5 notice5 notice5.html 1400474480 
INFO: 4 notice4 notice4.html 1400474380 
INFO: 3 notice3 notice3.html 1400474280 
INFO: 2 notice2 notice2.html 1400474199 
INFO: 1 notice1 notice1.html 1400474180 
INFO: ------------------------
INFO: 6 eg-6 prize6 33,560,000 1 
INFO: 5 eg-5 prize5 55,560,000 0 
INFO: 4 eg-4 prize4 3,560,000 0 
INFO: 3 eg-3 prize3 2,560,000 0 
INFO: 2 eg-2 prize2 1,560,000 0 
INFO: 1 eg-1 prize1 560,000 0 
INFO: ------------------------

[ 2014-06-05T20:45:33+08:00 ] ERR: (ThinkException) 无法加载模块:Public
[ 2014-06-05T20:45:33+08:00 ] ERR: (ThinkException) 无法加载模块:inc
[ 2014-06-05T20:45:33+08:00 ] ERR: (ThinkException) 无法加载模块:Public
[ 2014-06-05T20:45:33+08:00 ] ERR: (ThinkException) 无法加载模块:Public
[ 2014-06-05T20:45:36+08:00 ] ERR: (ThinkException) 无法加载模块:images
[ 2014-06-05T20:45:36+08:00 ] ERR: (ThinkException) 无法加载模块:Public
