[ 2014-07-18T17:32:43+08:00 ] 127.0.0.1 /bidan/bieggs/game
ERR: comAction _initialize...
INFO: 4 1587427 1247 全国移动2元充值卡 1400474380 
INFO: 3 1587426 1246 全国移动5元充值卡 1400474280 
INFO: 2 1587425 1245 全国移动10元充值卡 1400474190 
INFO: 1 1587424 1241 全国移动100元充值卡 1400474180 
INFO: ------------------------
ERR: gameAction _initialize...
INFO: 636534 06-15 16:15  0 0 0 941.62,338.43,169.20,103.96,67.96,48.27,35.57,27.44,22.17,18.11,15.84,14.02,13.67,13.21,13.30,13.70,14.46,15.81,18.07,22.21,27.43,35.84,48.71,67.61,102.25,178.81,333.39,589.64 
INFO: 636533 06-15 16:10  5 496601 0 941.62,338.43,169.20,103.96,67.96,48.27,35.57,27.44,22.17,18.11,15.84,14.02,13.67,13.21,13.30,13.70,14.46,15.81,18.07,22.21,27.43,35.84,48.71,67.61,102.25,178.81,333.39,589.64 
INFO: 636532 06-15 16:05  15 2004850 0 941.62,338.43,169.20,103.96,67.96,48.27,35.57,27.44,22.17,18.11,15.84,14.02,13.67,13.21,13.30,13.70,14.46,15.81,18.07,22.21,27.43,35.84,48.71,67.61,102.25,178.81,333.39,589.64 
INFO: 636531 06-15 16:00  251 100961615 0 941.62,338.43,169.20,103.96,67.96,48.27,35.57,27.44,22.17,18.11,15.84,14.02,13.67,13.21,13.30,13.70,14.46,15.81,18.07,22.21,27.43,35.84,48.71,67.61,102.25,178.81,333.39,589.64 
INFO: 636530 06-15 15:55  1420 132404058 0 941.62,338.43,169.20,103.96,67.96,48.27,35.57,27.44,22.17,18.11,15.84,14.02,13.67,13.21,13.30,13.70,14.46,15.81,18.07,22.21,27.43,35.84,48.71,67.61,102.25,178.81,333.39,589.64 
INFO: 636529 06-15 15:50 051 25841 2542154545 2645 941.62,338.43,169.20,103.96,67.96,48.27,35.57,27.44,22.17,18.11,15.84,14.02,13.67,13.21,13.30,13.70,14.46,15.81,18.07,22.21,27.43,35.84,48.71,67.61,102.25,178.81,333.39,589.64 
INFO: 636528 06-15 15:45 085 24541 1545142452 5424 941.62,338.43,169.20,103.96,67.96,48.27,35.57,27.44,22.17,18.11,15.84,14.02,13.67,13.21,13.30,13.70,14.46,15.81,18.07,22.21,27.43,35.84,48.71,67.61,102.25,178.81,333.39,589.64 
INFO: 636527 06-15 15:40 597 25421 1887197365 3254 941.62,338.43,169.20,103.96,67.96,48.27,35.57,27.44,22.17,18.11,15.84,14.02,13.67,13.21,13.30,13.70,14.46,15.81,18.07,22.21,27.43,35.84,48.71,67.61,102.25,178.81,333.39,589.64 
INFO: 636526 06-15 15:35 360 25421 1257197895 2541 941.62,338.43,169.20,103.96,67.96,48.27,35.57,27.44,22.17,18.11,15.84,14.02,13.67,13.21,13.30,13.70,14.46,15.81,18.07,22.21,27.43,35.84,48.71,67.61,102.25,178.81,333.39,589.64 
INFO: 636525 06-15 15:30 439 25412 1581542895 1645 941.62,338.43,169.20,103.96,67.96,48.27,35.57,27.44,22.17,18.11,15.84,14.02,13.67,13.21,13.30,13.70,14.46,15.81,18.07,22.21,27.43,35.84,48.71,67.61,102.25,178.81,333.39,589.64 
INFO: 636524 06-15 15:25 201 85452 1589854895 2001 941.62,338.43,169.20,103.96,67.96,48.27,35.57,27.44,22.17,18.11,15.84,14.02,13.67,13.21,13.30,13.70,14.46,15.81,18.07,22.21,27.43,35.84,48.71,67.61,102.25,178.81,333.39,589.64 
INFO: 636523 06-15 15:20 608 32541 1581244515 2000 941.62,338.43,169.20,103.96,67.96,48.27,35.57,27.44,22.17,18.11,15.84,14.02,13.67,13.21,13.30,13.70,14.46,15.81,18.07,22.21,27.43,35.84,48.71,67.61,102.25,178.81,333.39,589.64 
INFO: 636522 06-15 15:15 570 24512 1585487895 2022 941.62,338.43,169.20,103.96,67.96,48.27,35.57,27.44,22.17,18.11,15.84,14.02,13.67,13.21,13.30,13.70,14.46,15.81,18.07,22.21,27.43,35.84,48.71,67.61,102.25,178.81,333.39,589.64 
INFO: 636521 06-15 15:10 970 52642 1587147895 1954 941.62,338.43,169.20,103.96,67.96,48.27,35.57,27.44,22.17,18.11,15.84,14.02,13.67,13.21,13.30,13.70,14.46,15.81,18.07,22.21,27.43,35.84,48.71,67.61,102.25,178.81,333.39,589.64 
INFO: 636520 06-15 15:05 047 49854 1587111881 1854 941.62,338.43,169.20,103.96,67.96,48.27,35.57,27.44,22.17,18.11,15.84,14.02,13.67,13.21,13.30,13.70,14.46,15.81,18.07,22.21,27.43,35.84,48.71,67.61,102.25,178.81,333.39,589.64 
INFO: 636519 06-15 15:00 527 51254 1542451881 2541 941.62,338.43,169.20,103.96,67.96,48.27,35.57,27.44,22.17,18.11,15.84,14.02,13.67,13.21,13.30,13.70,14.46,15.81,18.07,22.21,27.43,35.84,48.71,67.61,102.25,178.81,333.39,589.64 
INFO: 636518 06-15 14:55 533 53333 1787177895 2541 941.62,338.43,169.20,103.96,67.96,48.27,35.57,27.44,22.17,18.11,15.84,14.02,13.67,13.21,13.30,13.70,14.46,15.81,18.07,22.21,27.43,35.84,48.71,67.61,102.25,178.81,333.39,589.64 
INFO: 636517 06-15 14:50 817 52222 1287157895 1832 941.62,338.43,169.20,103.96,67.96,48.27,35.57,27.44,22.17,18.11,15.84,14.02,13.67,13.21,13.30,13.70,14.46,15.81,18.07,22.21,27.43,35.84,48.71,67.61,102.25,178.81,333.39,589.64 
INFO: 636516 06-15 14:45 147 51040 1787187895 1251 941.62,338.43,169.20,103.96,67.96,48.27,35.57,27.44,22.17,18.11,15.84,14.02,13.67,13.21,13.30,13.70,14.46,15.81,18.07,22.21,27.43,35.84,48.71,67.61,102.25,178.81,333.39,589.64 
INFO: 636515 06-15 14:40 868 50684 1628658328 2281 941.62,338.43,169.20,103.96,67.96,48.27,35.57,27.44,22.17,18.11,15.84,14.02,13.67,13.21,13.30,13.70,14.46,15.81,18.07,22.21,27.43,35.84,48.71,67.61,102.25,178.81,333.39,589.64 
INFO: ------------------------

[ 2014-07-18T17:32:51+08:00 ] 127.0.0.1 /bidan/bieggs/game
ERR: comAction _initialize...
INFO: 4 1587427 1247 全国移动2元充值卡 1400474380 
INFO: 3 1587426 1246 全国移动5元充值卡 1400474280 
INFO: 2 1587425 1245 全国移动10元充值卡 1400474190 
INFO: 1 1587424 1241 全国移动100元充值卡 1400474180 
INFO: ------------------------
ERR: gameAction _initialize...
INFO: 636534 06-15 16:15  0 0 0 941.62,338.43,169.20,103.96,67.96,48.27,35.57,27.44,22.17,18.11,15.84,14.02,13.67,13.21,13.30,13.70,14.46,15.81,18.07,22.21,27.43,35.84,48.71,67.61,102.25,178.81,333.39,589.64 
INFO: 636533 06-15 16:10  5 496601 0 941.62,338.43,169.20,103.96,67.96,48.27,35.57,27.44,22.17,18.11,15.84,14.02,13.67,13.21,13.30,13.70,14.46,15.81,18.07,22.21,27.43,35.84,48.71,67.61,102.25,178.81,333.39,589.64 
INFO: 636532 06-15 16:05  15 2004850 0 941.62,338.43,169.20,103.96,67.96,48.27,35.57,27.44,22.17,18.11,15.84,14.02,13.67,13.21,13.30,13.70,14.46,15.81,18.07,22.21,27.43,35.84,48.71,67.61,102.25,178.81,333.39,589.64 
INFO: 636531 06-15 16:00  251 100961615 0 941.62,338.43,169.20,103.96,67.96,48.27,35.57,27.44,22.17,18.11,15.84,14.02,13.67,13.21,13.30,13.70,14.46,15.81,18.07,22.21,27.43,35.84,48.71,67.61,102.25,178.81,333.39,589.64 
INFO: 636530 06-15 15:55  1420 132404058 0 941.62,338.43,169.20,103.96,67.96,48.27,35.57,27.44,22.17,18.11,15.84,14.02,13.67,13.21,13.30,13.70,14.46,15.81,18.07,22.21,27.43,35.84,48.71,67.61,102.25,178.81,333.39,589.64 
INFO: 636529 06-15 15:50 051 25841 2542154545 2645 941.62,338.43,169.20,103.96,67.96,48.27,35.57,27.44,22.17,18.11,15.84,14.02,13.67,13.21,13.30,13.70,14.46,15.81,18.07,22.21,27.43,35.84,48.71,67.61,102.25,178.81,333.39,589.64 
INFO: 636528 06-15 15:45 085 24541 1545142452 5424 941.62,338.43,169.20,103.96,67.96,48.27,35.57,27.44,22.17,18.11,15.84,14.02,13.67,13.21,13.30,13.70,14.46,15.81,18.07,22.21,27.43,35.84,48.71,67.61,102.25,178.81,333.39,589.64 
INFO: 636527 06-15 15:40 597 25421 1887197365 3254 941.62,338.43,169.20,103.96,67.96,48.27,35.57,27.44,22.17,18.11,15.84,14.02,13.67,13.21,13.30,13.70,14.46,15.81,18.07,22.21,27.43,35.84,48.71,67.61,102.25,178.81,333.39,589.64 
INFO: 636526 06-15 15:35 360 25421 1257197895 2541 941.62,338.43,169.20,103.96,67.96,48.27,35.57,27.44,22.17,18.11,15.84,14.02,13.67,13.21,13.30,13.70,14.46,15.81,18.07,22.21,27.43,35.84,48.71,67.61,102.25,178.81,333.39,589.64 
INFO: 636525 06-15 15:30 439 25412 1581542895 1645 941.62,338.43,169.20,103.96,67.96,48.27,35.57,27.44,22.17,18.11,15.84,14.02,13.67,13.21,13.30,13.70,14.46,15.81,18.07,22.21,27.43,35.84,48.71,67.61,102.25,178.81,333.39,589.64 
INFO: 636524 06-15 15:25 201 85452 1589854895 2001 941.62,338.43,169.20,103.96,67.96,48.27,35.57,27.44,22.17,18.11,15.84,14.02,13.67,13.21,13.30,13.70,14.46,15.81,18.07,22.21,27.43,35.84,48.71,67.61,102.25,178.81,333.39,589.64 
INFO: 636523 06-15 15:20 608 32541 1581244515 2000 941.62,338.43,169.20,103.96,67.96,48.27,35.57,27.44,22.17,18.11,15.84,14.02,13.67,13.21,13.30,13.70,14.46,15.81,18.07,22.21,27.43,35.84,48.71,67.61,102.25,178.81,333.39,589.64 
INFO: 636522 06-15 15:15 570 24512 1585487895 2022 941.62,338.43,169.20,103.96,67.96,48.27,35.57,27.44,22.17,18.11,15.84,14.02,13.67,13.21,13.30,13.70,14.46,15.81,18.07,22.21,27.43,35.84,48.71,67.61,102.25,178.81,333.39,589.64 
INFO: 636521 06-15 15:10 970 52642 1587147895 1954 941.62,338.43,169.20,103.96,67.96,48.27,35.57,27.44,22.17,18.11,15.84,14.02,13.67,13.21,13.30,13.70,14.46,15.81,18.07,22.21,27.43,35.84,48.71,67.61,102.25,178.81,333.39,589.64 
INFO: 636520 06-15 15:05 047 49854 1587111881 1854 941.62,338.43,169.20,103.96,67.96,48.27,35.57,27.44,22.17,18.11,15.84,14.02,13.67,13.21,13.30,13.70,14.46,15.81,18.07,22.21,27.43,35.84,48.71,67.61,102.25,178.81,333.39,589.64 
INFO: 636519 06-15 15:00 527 51254 1542451881 2541 941.62,338.43,169.20,103.96,67.96,48.27,35.57,27.44,22.17,18.11,15.84,14.02,13.67,13.21,13.30,13.70,14.46,15.81,18.07,22.21,27.43,35.84,48.71,67.61,102.25,178.81,333.39,589.64 
INFO: 636518 06-15 14:55 533 53333 1787177895 2541 941.62,338.43,169.20,103.96,67.96,48.27,35.57,27.44,22.17,18.11,15.84,14.02,13.67,13.21,13.30,13.70,14.46,15.81,18.07,22.21,27.43,35.84,48.71,67.61,102.25,178.81,333.39,589.64 
INFO: 636517 06-15 14:50 817 52222 1287157895 1832 941.62,338.43,169.20,103.96,67.96,48.27,35.57,27.44,22.17,18.11,15.84,14.02,13.67,13.21,13.30,13.70,14.46,15.81,18.07,22.21,27.43,35.84,48.71,67.61,102.25,178.81,333.39,589.64 
INFO: 636516 06-15 14:45 147 51040 1787187895 1251 941.62,338.43,169.20,103.96,67.96,48.27,35.57,27.44,22.17,18.11,15.84,14.02,13.67,13.21,13.30,13.70,14.46,15.81,18.07,22.21,27.43,35.84,48.71,67.61,102.25,178.81,333.39,589.64 
INFO: 636515 06-15 14:40 868 50684 1628658328 2281 941.62,338.43,169.20,103.96,67.96,48.27,35.57,27.44,22.17,18.11,15.84,14.02,13.67,13.21,13.30,13.70,14.46,15.81,18.07,22.21,27.43,35.84,48.71,67.61,102.25,178.81,333.39,589.64 
INFO: ------------------------

